13:41:22.434 [background-preinit]   [34mINFO [0;39m o.h.validator.internal.util.Version - HV000001: Hibernate Validator 6.2.0.Final
13:41:22.450 [main]                 [34mINFO [0;39m com.example.demo2.Application - Starting Application using Java 21.0.1 on My-PC with PID 6896 (D:\Java\Project IDEA\SiteForTest\target\classes started by Макс in D:\Java\Project IDEA\SiteForTest)
13:41:22.485 [main]                 [34mINFO [0;39m com.example.demo2.Application - No active profile set, falling back to default profiles: default
13:41:25.200 [main]                 [34mINFO [0;39m o.s.d.r.c.RepositoryConfigurationDelegate - Bootstrapping Spring Data JPA repositories in DEFAULT mode.
13:41:25.309 [main]                 [34mINFO [0;39m o.s.d.r.c.RepositoryConfigurationDelegate - Finished Spring Data repository scanning in 101 ms. Found 4 JPA repository interfaces.
13:41:26.183 [main]                 [34mINFO [0;39m o.s.b.w.e.tomcat.TomcatWebServer - Tomcat initialized with port(s): 8080 (http)
13:41:26.199 [main]                 [34mINFO [0;39m o.a.coyote.http11.Http11NioProtocol - Initializing ProtocolHandler ["http-nio-8080"]
13:41:26.199 [main]                 [34mINFO [0;39m o.a.catalina.core.StandardService - Starting service [Tomcat]
13:41:26.199 [main]                 [34mINFO [0;39m o.a.catalina.core.StandardEngine - Starting Servlet engine: [Apache Tomcat/9.0.46]
13:41:26.308 [main]                 [34mINFO [0;39m o.a.c.c.C.[Tomcat].[localhost].[/] - Initializing Spring embedded WebApplicationContext
13:41:26.308 [main]                 [34mINFO [0;39m o.s.b.w.s.c.ServletWebServerApplicationContext - Root WebApplicationContext: initialization completed in 3073 ms
13:41:26.464 [main]                 [34mINFO [0;39m com.zaxxer.hikari.HikariDataSource - HikariPool-1 - Starting...
13:41:26.994 [main]                 [34mINFO [0;39m com.zaxxer.hikari.HikariDataSource - HikariPool-1 - Start completed.
13:41:27.057 [main]                 [34mINFO [0;39m o.h.jpa.internal.util.LogHelper - HHH000204: Processing PersistenceUnitInfo [name: default]
13:41:27.135 [main]                 [34mINFO [0;39m org.hibernate.Version - HHH000412: Hibernate ORM core version 5.4.31.Final
13:41:27.306 [main]                 [34mINFO [0;39m o.h.annotations.common.Version - HCANN000001: Hibernate Commons Annotations {5.1.2.Final}
13:41:27.415 [main]                 [34mINFO [0;39m org.hibernate.dialect.Dialect - HHH000400: Using dialect: org.hibernate.dialect.MySQL5Dialect
13:41:28.133 [main]                 [34mINFO [0;39m o.h.e.t.j.p.i.JtaPlatformInitiator - HHH000490: Using JtaPlatform implementation: [org.hibernate.engine.transaction.jta.platform.internal.NoJtaPlatform]
13:41:28.149 [main]                 [34mINFO [0;39m o.s.o.j.LocalContainerEntityManagerFactoryBean - Initialized JPA EntityManagerFactory for persistence unit 'default'
13:41:28.741 [main]                 [31mWARN [0;39m o.s.b.a.o.j.JpaBaseConfiguration$JpaWebConfiguration - spring.jpa.open-in-view is enabled by default. Therefore, database queries may be performed during view rendering. Explicitly configure spring.jpa.open-in-view to disable this warning
13:41:28.991 [main]                 [34mINFO [0;39m o.s.b.a.w.s.WelcomePageHandlerMapping - Adding welcome page template: index
13:41:29.163 [main]                 [34mINFO [0;39m o.a.coyote.http11.Http11NioProtocol - Starting ProtocolHandler ["http-nio-8080"]
13:41:29.194 [main]                 [34mINFO [0;39m o.s.b.w.e.tomcat.TomcatWebServer - Tomcat started on port(s): 8080 (http) with context path ''
13:41:29.194 [main]                 [34mINFO [0;39m com.example.demo2.Application - Started Application in 7.7 seconds (JVM running for 8.763)
13:41:29.209 [main]                 [34mINFO [0;39m o.s.b.a.ApplicationAvailabilityBean - Application availability state LivenessState changed to CORRECT
13:41:29.209 [main]                 [34mINFO [0;39m o.s.b.a.ApplicationAvailabilityBean - Application availability state ReadinessState changed to ACCEPTING_TRAFFIC
14:10:51.943 [http-nio-8080-exec-1] [34mINFO [0;39m o.a.c.c.C.[Tomcat].[localhost].[/] - Initializing Spring DispatcherServlet 'dispatcherServlet'
14:10:51.943 [http-nio-8080-exec-1] [34mINFO [0;39m o.s.web.servlet.DispatcherServlet - Initializing Servlet 'dispatcherServlet'
14:10:51.944 [http-nio-8080-exec-1] [34mINFO [0;39m o.s.web.servlet.DispatcherServlet - Completed initialization in 1 ms
19:04:50.893 [background-preinit]   [34mINFO [0;39m o.h.validator.internal.util.Version - HV000001: Hibernate Validator 6.2.0.Final
19:04:50.893 [main]                 [34mINFO [0;39m com.example.demo2.Application - Starting Application using Java 21.0.1 on My-PC with PID 5640 (D:\Java\Project IDEA\SiteForTest\target\classes started by Макс in D:\Java\Project IDEA\SiteForTest)
19:04:50.956 [main]                 [34mINFO [0;39m com.example.demo2.Application - No active profile set, falling back to default profiles: default
19:04:53.188 [main]                 [34mINFO [0;39m o.s.d.r.c.RepositoryConfigurationDelegate - Bootstrapping Spring Data JPA repositories in DEFAULT mode.
19:04:53.375 [main]                 [34mINFO [0;39m o.s.d.r.c.RepositoryConfigurationDelegate - Finished Spring Data repository scanning in 178 ms. Found 4 JPA repository interfaces.
19:04:54.311 [main]                 [34mINFO [0;39m o.s.b.w.e.tomcat.TomcatWebServer - Tomcat initialized with port(s): 8080 (http)
19:04:54.326 [main]                 [34mINFO [0;39m o.a.coyote.http11.Http11NioProtocol - Initializing ProtocolHandler ["http-nio-8080"]
19:04:54.326 [main]                 [34mINFO [0;39m o.a.catalina.core.StandardService - Starting service [Tomcat]
19:04:54.326 [main]                 [34mINFO [0;39m o.a.catalina.core.StandardEngine - Starting Servlet engine: [Apache Tomcat/9.0.46]
19:04:54.436 [main]                 [34mINFO [0;39m o.a.c.c.C.[Tomcat].[localhost].[/] - Initializing Spring embedded WebApplicationContext
19:04:54.436 [main]                 [34mINFO [0;39m o.s.b.w.s.c.ServletWebServerApplicationContext - Root WebApplicationContext: initialization completed in 3277 ms
19:04:54.607 [main]                 [34mINFO [0;39m com.zaxxer.hikari.HikariDataSource - HikariPool-1 - Starting...
19:04:55.122 [main]                 [34mINFO [0;39m com.zaxxer.hikari.HikariDataSource - HikariPool-1 - Start completed.
19:04:55.200 [main]                 [34mINFO [0;39m o.h.jpa.internal.util.LogHelper - HHH000204: Processing PersistenceUnitInfo [name: default]
19:04:55.294 [main]                 [34mINFO [0;39m org.hibernate.Version - HHH000412: Hibernate ORM core version 5.4.31.Final
19:04:55.481 [main]                 [34mINFO [0;39m o.h.annotations.common.Version - HCANN000001: Hibernate Commons Annotations {5.1.2.Final}
19:04:55.606 [main]                 [34mINFO [0;39m org.hibernate.dialect.Dialect - HHH000400: Using dialect: org.hibernate.dialect.MySQL5Dialect
19:04:56.323 [main]                 [34mINFO [0;39m o.h.e.t.j.p.i.JtaPlatformInitiator - HHH000490: Using JtaPlatform implementation: [org.hibernate.engine.transaction.jta.platform.internal.NoJtaPlatform]
19:04:56.339 [main]                 [34mINFO [0;39m o.s.o.j.LocalContainerEntityManagerFactoryBean - Initialized JPA EntityManagerFactory for persistence unit 'default'
19:04:56.916 [main]                 [31mWARN [0;39m o.s.b.a.o.j.JpaBaseConfiguration$JpaWebConfiguration - spring.jpa.open-in-view is enabled by default. Therefore, database queries may be performed during view rendering. Explicitly configure spring.jpa.open-in-view to disable this warning
19:04:57.150 [main]                 [34mINFO [0;39m o.s.b.a.w.s.WelcomePageHandlerMapping - Adding welcome page template: index
19:04:57.290 [main]                 [34mINFO [0;39m o.a.coyote.http11.Http11NioProtocol - Starting ProtocolHandler ["http-nio-8080"]
19:04:57.306 [main]                 [34mINFO [0;39m o.s.b.w.e.tomcat.TomcatWebServer - Tomcat started on port(s): 8080 (http) with context path ''
19:04:57.322 [main]                 [34mINFO [0;39m com.example.demo2.Application - Started Application in 7.407 seconds (JVM running for 8.585)
19:04:57.322 [main]                 [34mINFO [0;39m o.s.b.a.ApplicationAvailabilityBean - Application availability state LivenessState changed to CORRECT
19:04:57.322 [main]                 [34mINFO [0;39m o.s.b.a.ApplicationAvailabilityBean - Application availability state ReadinessState changed to ACCEPTING_TRAFFIC
19:29:19.044 [http-nio-8080-exec-1] [34mINFO [0;39m o.a.c.c.C.[Tomcat].[localhost].[/] - Initializing Spring DispatcherServlet 'dispatcherServlet'
19:29:19.046 [http-nio-8080-exec-1] [34mINFO [0;39m o.s.web.servlet.DispatcherServlet - Initializing Servlet 'dispatcherServlet'
19:29:19.047 [http-nio-8080-exec-1] [34mINFO [0;39m o.s.web.servlet.DispatcherServlet - Completed initialization in 0 ms
19:46:21.470 [http-nio-8080-exec-1] [34mINFO [0;39m c.e.d.s.f.DefaultFilesInfoService - !!!message by DefaultFilesInfoService, method findAllFilesName!!!
19:50:17.512 [http-nio-8080-exec-4] [34mINFO [0;39m c.e.d.s.f.DefaultFilesInfoService - !!!message by DefaultFilesInfoService, method findAllFilesName!!!
19:55:38.569 [http-nio-8080-exec-8] [34mINFO [0;39m c.e.d.s.f.DefaultFilesInfoService - !!!message by DefaultFilesInfoService, method findAllFilesName!!!
19:58:44.783 [http-nio-8080-exec-1] [34mINFO [0;39m c.e.d.s.f.DefaultFilesInfoService - !!!message by DefaultFilesInfoService, method findAllFilesName!!!
19:59:34.932 [http-nio-8080-exec-3] [34mINFO [0;39m c.e.d.s.f.DefaultFilesInfoService - !!!message by DefaultFilesInfoService, method findAllFilesName!!!
20:02:34.323 [http-nio-8080-exec-5] [34mINFO [0;39m c.e.d.s.f.DefaultFilesInfoService - !!!message by DefaultFilesInfoService, method findAllFilesName!!!
20:04:25.895 [http-nio-8080-exec-9] [34mINFO [0;39m c.e.d.s.f.DefaultFilesInfoService - !!!message by DefaultFilesInfoService, method findAllFilesName!!!
20:05:07.037 [http-nio-8080-exec-2] [34mINFO [0;39m c.e.d.s.f.DefaultFilesInfoService - !!!message by DefaultFilesInfoService, method findAllFilesName!!!
20:11:18.616 [http-nio-8080-exec-8] [34mINFO [0;39m c.e.d.s.f.DefaultFilesInfoService - !!!message by DefaultFilesInfoService, method findAllFilesName!!!
20:12:29.846 [http-nio-8080-exec-1] [34mINFO [0;39m c.e.d.s.f.DefaultFilesInfoService - !!!message by DefaultFilesInfoService, method findAllFilesName!!!
20:30:46.903 [http-nio-8080-exec-5] [34mINFO [0;39m c.e.d.s.f.DefaultFilesInfoService - !!!message by DefaultFilesInfoService, method findAllFilesName!!!
20:31:01.240 [http-nio-8080-exec-8] [34mINFO [0;39m c.e.d.s.f.DefaultFilesInfoService - !!!message by DefaultFilesInfoService, method findAllFilesName!!!
20:36:27.269 [http-nio-8080-exec-2] [34mINFO [0;39m c.e.d.s.f.DefaultFilesInfoService - !!!message by DefaultFilesInfoService, method findAllFilesName!!!
20:36:29.468 [http-nio-8080-exec-4] [34mINFO [0;39m c.e.d.s.f.DefaultFilesInfoService - !!!message by DefaultFilesInfoService, method findAllFilesName!!!
20:37:00.419 [http-nio-8080-exec-1] [34mINFO [0;39m c.e.d.s.f.DefaultFilesInfoService - !!!message by DefaultFilesInfoService, method findAllFilesName!!!
20:37:01.104 [http-nio-8080-exec-10] [34mINFO [0;39m c.e.d.s.f.DefaultFilesInfoService - !!!message by DefaultFilesInfoService, method findAllFilesName!!!
20:37:51.708 [http-nio-8080-exec-7] [34mINFO [0;39m c.e.d.s.f.DefaultFilesInfoService - !!!message by DefaultFilesInfoService, method findAllFilesName!!!
20:37:51.842 [http-nio-8080-exec-9] [34mINFO [0;39m c.e.d.s.f.DefaultFilesInfoService - !!!message by DefaultFilesInfoService, method findAllFilesName!!!
20:42:28.751 [http-nio-8080-exec-1] [34mINFO [0;39m c.e.d.s.f.DefaultFilesInfoService - !!!message by DefaultFilesInfoService, method findAllFilesName!!!
20:42:28.913 [http-nio-8080-exec-10] [34mINFO [0;39m c.e.d.s.f.DefaultFilesInfoService - !!!message by DefaultFilesInfoService, method findAllFilesName!!!
20:44:32.785 [http-nio-8080-exec-5] [34mINFO [0;39m c.e.d.s.f.DefaultFilesInfoService - !!!message by DefaultFilesInfoService, method findAllFilesName!!!
20:44:32.931 [http-nio-8080-exec-8] [34mINFO [0;39m c.e.d.s.f.DefaultFilesInfoService - !!!message by DefaultFilesInfoService, method findAllFilesName!!!
20:44:52.893 [http-nio-8080-exec-3] [34mINFO [0;39m c.e.d.s.f.DefaultFilesInfoService - !!!message by DefaultFilesInfoService, method findAllFilesName!!!
20:44:53.043 [http-nio-8080-exec-2] [34mINFO [0;39m c.e.d.s.f.DefaultFilesInfoService - !!!message by DefaultFilesInfoService, method findAllFilesName!!!
20:44:56.186 [http-nio-8080-exec-8] [34mINFO [0;39m c.e.d.s.f.DefaultFilesInfoService - !!!message by DefaultFilesInfoService, method findAllFilesName!!!
20:44:56.339 [http-nio-8080-exec-7] [34mINFO [0;39m c.e.d.s.f.DefaultFilesInfoService - !!!message by DefaultFilesInfoService, method findAllFilesName!!!
