14:59:59.146 [background-preinit]   [34mINFO [0;39m o.h.validator.internal.util.Version - HV000001: Hibernate Validator 6.2.0.Final
14:59:59.171 [main]                 [34mINFO [0;39m com.example.demo2.Application - Starting Application using Java 21.0.1 on My-PC with PID 7124 (D:\Java\Project IDEA\SiteForTest\target\classes started by Макс in D:\Java\Project IDEA\SiteForTest)
14:59:59.176 [main]                 [34mINFO [0;39m com.example.demo2.Application - No active profile set, falling back to default profiles: default
15:00:00.426 [main]                 [34mINFO [0;39m o.s.d.r.c.RepositoryConfigurationDelegate - Bootstrapping Spring Data JPA repositories in DEFAULT mode.
15:00:00.504 [main]                 [34mINFO [0;39m o.s.d.r.c.RepositoryConfigurationDelegate - Finished Spring Data repository scanning in 70 ms. Found 4 JPA repository interfaces.
15:00:01.281 [main]                 [34mINFO [0;39m o.s.b.w.e.tomcat.TomcatWebServer - Tomcat initialized with port(s): 8080 (http)
15:00:01.297 [main]                 [34mINFO [0;39m o.a.coyote.http11.Http11NioProtocol - Initializing ProtocolHandler ["http-nio-8080"]
15:00:01.297 [main]                 [34mINFO [0;39m o.a.catalina.core.StandardService - Starting service [Tomcat]
15:00:01.297 [main]                 [34mINFO [0;39m o.a.catalina.core.StandardEngine - Starting Servlet engine: [Apache Tomcat/9.0.46]
15:00:01.407 [main]                 [34mINFO [0;39m o.a.c.c.C.[Tomcat].[localhost].[/] - Initializing Spring embedded WebApplicationContext
15:00:01.407 [main]                 [34mINFO [0;39m o.s.b.w.s.c.ServletWebServerApplicationContext - Root WebApplicationContext: initialization completed in 2074 ms
15:00:01.583 [main]                 [34mINFO [0;39m com.zaxxer.hikari.HikariDataSource - HikariPool-1 - Starting...
15:00:02.144 [main]                 [34mINFO [0;39m com.zaxxer.hikari.HikariDataSource - HikariPool-1 - Start completed.
15:00:02.205 [main]                 [34mINFO [0;39m o.h.jpa.internal.util.LogHelper - HHH000204: Processing PersistenceUnitInfo [name: default]
15:00:02.260 [main]                 [34mINFO [0;39m org.hibernate.Version - HHH000412: Hibernate ORM core version 5.4.31.Final
15:00:02.520 [main]                 [34mINFO [0;39m o.h.annotations.common.Version - HCANN000001: Hibernate Commons Annotations {5.1.2.Final}
15:00:02.681 [main]                 [34mINFO [0;39m org.hibernate.dialect.Dialect - HHH000400: Using dialect: org.hibernate.dialect.MySQL5Dialect
15:00:03.462 [main]                 [34mINFO [0;39m o.h.e.t.j.p.i.JtaPlatformInitiator - HHH000490: Using JtaPlatform implementation: [org.hibernate.engine.transaction.jta.platform.internal.NoJtaPlatform]
15:00:03.471 [main]                 [34mINFO [0;39m o.s.o.j.LocalContainerEntityManagerFactoryBean - Initialized JPA EntityManagerFactory for persistence unit 'default'
15:00:04.109 [main]                 [31mWARN [0;39m o.s.b.a.o.j.JpaBaseConfiguration$JpaWebConfiguration - spring.jpa.open-in-view is enabled by default. Therefore, database queries may be performed during view rendering. Explicitly configure spring.jpa.open-in-view to disable this warning
15:00:04.316 [main]                 [34mINFO [0;39m o.s.b.a.w.s.WelcomePageHandlerMapping - Adding welcome page template: index
15:00:04.498 [main]                 [34mINFO [0;39m o.a.coyote.http11.Http11NioProtocol - Starting ProtocolHandler ["http-nio-8080"]
15:00:04.526 [main]                 [34mINFO [0;39m o.s.b.w.e.tomcat.TomcatWebServer - Tomcat started on port(s): 8080 (http) with context path ''
15:00:04.538 [main]                 [34mINFO [0;39m com.example.demo2.Application - Started Application in 6.381 seconds (JVM running for 7.553)
15:00:04.539 [main]                 [34mINFO [0;39m o.s.b.a.ApplicationAvailabilityBean - Application availability state LivenessState changed to CORRECT
15:00:04.541 [main]                 [34mINFO [0;39m o.s.b.a.ApplicationAvailabilityBean - Application availability state ReadinessState changed to ACCEPTING_TRAFFIC
15:15:40.988 [http-nio-8080-exec-1] [34mINFO [0;39m o.a.c.c.C.[Tomcat].[localhost].[/] - Initializing Spring DispatcherServlet 'dispatcherServlet'
15:15:40.988 [http-nio-8080-exec-1] [34mINFO [0;39m o.s.web.servlet.DispatcherServlet - Initializing Servlet 'dispatcherServlet'
15:15:40.990 [http-nio-8080-exec-1] [34mINFO [0;39m o.s.web.servlet.DispatcherServlet - Completed initialization in 1 ms
15:24:20.718 [http-nio-8080-exec-7] [34mINFO [0;39m c.e.d.filter.FilterForSomeTemplates - Filter 2 for templates - /users/delete and /users/findAll. URI : /users/findAll, User Name : null
15:24:20.738 [http-nio-8080-exec-7] [34mINFO [0;39m c.e.d.s.users.DefaultUsersService - !!!message by DefaultUserService, method findAll!!!
15:31:46.648 [http-nio-8080-exec-9] [34mINFO [0;39m c.e.d.s.f.DefaultFilesInfoService - !!!message by DefaultFilesInfoService, method findAllFilesName!!!
15:31:46.810 [http-nio-8080-exec-10] [34mINFO [0;39m c.e.d.s.f.DefaultFilesInfoService - !!!message by DefaultFilesInfoService, method findAllFilesName!!!
15:31:46.935 [http-nio-8080-exec-1] [34mINFO [0;39m c.e.d.filter.FilterForSomeTemplates - Filter 2 for templates - /users/delete and /users/findAll. URI : /users/findAll, User Name : null
15:31:46.936 [http-nio-8080-exec-1] [34mINFO [0;39m c.e.d.s.users.DefaultUsersService - !!!message by DefaultUserService, method findAll!!!
15:33:28.234 [http-nio-8080-exec-4] [34mINFO [0;39m c.e.d.s.f.DefaultFilesInfoService - !!!message by DefaultFilesInfoService, method findAllFilesName!!!
15:33:28.391 [http-nio-8080-exec-6] [34mINFO [0;39m c.e.d.s.f.DefaultFilesInfoService - !!!message by DefaultFilesInfoService, method findAllFilesName!!!
15:33:28.517 [http-nio-8080-exec-5] [34mINFO [0;39m c.e.d.filter.FilterForSomeTemplates - Filter 2 for templates - /users/delete and /users/findAll. URI : /users/findAll, User Name : null
15:33:28.518 [http-nio-8080-exec-5] [34mINFO [0;39m c.e.d.s.users.DefaultUsersService - !!!message by DefaultUserService, method findAll!!!
15:36:18.351 [http-nio-8080-exec-1] [34mINFO [0;39m c.e.d.s.f.DefaultFilesInfoService - !!!message by DefaultFilesInfoService, method findAllFilesName!!!
15:36:18.498 [http-nio-8080-exec-3] [34mINFO [0;39m c.e.d.s.f.DefaultFilesInfoService - !!!message by DefaultFilesInfoService, method findAllFilesName!!!
15:46:02.206 [http-nio-8080-exec-3] [34mINFO [0;39m c.e.d.s.f.DefaultFilesInfoService - !!!message by DefaultFilesInfoService, method findAllFilesName!!!
15:46:02.358 [http-nio-8080-exec-6] [34mINFO [0;39m c.e.d.s.f.DefaultFilesInfoService - !!!message by DefaultFilesInfoService, method findAllFilesName!!!
15:46:02.479 [http-nio-8080-exec-4] [34mINFO [0;39m c.e.d.filter.FilterForSomeTemplates - Filter 2 for templates - /users/delete and /users/findAll. URI : /users/findAll, User Name : null
15:46:02.480 [http-nio-8080-exec-4] [34mINFO [0;39m c.e.d.s.users.DefaultUsersService - !!!message by DefaultUserService, method findAll!!!
16:29:24.478 [http-nio-8080-exec-8] [34mINFO [0;39m c.e.d.s.f.DefaultFilesInfoService - !!!message by DefaultFilesInfoService, method findAllFilesName!!!
16:29:24.649 [http-nio-8080-exec-10] [34mINFO [0;39m c.e.d.s.f.DefaultFilesInfoService - !!!message by DefaultFilesInfoService, method findAllFilesName!!!
16:29:24.779 [http-nio-8080-exec-9] [34mINFO [0;39m c.e.d.filter.FilterForSomeTemplates - Filter 2 for templates - /users/delete and /users/findAll. URI : /users/findAll, User Name : null
16:29:24.780 [http-nio-8080-exec-9] [34mINFO [0;39m c.e.d.s.users.DefaultUsersService - !!!message by DefaultUserService, method findAll!!!
16:29:25.255 [http-nio-8080-exec-2] [34mINFO [0;39m c.e.d.s.users.DefaultUsersService - !!!message by DefaultUserService, method findByLogin!!!
16:29:25.271 [http-nio-8080-exec-2] [34mINFO [0;39m c.e.d.s.users.DefaultUsersService - !!!message by DefaultUserService, method findByLogin!!! - NULL
16:29:25.271 [http-nio-8080-exec-2] [34mINFO [0;39m c.e.d.s.users.DefaultUsersService - !!!message by DefaultUserService, method saveUser!!!
16:29:48.149 [http-nio-8080-exec-3] [34mINFO [0;39m c.e.d.filter.FilterForSomeTemplates - Filter 2 for templates - /users/delete and /users/findAll. URI : /users/findAll, User Name : null
16:29:48.149 [http-nio-8080-exec-3] [34mINFO [0;39m c.e.d.s.users.DefaultUsersService - !!!message by DefaultUserService, method findAll!!!
16:31:04.548 [http-nio-8080-exec-4] [34mINFO [0;39m c.e.d.s.users.DefaultUsersService - !!!message by DefaultUserService, method deleteUser!!!
16:31:04.759 [http-nio-8080-exec-5] [34mINFO [0;39m c.e.d.filter.FilterForSomeTemplates - Filter 2 for templates - /users/delete and /users/findAll. URI : /users/findAll, User Name : null
16:31:04.759 [http-nio-8080-exec-5] [34mINFO [0;39m c.e.d.s.users.DefaultUsersService - !!!message by DefaultUserService, method findAll!!!
16:32:13.454 [http-nio-8080-exec-8] [34mINFO [0;39m c.e.d.s.f.DefaultFilesInfoService - !!!message by DefaultFilesInfoService, method findAllFilesName!!!
16:32:13.650 [http-nio-8080-exec-10] [34mINFO [0;39m c.e.d.s.f.DefaultFilesInfoService - !!!message by DefaultFilesInfoService, method findAllFilesName!!!
16:32:13.786 [http-nio-8080-exec-9] [34mINFO [0;39m c.e.d.filter.FilterForSomeTemplates - Filter 2 for templates - /users/delete and /users/findAll. URI : /users/findAll, User Name : null
16:32:13.787 [http-nio-8080-exec-9] [34mINFO [0;39m c.e.d.s.users.DefaultUsersService - !!!message by DefaultUserService, method findAll!!!
16:32:14.186 [http-nio-8080-exec-1] [34mINFO [0;39m c.e.d.s.users.DefaultUsersService - !!!message by DefaultUserService, method findByLogin!!!
16:32:14.188 [http-nio-8080-exec-1] [34mINFO [0;39m c.e.d.s.users.DefaultUsersService - !!!message by DefaultUserService, method findByLogin!!! - NULL
16:32:14.188 [http-nio-8080-exec-1] [34mINFO [0;39m c.e.d.s.users.DefaultUsersService - !!!message by DefaultUserService, method saveUser!!!
16:33:18.317 [http-nio-8080-exec-6] [34mINFO [0;39m c.e.d.s.f.DefaultFilesInfoService - !!!message by DefaultFilesInfoService, method findAllFilesName!!!
16:33:18.495 [http-nio-8080-exec-4] [34mINFO [0;39m c.e.d.s.f.DefaultFilesInfoService - !!!message by DefaultFilesInfoService, method findAllFilesName!!!
16:33:18.627 [http-nio-8080-exec-5] [34mINFO [0;39m c.e.d.filter.FilterForSomeTemplates - Filter 2 for templates - /users/delete and /users/findAll. URI : /users/findAll, User Name : null
16:33:18.628 [http-nio-8080-exec-5] [34mINFO [0;39m c.e.d.s.users.DefaultUsersService - !!!message by DefaultUserService, method findAll!!!
16:33:19.044 [http-nio-8080-exec-7] [34mINFO [0;39m c.e.d.s.users.DefaultUsersService - !!!message by DefaultUserService, method findByLogin!!!
16:33:19.047 [http-nio-8080-exec-7] [34mINFO [0;39m c.e.d.s.users.DefaultUsersService - !!!message by DefaultUserService, method findByLogin!!! users - Users(id=67, name=MmmName, login=MmmLogin, email=Mmm@ukr.net, universities=[University(id=69, name=null, cities=City(id=70, city=Kiev)), University(id=68, name=KPI, cities=null)])
16:33:19.047 [http-nio-8080-exec-7] [34mINFO [0;39m c.e.d.s.users.DefaultUsersService - !!!message by DefaultUserService, method findByLogin!!! usersDTO - UsersDto(id=67, name=MmmName, login=MmmLogin, email=Mmm@ukr.net, universities=[University(id=69, name=null, cities=City(id=70, city=Kiev)), University(id=68, name=KPI, cities=null)])
16:33:35.785 [http-nio-8080-exec-8] [34mINFO [0;39m c.e.d.filter.FilterForSomeTemplates - Filter 2 for templates - /users/delete and /users/findAll. URI : /users/findAll, User Name : null
16:33:35.790 [http-nio-8080-exec-8] [34mINFO [0;39m c.e.d.s.users.DefaultUsersService - !!!message by DefaultUserService, method findAll!!!
16:33:38.952 [http-nio-8080-exec-10] [34mINFO [0;39m c.e.d.s.users.DefaultUsersService - !!!message by DefaultUserService, method deleteUser!!!
16:33:39.174 [http-nio-8080-exec-9] [34mINFO [0;39m c.e.d.filter.FilterForSomeTemplates - Filter 2 for templates - /users/delete and /users/findAll. URI : /users/findAll, User Name : null
16:33:39.174 [http-nio-8080-exec-9] [34mINFO [0;39m c.e.d.s.users.DefaultUsersService - !!!message by DefaultUserService, method findAll!!!
16:33:54.416 [http-nio-8080-exec-2] [34mINFO [0;39m c.e.d.s.f.DefaultFilesInfoService - !!!message by DefaultFilesInfoService, method findAllFilesName!!!
16:33:54.592 [http-nio-8080-exec-6] [34mINFO [0;39m c.e.d.s.f.DefaultFilesInfoService - !!!message by DefaultFilesInfoService, method findAllFilesName!!!
16:33:54.726 [http-nio-8080-exec-4] [34mINFO [0;39m c.e.d.filter.FilterForSomeTemplates - Filter 2 for templates - /users/delete and /users/findAll. URI : /users/findAll, User Name : null
16:33:54.727 [http-nio-8080-exec-4] [34mINFO [0;39m c.e.d.s.users.DefaultUsersService - !!!message by DefaultUserService, method findAll!!!
16:33:55.139 [http-nio-8080-exec-5] [34mINFO [0;39m c.e.d.s.users.DefaultUsersService - !!!message by DefaultUserService, method findByLogin!!!
16:33:55.140 [http-nio-8080-exec-5] [34mINFO [0;39m c.e.d.s.users.DefaultUsersService - !!!message by DefaultUserService, method findByLogin!!! - NULL
16:33:55.141 [http-nio-8080-exec-5] [34mINFO [0;39m c.e.d.s.users.DefaultUsersService - !!!message by DefaultUserService, method saveUser!!!
16:33:56.692 [http-nio-8080-exec-7] [34mINFO [0;39m c.e.d.filter.FilterForSomeTemplates - Filter 2 for templates - /users/delete and /users/findAll. URI : /users/findAll, User Name : null
16:33:56.692 [http-nio-8080-exec-7] [34mINFO [0;39m c.e.d.s.users.DefaultUsersService - !!!message by DefaultUserService, method findAll!!!
16:35:32.031 [http-nio-8080-exec-9] [34mINFO [0;39m c.e.d.filter.FilterForSomeTemplates - Filter 2 for templates - /users/delete and /users/findAll. URI : /users/findAll, User Name : null
16:35:32.031 [http-nio-8080-exec-9] [34mINFO [0;39m c.e.d.s.users.DefaultUsersService - !!!message by DefaultUserService, method findAll!!!
16:35:33.424 [http-nio-8080-exec-1] [34mINFO [0;39m c.e.d.s.users.DefaultUsersService - !!!message by DefaultUserService, method deleteUser!!!
16:35:33.617 [http-nio-8080-exec-3] [34mINFO [0;39m c.e.d.filter.FilterForSomeTemplates - Filter 2 for templates - /users/delete and /users/findAll. URI : /users/findAll, User Name : null
16:35:33.617 [http-nio-8080-exec-3] [34mINFO [0;39m c.e.d.s.users.DefaultUsersService - !!!message by DefaultUserService, method findAll!!!
16:36:01.563 [http-nio-8080-exec-2] [34mINFO [0;39m c.e.d.s.f.DefaultFilesInfoService - !!!message by DefaultFilesInfoService, method findAllFilesName!!!
16:36:01.735 [http-nio-8080-exec-6] [34mINFO [0;39m c.e.d.s.f.DefaultFilesInfoService - !!!message by DefaultFilesInfoService, method findAllFilesName!!!
16:36:01.869 [http-nio-8080-exec-4] [34mINFO [0;39m c.e.d.filter.FilterForSomeTemplates - Filter 2 for templates - /users/delete and /users/findAll. URI : /users/findAll, User Name : null
16:36:01.869 [http-nio-8080-exec-4] [34mINFO [0;39m c.e.d.s.users.DefaultUsersService - !!!message by DefaultUserService, method findAll!!!
16:36:02.274 [http-nio-8080-exec-5] [34mINFO [0;39m c.e.d.s.users.DefaultUsersService - !!!message by DefaultUserService, method findByLogin!!!
16:36:02.276 [http-nio-8080-exec-5] [34mINFO [0;39m c.e.d.s.users.DefaultUsersService - !!!message by DefaultUserService, method findByLogin!!! - NULL
16:36:02.276 [http-nio-8080-exec-5] [34mINFO [0;39m c.e.d.s.users.DefaultUsersService - !!!message by DefaultUserService, method saveUser!!!
16:36:55.895 [http-nio-8080-exec-9] [34mINFO [0;39m c.e.d.s.f.DefaultFilesInfoService - !!!message by DefaultFilesInfoService, method findAllFilesName!!!
16:36:56.072 [http-nio-8080-exec-1] [34mINFO [0;39m c.e.d.s.f.DefaultFilesInfoService - !!!message by DefaultFilesInfoService, method findAllFilesName!!!
16:36:56.201 [http-nio-8080-exec-3] [34mINFO [0;39m c.e.d.filter.FilterForSomeTemplates - Filter 2 for templates - /users/delete and /users/findAll. URI : /users/findAll, User Name : null
16:36:56.202 [http-nio-8080-exec-3] [34mINFO [0;39m c.e.d.s.users.DefaultUsersService - !!!message by DefaultUserService, method findAll!!!
16:36:56.632 [http-nio-8080-exec-2] [34mINFO [0;39m c.e.d.s.users.DefaultUsersService - !!!message by DefaultUserService, method findByLogin!!!
16:36:56.636 [http-nio-8080-exec-2] [34mINFO [0;39m c.e.d.s.users.DefaultUsersService - !!!message by DefaultUserService, method findByLogin!!! users - Users(id=75, name=MmmName, login=MmmLogin, email=Mmm@ukr.net, universities=[University(id=77, name=null, cities=City(id=78, city=Kiev)), University(id=76, name=KPI, cities=null)])
16:36:56.636 [http-nio-8080-exec-2] [34mINFO [0;39m c.e.d.s.users.DefaultUsersService - !!!message by DefaultUserService, method findByLogin!!! usersDTO - UsersDto(id=75, name=MmmName, login=MmmLogin, email=Mmm@ukr.net, universities=[University(id=77, name=null, cities=City(id=78, city=Kiev)), University(id=76, name=KPI, cities=null)])
16:37:34.964 [http-nio-8080-exec-5] [34mINFO [0;39m c.e.d.filter.FilterForSomeTemplates - Filter 2 for templates - /users/delete and /users/findAll. URI : /users/findAll, User Name : null
16:37:34.964 [http-nio-8080-exec-5] [34mINFO [0;39m c.e.d.s.users.DefaultUsersService - !!!message by DefaultUserService, method findAll!!!
16:37:36.015 [http-nio-8080-exec-7] [34mINFO [0;39m c.e.d.s.users.DefaultUsersService - !!!message by DefaultUserService, method deleteUser!!!
16:37:36.216 [http-nio-8080-exec-8] [34mINFO [0;39m c.e.d.filter.FilterForSomeTemplates - Filter 2 for templates - /users/delete and /users/findAll. URI : /users/findAll, User Name : null
16:37:36.218 [http-nio-8080-exec-8] [34mINFO [0;39m c.e.d.s.users.DefaultUsersService - !!!message by DefaultUserService, method findAll!!!
16:37:48.016 [http-nio-8080-exec-10] [34mINFO [0;39m c.e.d.s.f.DefaultFilesInfoService - !!!message by DefaultFilesInfoService, method findAllFilesName!!!
16:37:48.194 [http-nio-8080-exec-1] [34mINFO [0;39m c.e.d.s.f.DefaultFilesInfoService - !!!message by DefaultFilesInfoService, method findAllFilesName!!!
16:37:48.325 [http-nio-8080-exec-9] [34mINFO [0;39m c.e.d.filter.FilterForSomeTemplates - Filter 2 for templates - /users/delete and /users/findAll. URI : /users/findAll, User Name : null
16:37:48.325 [http-nio-8080-exec-9] [34mINFO [0;39m c.e.d.s.users.DefaultUsersService - !!!message by DefaultUserService, method findAll!!!
16:37:48.725 [http-nio-8080-exec-3] [34mINFO [0;39m c.e.d.s.users.DefaultUsersService - !!!message by DefaultUserService, method findByLogin!!!
16:37:48.726 [http-nio-8080-exec-3] [34mINFO [0;39m c.e.d.s.users.DefaultUsersService - !!!message by DefaultUserService, method findByLogin!!! - NULL
16:37:48.727 [http-nio-8080-exec-3] [34mINFO [0;39m c.e.d.s.users.DefaultUsersService - !!!message by DefaultUserService, method saveUser!!!
16:38:27.498 [http-nio-8080-exec-4] [34mINFO [0;39m c.e.d.filter.FilterForSomeTemplates - Filter 2 for templates - /users/delete and /users/findAll. URI : /users/findAll, User Name : null
16:38:27.498 [http-nio-8080-exec-4] [34mINFO [0;39m c.e.d.s.users.DefaultUsersService - !!!message by DefaultUserService, method findAll!!!
16:38:28.483 [http-nio-8080-exec-5] [34mINFO [0;39m c.e.d.s.users.DefaultUsersService - !!!message by DefaultUserService, method deleteUser!!!
16:38:28.684 [http-nio-8080-exec-7] [34mINFO [0;39m c.e.d.filter.FilterForSomeTemplates - Filter 2 for templates - /users/delete and /users/findAll. URI : /users/findAll, User Name : null
16:38:28.685 [http-nio-8080-exec-7] [34mINFO [0;39m c.e.d.s.users.DefaultUsersService - !!!message by DefaultUserService, method findAll!!!
16:38:42.111 [http-nio-8080-exec-8] [34mINFO [0;39m c.e.d.s.f.DefaultFilesInfoService - !!!message by DefaultFilesInfoService, method findAllFilesName!!!
16:38:42.282 [http-nio-8080-exec-1] [34mINFO [0;39m c.e.d.s.f.DefaultFilesInfoService - !!!message by DefaultFilesInfoService, method findAllFilesName!!!
16:38:42.412 [http-nio-8080-exec-10] [34mINFO [0;39m c.e.d.filter.FilterForSomeTemplates - Filter 2 for templates - /users/delete and /users/findAll. URI : /users/findAll, User Name : null
16:38:42.412 [http-nio-8080-exec-10] [34mINFO [0;39m c.e.d.s.users.DefaultUsersService - !!!message by DefaultUserService, method findAll!!!
16:38:42.838 [http-nio-8080-exec-9] [34mINFO [0;39m c.e.d.s.users.DefaultUsersService - !!!message by DefaultUserService, method findByLogin!!!
16:38:42.840 [http-nio-8080-exec-9] [34mINFO [0;39m c.e.d.s.users.DefaultUsersService - !!!message by DefaultUserService, method findByLogin!!! - NULL
16:38:42.840 [http-nio-8080-exec-9] [34mINFO [0;39m c.e.d.s.users.DefaultUsersService - !!!message by DefaultUserService, method saveUser!!!
16:38:44.396 [http-nio-8080-exec-3] [34mINFO [0;39m c.e.d.filter.FilterForSomeTemplates - Filter 2 for templates - /users/delete and /users/findAll. URI : /users/findAll, User Name : null
16:38:44.397 [http-nio-8080-exec-3] [34mINFO [0;39m c.e.d.s.users.DefaultUsersService - !!!message by DefaultUserService, method findAll!!!
16:53:19.463 [http-nio-8080-exec-5] [34mINFO [0;39m c.e.d.s.f.DefaultFilesInfoService - !!!message by DefaultFilesInfoService, method findAllFilesName!!!
16:53:19.635 [http-nio-8080-exec-8] [34mINFO [0;39m c.e.d.s.f.DefaultFilesInfoService - !!!message by DefaultFilesInfoService, method findAllFilesName!!!
16:53:19.764 [http-nio-8080-exec-7] [34mINFO [0;39m c.e.d.filter.FilterForSomeTemplates - Filter 2 for templates - /users/delete and /users/findAll. URI : /users/findAll, User Name : null
16:53:19.765 [http-nio-8080-exec-7] [34mINFO [0;39m c.e.d.s.users.DefaultUsersService - !!!message by DefaultUserService, method findAll!!!
16:53:20.194 [http-nio-8080-exec-1] [34mINFO [0;39m c.e.d.s.users.DefaultUsersService - !!!message by DefaultUserService, method findByLogin!!!
16:53:20.197 [http-nio-8080-exec-1] [34mINFO [0;39m c.e.d.s.users.DefaultUsersService - !!!message by DefaultUserService, method findByLogin!!! users - Users(id=83, name=MmmName, login=MmmLogin, email=Mmm@ukr.net, universities=[University(id=85, name=null, cities=City(id=86, city=Kiev)), University(id=84, name=KPI, cities=null)])
16:53:20.197 [http-nio-8080-exec-1] [34mINFO [0;39m c.e.d.s.users.DefaultUsersService - !!!message by DefaultUserService, method findByLogin!!! usersDTO - UsersDto(id=83, name=MmmName, login=MmmLogin, email=Mmm@ukr.net, universities=[University(id=85, name=null, cities=City(id=86, city=Kiev)), University(id=84, name=KPI, cities=null)])
16:53:22.206 [http-nio-8080-exec-10] [34mINFO [0;39m c.e.d.filter.FilterForSomeTemplates - Filter 2 for templates - /users/delete and /users/findAll. URI : /users/findAll, User Name : null
16:53:22.207 [http-nio-8080-exec-10] [34mINFO [0;39m c.e.d.s.users.DefaultUsersService - !!!message by DefaultUserService, method findAll!!!
16:53:26.680 [http-nio-8080-exec-6] [34mINFO [0;39m c.e.d.filter.FilterForSomeTemplates - Filter 2 for templates - /users/delete and /users/findAll. URI : /users/findAll, User Name : null
16:53:26.680 [http-nio-8080-exec-6] [34mINFO [0;39m c.e.d.s.users.DefaultUsersService - !!!message by DefaultUserService, method findAll!!!
16:53:27.842 [http-nio-8080-exec-2] [34mINFO [0;39m c.e.d.s.users.DefaultUsersService - !!!message by DefaultUserService, method deleteUser!!!
16:53:28.043 [http-nio-8080-exec-4] [34mINFO [0;39m c.e.d.filter.FilterForSomeTemplates - Filter 2 for templates - /users/delete and /users/findAll. URI : /users/findAll, User Name : null
16:53:28.044 [http-nio-8080-exec-4] [34mINFO [0;39m c.e.d.s.users.DefaultUsersService - !!!message by DefaultUserService, method findAll!!!
16:53:39.087 [http-nio-8080-exec-5] [34mINFO [0;39m c.e.d.s.f.DefaultFilesInfoService - !!!message by DefaultFilesInfoService, method findAllFilesName!!!
16:53:39.257 [http-nio-8080-exec-8] [34mINFO [0;39m c.e.d.s.f.DefaultFilesInfoService - !!!message by DefaultFilesInfoService, method findAllFilesName!!!
16:53:39.388 [http-nio-8080-exec-7] [34mINFO [0;39m c.e.d.filter.FilterForSomeTemplates - Filter 2 for templates - /users/delete and /users/findAll. URI : /users/findAll, User Name : null
16:53:39.389 [http-nio-8080-exec-7] [34mINFO [0;39m c.e.d.s.users.DefaultUsersService - !!!message by DefaultUserService, method findAll!!!
16:53:39.798 [http-nio-8080-exec-1] [34mINFO [0;39m c.e.d.s.users.DefaultUsersService - !!!message by DefaultUserService, method findByLogin!!!
16:53:39.800 [http-nio-8080-exec-1] [34mINFO [0;39m c.e.d.s.users.DefaultUsersService - !!!message by DefaultUserService, method findByLogin!!! - NULL
16:53:39.800 [http-nio-8080-exec-1] [34mINFO [0;39m c.e.d.s.users.DefaultUsersService - !!!message by DefaultUserService, method saveUser!!!
16:53:41.356 [http-nio-8080-exec-10] [34mINFO [0;39m c.e.d.filter.FilterForSomeTemplates - Filter 2 for templates - /users/delete and /users/findAll. URI : /users/findAll, User Name : null
16:53:41.357 [http-nio-8080-exec-10] [34mINFO [0;39m c.e.d.s.users.DefaultUsersService - !!!message by DefaultUserService, method findAll!!!
16:55:54.814 [http-nio-8080-exec-2] [34mINFO [0;39m c.e.d.filter.FilterForSomeTemplates - Filter 2 for templates - /users/delete and /users/findAll. URI : /users/findAll, User Name : null
16:55:54.830 [http-nio-8080-exec-2] [34mINFO [0;39m c.e.d.s.users.DefaultUsersService - !!!message by DefaultUserService, method findAll!!!
16:55:55.730 [http-nio-8080-exec-4] [34mINFO [0;39m c.e.d.s.users.DefaultUsersService - !!!message by DefaultUserService, method deleteUser!!!
16:55:55.934 [http-nio-8080-exec-5] [34mINFO [0;39m c.e.d.filter.FilterForSomeTemplates - Filter 2 for templates - /users/delete and /users/findAll. URI : /users/findAll, User Name : null
16:55:55.936 [http-nio-8080-exec-5] [34mINFO [0;39m c.e.d.s.users.DefaultUsersService - !!!message by DefaultUserService, method findAll!!!
16:56:09.249 [http-nio-8080-exec-8] [34mINFO [0;39m c.e.d.s.f.DefaultFilesInfoService - !!!message by DefaultFilesInfoService, method findAllFilesName!!!
16:56:09.422 [http-nio-8080-exec-7] [34mINFO [0;39m c.e.d.s.f.DefaultFilesInfoService - !!!message by DefaultFilesInfoService, method findAllFilesName!!!
16:56:09.553 [http-nio-8080-exec-1] [34mINFO [0;39m c.e.d.filter.FilterForSomeTemplates - Filter 2 for templates - /users/delete and /users/findAll. URI : /users/findAll, User Name : null
16:56:09.554 [http-nio-8080-exec-1] [34mINFO [0;39m c.e.d.s.users.DefaultUsersService - !!!message by DefaultUserService, method findAll!!!
16:56:09.952 [http-nio-8080-exec-10] [34mINFO [0;39m c.e.d.s.users.DefaultUsersService - !!!message by DefaultUserService, method findByLogin!!!
16:56:09.954 [http-nio-8080-exec-10] [34mINFO [0;39m c.e.d.s.users.DefaultUsersService - !!!message by DefaultUserService, method findByLogin!!! - NULL
16:56:09.955 [http-nio-8080-exec-10] [34mINFO [0;39m c.e.d.s.users.DefaultUsersService - !!!message by DefaultUserService, method saveUser!!!
16:56:11.510 [http-nio-8080-exec-9] [34mINFO [0;39m c.e.d.filter.FilterForSomeTemplates - Filter 2 for templates - /users/delete and /users/findAll. URI : /users/findAll, User Name : null
16:56:11.511 [http-nio-8080-exec-9] [34mINFO [0;39m c.e.d.s.users.DefaultUsersService - !!!message by DefaultUserService, method findAll!!!
17:01:33.148 [http-nio-8080-exec-4] [34mINFO [0;39m c.e.d.filter.FilterForSomeTemplates - Filter 2 for templates - /users/delete and /users/findAll. URI : /users/findAll, User Name : null
17:01:33.148 [http-nio-8080-exec-4] [34mINFO [0;39m c.e.d.s.users.DefaultUsersService - !!!message by DefaultUserService, method findAll!!!
17:01:40.843 [http-nio-8080-exec-5] [34mINFO [0;39m c.e.d.s.users.DefaultUsersService - !!!message by DefaultUserService, method findByLogin!!!
17:01:40.853 [http-nio-8080-exec-5] [34mINFO [0;39m c.e.d.s.users.DefaultUsersService - !!!message by DefaultUserService, method findByLogin!!! users - Users(id=3, name=Max, login=max, email=max@ukr.net, universities=[University(id=4, name=KPI, cities=null), University(id=5, name=null, cities=City(id=6, city=Kiev))])
17:01:40.853 [http-nio-8080-exec-5] [34mINFO [0;39m c.e.d.s.users.DefaultUsersService - !!!message by DefaultUserService, method findByLogin!!! usersDTO - UsersDto(id=3, name=Max, login=max, email=max@ukr.net, universities=[University(id=4, name=KPI, cities=null), University(id=5, name=null, cities=City(id=6, city=Kiev))])
17:01:43.027 [http-nio-8080-exec-8] [34mINFO [0;39m c.e.d.s.users.DefaultUsersService - !!!message by DefaultUserService, method findByLogin!!!
17:01:43.027 [http-nio-8080-exec-8] [34mINFO [0;39m c.e.d.s.users.DefaultUsersService - !!!message by DefaultUserService, method findByLogin!!! users - Users(id=3, name=Max, login=max, email=max@ukr.net, universities=[University(id=4, name=KPI, cities=null), University(id=5, name=null, cities=City(id=6, city=Kiev))])
17:01:43.027 [http-nio-8080-exec-8] [34mINFO [0;39m c.e.d.s.users.DefaultUsersService - !!!message by DefaultUserService, method findByLogin!!! usersDTO - UsersDto(id=3, name=Max, login=max, email=max@ukr.net, universities=[University(id=4, name=KPI, cities=null), University(id=5, name=null, cities=City(id=6, city=Kiev))])
17:02:03.977 [http-nio-8080-exec-1] [34mINFO [0;39m c.e.d.s.users.DefaultUsersService - !!!message by DefaultUserService, method findByLogin!!!
17:02:03.977 [http-nio-8080-exec-1] [34mINFO [0;39m c.e.d.s.users.DefaultUsersService - !!!message by DefaultUserService, method findByLogin!!! users - Users(id=3, name=Max, login=max, email=max@ukr.net, universities=[University(id=4, name=KPI, cities=null), University(id=5, name=null, cities=City(id=6, city=Kiev))])
17:02:03.977 [http-nio-8080-exec-1] [34mINFO [0;39m c.e.d.s.users.DefaultUsersService - !!!message by DefaultUserService, method findByLogin!!! usersDTO - UsersDto(id=3, name=Max, login=max, email=max@ukr.net, universities=[University(id=4, name=KPI, cities=null), University(id=5, name=null, cities=City(id=6, city=Kiev))])
17:02:06.808 [http-nio-8080-exec-10] [34mINFO [0;39m c.e.d.s.users.DefaultUsersService - !!!message by DefaultUserService, method findByLogin!!!
17:02:06.823 [http-nio-8080-exec-10] [34mINFO [0;39m c.e.d.s.users.DefaultUsersService - !!!message by DefaultUserService, method findByLogin!!! users - Users(id=3, name=Max, login=max, email=max@ukr.net, universities=[University(id=4, name=KPI, cities=null), University(id=5, name=null, cities=City(id=6, city=Kiev))])
17:02:06.823 [http-nio-8080-exec-10] [34mINFO [0;39m c.e.d.s.users.DefaultUsersService - !!!message by DefaultUserService, method findByLogin!!! usersDTO - UsersDto(id=3, name=Max, login=max, email=max@ukr.net, universities=[University(id=4, name=KPI, cities=null), University(id=5, name=null, cities=City(id=6, city=Kiev))])
17:02:07.776 [http-nio-8080-exec-9] [34mINFO [0;39m c.e.d.s.users.DefaultUsersService - !!!message by DefaultUserService, method findByLogin!!!
17:02:07.776 [http-nio-8080-exec-9] [34mINFO [0;39m c.e.d.s.users.DefaultUsersService - !!!message by DefaultUserService, method findByLogin!!! users - Users(id=3, name=Max, login=max, email=max@ukr.net, universities=[University(id=4, name=KPI, cities=null), University(id=5, name=null, cities=City(id=6, city=Kiev))])
17:02:07.776 [http-nio-8080-exec-9] [34mINFO [0;39m c.e.d.s.users.DefaultUsersService - !!!message by DefaultUserService, method findByLogin!!! usersDTO - UsersDto(id=3, name=Max, login=max, email=max@ukr.net, universities=[University(id=4, name=KPI, cities=null), University(id=5, name=null, cities=City(id=6, city=Kiev))])
17:02:08.858 [http-nio-8080-exec-6] [34mINFO [0;39m c.e.d.s.users.DefaultUsersService - !!!message by DefaultUserService, method findByLogin!!!
17:02:08.858 [http-nio-8080-exec-6] [34mINFO [0;39m c.e.d.s.users.DefaultUsersService - !!!message by DefaultUserService, method findByLogin!!! users - Users(id=3, name=Max, login=max, email=max@ukr.net, universities=[University(id=4, name=KPI, cities=null), University(id=5, name=null, cities=City(id=6, city=Kiev))])
17:02:08.858 [http-nio-8080-exec-6] [34mINFO [0;39m c.e.d.s.users.DefaultUsersService - !!!message by DefaultUserService, method findByLogin!!! usersDTO - UsersDto(id=3, name=Max, login=max, email=max@ukr.net, universities=[University(id=4, name=KPI, cities=null), University(id=5, name=null, cities=City(id=6, city=Kiev))])
17:02:11.527 [http-nio-8080-exec-3] [34mINFO [0;39m c.e.d.s.users.DefaultUsersService - !!!message by DefaultUserService, method findByLogin!!!
17:02:11.543 [http-nio-8080-exec-3] [34mINFO [0;39m c.e.d.s.users.DefaultUsersService - !!!message by DefaultUserService, method findByLogin!!! users - Users(id=3, name=Max, login=max, email=max@ukr.net, universities=[University(id=4, name=KPI, cities=null), University(id=5, name=null, cities=City(id=6, city=Kiev))])
17:02:11.543 [http-nio-8080-exec-3] [34mINFO [0;39m c.e.d.s.users.DefaultUsersService - !!!message by DefaultUserService, method findByLogin!!! usersDTO - UsersDto(id=3, name=Max, login=max, email=max@ukr.net, universities=[University(id=4, name=KPI, cities=null), University(id=5, name=null, cities=City(id=6, city=Kiev))])
17:02:12.793 [http-nio-8080-exec-2] [34mINFO [0;39m c.e.d.s.users.DefaultUsersService - !!!message by DefaultUserService, method findByLogin!!!
17:02:12.793 [http-nio-8080-exec-2] [34mINFO [0;39m c.e.d.s.users.DefaultUsersService - !!!message by DefaultUserService, method findByLogin!!! users - Users(id=3, name=Max, login=max, email=max@ukr.net, universities=[University(id=4, name=KPI, cities=null), University(id=5, name=null, cities=City(id=6, city=Kiev))])
17:02:12.793 [http-nio-8080-exec-2] [34mINFO [0;39m c.e.d.s.users.DefaultUsersService - !!!message by DefaultUserService, method findByLogin!!! usersDTO - UsersDto(id=3, name=Max, login=max, email=max@ukr.net, universities=[University(id=4, name=KPI, cities=null), University(id=5, name=null, cities=City(id=6, city=Kiev))])
17:02:13.228 [http-nio-8080-exec-4] [34mINFO [0;39m c.e.d.s.users.DefaultUsersService - !!!message by DefaultUserService, method findByLogin!!!
17:02:13.228 [http-nio-8080-exec-4] [34mINFO [0;39m c.e.d.s.users.DefaultUsersService - !!!message by DefaultUserService, method findByLogin!!! users - Users(id=3, name=Max, login=max, email=max@ukr.net, universities=[University(id=4, name=KPI, cities=null), University(id=5, name=null, cities=City(id=6, city=Kiev))])
17:02:13.228 [http-nio-8080-exec-4] [34mINFO [0;39m c.e.d.s.users.DefaultUsersService - !!!message by DefaultUserService, method findByLogin!!! usersDTO - UsersDto(id=3, name=Max, login=max, email=max@ukr.net, universities=[University(id=4, name=KPI, cities=null), University(id=5, name=null, cities=City(id=6, city=Kiev))])
17:02:13.660 [http-nio-8080-exec-5] [34mINFO [0;39m c.e.d.s.users.DefaultUsersService - !!!message by DefaultUserService, method findByLogin!!!
17:02:13.675 [http-nio-8080-exec-5] [34mINFO [0;39m c.e.d.s.users.DefaultUsersService - !!!message by DefaultUserService, method findByLogin!!! users - Users(id=3, name=Max, login=max, email=max@ukr.net, universities=[University(id=4, name=KPI, cities=null), University(id=5, name=null, cities=City(id=6, city=Kiev))])
17:02:13.675 [http-nio-8080-exec-5] [34mINFO [0;39m c.e.d.s.users.DefaultUsersService - !!!message by DefaultUserService, method findByLogin!!! usersDTO - UsersDto(id=3, name=Max, login=max, email=max@ukr.net, universities=[University(id=4, name=KPI, cities=null), University(id=5, name=null, cities=City(id=6, city=Kiev))])
17:02:20.723 [http-nio-8080-exec-8] [34mINFO [0;39m c.e.d.s.users.DefaultUsersService - !!!message by DefaultUserService, method findByLogin!!!
17:02:20.723 [http-nio-8080-exec-8] [34mINFO [0;39m c.e.d.s.users.DefaultUsersService - !!!message by DefaultUserService, method findByLogin!!! users - Users(id=3, name=Max, login=max, email=max@ukr.net, universities=[University(id=4, name=KPI, cities=null), University(id=5, name=null, cities=City(id=6, city=Kiev))])
17:02:20.723 [http-nio-8080-exec-8] [34mINFO [0;39m c.e.d.s.users.DefaultUsersService - !!!message by DefaultUserService, method findByLogin!!! usersDTO - UsersDto(id=3, name=Max, login=max, email=max@ukr.net, universities=[University(id=4, name=KPI, cities=null), University(id=5, name=null, cities=City(id=6, city=Kiev))])
17:02:21.337 [http-nio-8080-exec-7] [34mINFO [0;39m c.e.d.s.users.DefaultUsersService - !!!message by DefaultUserService, method findByLogin!!!
17:02:21.337 [http-nio-8080-exec-7] [34mINFO [0;39m c.e.d.s.users.DefaultUsersService - !!!message by DefaultUserService, method findByLogin!!! users - Users(id=3, name=Max, login=max, email=max@ukr.net, universities=[University(id=4, name=KPI, cities=null), University(id=5, name=null, cities=City(id=6, city=Kiev))])
17:02:21.337 [http-nio-8080-exec-7] [34mINFO [0;39m c.e.d.s.users.DefaultUsersService - !!!message by DefaultUserService, method findByLogin!!! usersDTO - UsersDto(id=3, name=Max, login=max, email=max@ukr.net, universities=[University(id=4, name=KPI, cities=null), University(id=5, name=null, cities=City(id=6, city=Kiev))])
17:02:21.925 [http-nio-8080-exec-1] [34mINFO [0;39m c.e.d.s.users.DefaultUsersService - !!!message by DefaultUserService, method findByLogin!!!
17:02:21.941 [http-nio-8080-exec-1] [34mINFO [0;39m c.e.d.s.users.DefaultUsersService - !!!message by DefaultUserService, method findByLogin!!! users - Users(id=3, name=Max, login=max, email=max@ukr.net, universities=[University(id=4, name=KPI, cities=null), University(id=5, name=null, cities=City(id=6, city=Kiev))])
17:02:21.941 [http-nio-8080-exec-1] [34mINFO [0;39m c.e.d.s.users.DefaultUsersService - !!!message by DefaultUserService, method findByLogin!!! usersDTO - UsersDto(id=3, name=Max, login=max, email=max@ukr.net, universities=[University(id=4, name=KPI, cities=null), University(id=5, name=null, cities=City(id=6, city=Kiev))])
17:02:22.211 [http-nio-8080-exec-10] [34mINFO [0;39m c.e.d.s.users.DefaultUsersService - !!!message by DefaultUserService, method findByLogin!!!
17:02:22.211 [http-nio-8080-exec-10] [34mINFO [0;39m c.e.d.s.users.DefaultUsersService - !!!message by DefaultUserService, method findByLogin!!! users - Users(id=3, name=Max, login=max, email=max@ukr.net, universities=[University(id=4, name=KPI, cities=null), University(id=5, name=null, cities=City(id=6, city=Kiev))])
17:02:22.211 [http-nio-8080-exec-10] [34mINFO [0;39m c.e.d.s.users.DefaultUsersService - !!!message by DefaultUserService, method findByLogin!!! usersDTO - UsersDto(id=3, name=Max, login=max, email=max@ukr.net, universities=[University(id=4, name=KPI, cities=null), University(id=5, name=null, cities=City(id=6, city=Kiev))])
17:02:22.429 [http-nio-8080-exec-9] [34mINFO [0;39m c.e.d.s.users.DefaultUsersService - !!!message by DefaultUserService, method findByLogin!!!
17:02:22.445 [http-nio-8080-exec-9] [34mINFO [0;39m c.e.d.s.users.DefaultUsersService - !!!message by DefaultUserService, method findByLogin!!! users - Users(id=3, name=Max, login=max, email=max@ukr.net, universities=[University(id=4, name=KPI, cities=null), University(id=5, name=null, cities=City(id=6, city=Kiev))])
17:02:22.445 [http-nio-8080-exec-9] [34mINFO [0;39m c.e.d.s.users.DefaultUsersService - !!!message by DefaultUserService, method findByLogin!!! usersDTO - UsersDto(id=3, name=Max, login=max, email=max@ukr.net, universities=[University(id=4, name=KPI, cities=null), University(id=5, name=null, cities=City(id=6, city=Kiev))])
17:02:22.662 [http-nio-8080-exec-6] [34mINFO [0;39m c.e.d.s.users.DefaultUsersService - !!!message by DefaultUserService, method findByLogin!!!
17:02:22.662 [http-nio-8080-exec-6] [34mINFO [0;39m c.e.d.s.users.DefaultUsersService - !!!message by DefaultUserService, method findByLogin!!! users - Users(id=3, name=Max, login=max, email=max@ukr.net, universities=[University(id=4, name=KPI, cities=null), University(id=5, name=null, cities=City(id=6, city=Kiev))])
17:02:22.662 [http-nio-8080-exec-6] [34mINFO [0;39m c.e.d.s.users.DefaultUsersService - !!!message by DefaultUserService, method findByLogin!!! usersDTO - UsersDto(id=3, name=Max, login=max, email=max@ukr.net, universities=[University(id=4, name=KPI, cities=null), University(id=5, name=null, cities=City(id=6, city=Kiev))])
17:02:22.860 [http-nio-8080-exec-3] [34mINFO [0;39m c.e.d.s.users.DefaultUsersService - !!!message by DefaultUserService, method findByLogin!!!
17:02:22.860 [http-nio-8080-exec-3] [34mINFO [0;39m c.e.d.s.users.DefaultUsersService - !!!message by DefaultUserService, method findByLogin!!! users - Users(id=3, name=Max, login=max, email=max@ukr.net, universities=[University(id=4, name=KPI, cities=null), University(id=5, name=null, cities=City(id=6, city=Kiev))])
17:02:22.860 [http-nio-8080-exec-3] [34mINFO [0;39m c.e.d.s.users.DefaultUsersService - !!!message by DefaultUserService, method findByLogin!!! usersDTO - UsersDto(id=3, name=Max, login=max, email=max@ukr.net, universities=[University(id=4, name=KPI, cities=null), University(id=5, name=null, cities=City(id=6, city=Kiev))])
17:03:10.634 [http-nio-8080-exec-4] [34mINFO [0;39m c.e.d.s.users.DefaultUsersService - !!!message by DefaultUserService, method findByLogin!!!
17:03:10.637 [http-nio-8080-exec-4] [34mINFO [0;39m c.e.d.s.users.DefaultUsersService - !!!message by DefaultUserService, method findByLogin!!! - NULL
17:03:13.791 [http-nio-8080-exec-5] [34mINFO [0;39m c.e.d.s.users.DefaultUsersService - !!!message by DefaultUserService, method findByLogin!!!
17:03:13.791 [http-nio-8080-exec-5] [34mINFO [0;39m c.e.d.s.users.DefaultUsersService - !!!message by DefaultUserService, method findByLogin!!! - NULL
17:07:53.795 [main]                 [34mINFO [0;39m com.example.demo2.Application - Starting Application using Java 21.0.1 on My-PC with PID 5568 (D:\Java\Project IDEA\SiteForTest\target\classes started by Макс in D:\Java\Project IDEA\SiteForTest)
17:07:53.795 [background-preinit]   [34mINFO [0;39m o.h.validator.internal.util.Version - HV000001: Hibernate Validator 6.2.0.Final
17:07:53.795 [main]                 [34mINFO [0;39m com.example.demo2.Application - No active profile set, falling back to default profiles: default
17:07:54.613 [main]                 [34mINFO [0;39m o.s.d.r.c.RepositoryConfigurationDelegate - Bootstrapping Spring Data JPA repositories in DEFAULT mode.
17:07:54.675 [main]                 [34mINFO [0;39m o.s.d.r.c.RepositoryConfigurationDelegate - Finished Spring Data repository scanning in 58 ms. Found 4 JPA repository interfaces.
17:07:55.283 [main]                 [34mINFO [0;39m o.s.b.w.e.tomcat.TomcatWebServer - Tomcat initialized with port(s): 8080 (http)
17:07:55.299 [main]                 [34mINFO [0;39m o.a.coyote.http11.Http11NioProtocol - Initializing ProtocolHandler ["http-nio-8080"]
17:07:55.299 [main]                 [34mINFO [0;39m o.a.catalina.core.StandardService - Starting service [Tomcat]
17:07:55.299 [main]                 [34mINFO [0;39m o.a.catalina.core.StandardEngine - Starting Servlet engine: [Apache Tomcat/9.0.46]
17:07:55.377 [main]                 [34mINFO [0;39m o.a.c.c.C.[Tomcat].[localhost].[/] - Initializing Spring embedded WebApplicationContext
17:07:55.377 [main]                 [34mINFO [0;39m o.s.b.w.s.c.ServletWebServerApplicationContext - Root WebApplicationContext: initialization completed in 1519 ms
17:07:55.502 [main]                 [34mINFO [0;39m com.zaxxer.hikari.HikariDataSource - HikariPool-1 - Starting...
17:07:55.861 [main]                 [34mINFO [0;39m com.zaxxer.hikari.HikariDataSource - HikariPool-1 - Start completed.
17:07:55.907 [main]                 [34mINFO [0;39m o.h.jpa.internal.util.LogHelper - HHH000204: Processing PersistenceUnitInfo [name: default]
17:07:55.954 [main]                 [34mINFO [0;39m org.hibernate.Version - HHH000412: Hibernate ORM core version 5.4.31.Final
17:07:56.080 [main]                 [34mINFO [0;39m o.h.annotations.common.Version - HCANN000001: Hibernate Commons Annotations {5.1.2.Final}
17:07:56.174 [main]                 [34mINFO [0;39m org.hibernate.dialect.Dialect - HHH000400: Using dialect: org.hibernate.dialect.MySQL5Dialect
17:07:56.751 [main]                 [34mINFO [0;39m o.h.e.t.j.p.i.JtaPlatformInitiator - HHH000490: Using JtaPlatform implementation: [org.hibernate.engine.transaction.jta.platform.internal.NoJtaPlatform]
17:07:56.751 [main]                 [34mINFO [0;39m o.s.o.j.LocalContainerEntityManagerFactoryBean - Initialized JPA EntityManagerFactory for persistence unit 'default'
17:07:57.269 [main]                 [31mWARN [0;39m o.s.b.a.o.j.JpaBaseConfiguration$JpaWebConfiguration - spring.jpa.open-in-view is enabled by default. Therefore, database queries may be performed during view rendering. Explicitly configure spring.jpa.open-in-view to disable this warning
17:07:57.425 [main]                 [34mINFO [0;39m o.s.b.a.w.s.WelcomePageHandlerMapping - Adding welcome page template: index
17:07:57.581 [main]                 [34mINFO [0;39m o.a.coyote.http11.Http11NioProtocol - Starting ProtocolHandler ["http-nio-8080"]
17:07:57.596 [main]                 [34mINFO [0;39m o.s.b.w.e.tomcat.TomcatWebServer - Tomcat started on port(s): 8080 (http) with context path ''
17:07:57.612 [main]                 [34mINFO [0;39m com.example.demo2.Application - Started Application in 4.331 seconds (JVM running for 4.761)
17:07:57.612 [main]                 [34mINFO [0;39m o.s.b.a.ApplicationAvailabilityBean - Application availability state LivenessState changed to CORRECT
17:07:57.612 [main]                 [34mINFO [0;39m o.s.b.a.ApplicationAvailabilityBean - Application availability state ReadinessState changed to ACCEPTING_TRAFFIC
17:09:32.182 [http-nio-8080-exec-1] [34mINFO [0;39m o.a.c.c.C.[Tomcat].[localhost].[/] - Initializing Spring DispatcherServlet 'dispatcherServlet'
17:09:32.182 [http-nio-8080-exec-1] [34mINFO [0;39m o.s.web.servlet.DispatcherServlet - Initializing Servlet 'dispatcherServlet'
17:09:32.182 [http-nio-8080-exec-1] [34mINFO [0;39m o.s.web.servlet.DispatcherServlet - Completed initialization in 0 ms
17:09:40.382 [http-nio-8080-exec-3] [34mINFO [0;39m c.e.d.filter.FilterForSomeTemplates - Filter 2 for templates - /users/delete and /users/findAll. URI : /users/findAll, User Name : null
17:09:40.382 [http-nio-8080-exec-3] [34mINFO [0;39m c.e.d.s.users.DefaultUsersService - !!!message by DefaultUserService, method findAll!!!
17:21:58.696 [http-nio-8080-exec-6] [34mINFO [0;39m c.e.d.s.users.DefaultUsersService - !!!message by DefaultUserService, method deleteUser!!!
17:21:58.886 [http-nio-8080-exec-7] [34mINFO [0;39m c.e.d.filter.FilterForSomeTemplates - Filter 2 for templates - /users/delete and /users/findAll. URI : /users/findAll, User Name : null
17:21:58.886 [http-nio-8080-exec-7] [34mINFO [0;39m c.e.d.s.users.DefaultUsersService - !!!message by DefaultUserService, method findAll!!!
17:22:15.739 [http-nio-8080-exec-8] [34mINFO [0;39m c.e.d.s.f.DefaultFilesInfoService - !!!message by DefaultFilesInfoService, method findAllFilesName!!!
17:22:15.887 [http-nio-8080-exec-9] [34mINFO [0;39m c.e.d.s.f.DefaultFilesInfoService - !!!message by DefaultFilesInfoService, method findAllFilesName!!!
17:22:16.003 [http-nio-8080-exec-10] [34mINFO [0;39m c.e.d.filter.FilterForSomeTemplates - Filter 2 for templates - /users/delete and /users/findAll. URI : /users/findAll, User Name : null
17:22:16.004 [http-nio-8080-exec-10] [34mINFO [0;39m c.e.d.s.users.DefaultUsersService - !!!message by DefaultUserService, method findAll!!!
17:22:16.547 [http-nio-8080-exec-1] [34mINFO [0;39m c.e.d.s.users.DefaultUsersService - !!!message by DefaultUserService, method findByLogin!!!
17:22:16.562 [http-nio-8080-exec-1] [34mINFO [0;39m c.e.d.s.users.DefaultUsersService - !!!message by DefaultUserService, method findByLogin!!! - NULL
17:22:16.562 [http-nio-8080-exec-1] [34mINFO [0;39m c.e.d.s.users.DefaultUsersService - !!!message by DefaultUserService, method saveUser!!!
17:22:18.027 [http-nio-8080-exec-2] [34mINFO [0;39m c.e.d.filter.FilterForSomeTemplates - Filter 2 for templates - /users/delete and /users/findAll. URI : /users/findAll, User Name : null
17:22:18.027 [http-nio-8080-exec-2] [34mINFO [0;39m c.e.d.s.users.DefaultUsersService - !!!message by DefaultUserService, method findAll!!!
17:22:18.618 [http-nio-8080-exec-3] [34mINFO [0;39m c.e.d.s.users.DefaultUsersService - !!!message by DefaultUserService, method deleteUser!!!
17:22:36.102 [http-nio-8080-exec-6] [34mINFO [0;39m c.e.d.filter.FilterForSomeTemplates - Filter 2 for templates - /users/delete and /users/findAll. URI : /users/findAll, User Name : null
17:22:36.103 [http-nio-8080-exec-6] [34mINFO [0;39m c.e.d.s.users.DefaultUsersService - !!!message by DefaultUserService, method findAll!!!
17:22:37.959 [http-nio-8080-exec-7] [34mINFO [0;39m c.e.d.filter.FilterForSomeTemplates - Filter 2 for templates - /users/delete and /users/findAll. URI : /users/findAll, User Name : null
17:22:37.959 [http-nio-8080-exec-7] [34mINFO [0;39m c.e.d.s.users.DefaultUsersService - !!!message by DefaultUserService, method findAll!!!
17:24:20.819 [http-nio-8080-exec-9] [34mINFO [0;39m c.e.d.s.f.DefaultFilesInfoService - !!!message by DefaultFilesInfoService, method findAllFilesName!!!
17:24:20.976 [http-nio-8080-exec-1] [34mINFO [0;39m c.e.d.s.f.DefaultFilesInfoService - !!!message by DefaultFilesInfoService, method findAllFilesName!!!
17:24:21.103 [http-nio-8080-exec-10] [34mINFO [0;39m c.e.d.filter.FilterForSomeTemplates - Filter 2 for templates - /users/delete and /users/findAll. URI : /users/findAll, User Name : null
17:24:21.104 [http-nio-8080-exec-10] [34mINFO [0;39m c.e.d.s.users.DefaultUsersService - !!!message by DefaultUserService, method findAll!!!
17:24:21.516 [http-nio-8080-exec-2] [34mINFO [0;39m c.e.d.s.users.DefaultUsersService - !!!message by DefaultUserService, method findByLogin!!!
17:24:21.519 [http-nio-8080-exec-2] [34mINFO [0;39m c.e.d.s.users.DefaultUsersService - !!!message by DefaultUserService, method findByLogin!!! - NULL
17:24:21.519 [http-nio-8080-exec-2] [34mINFO [0;39m c.e.d.s.users.DefaultUsersService - !!!message by DefaultUserService, method saveUser!!!
17:24:23.076 [http-nio-8080-exec-3] [34mINFO [0;39m c.e.d.filter.FilterForSomeTemplates - Filter 2 for templates - /users/delete and /users/findAll. URI : /users/findAll, User Name : null
17:24:23.077 [http-nio-8080-exec-3] [34mINFO [0;39m c.e.d.s.users.DefaultUsersService - !!!message by DefaultUserService, method findAll!!!
17:24:23.664 [http-nio-8080-exec-4] [34mINFO [0;39m c.e.d.s.users.DefaultUsersService - !!!message by DefaultUserService, method deleteUser!!!
17:24:23.875 [http-nio-8080-exec-5] [34mINFO [0;39m c.e.d.filter.FilterForSomeTemplates - Filter 2 for templates - /users/delete and /users/findAll. URI : /users/findAll, User Name : null
17:24:23.875 [http-nio-8080-exec-5] [34mINFO [0;39m c.e.d.s.users.DefaultUsersService - !!!message by DefaultUserService, method findAll!!!
17:25:02.603 [http-nio-8080-exec-8] [34mINFO [0;39m c.e.d.s.f.DefaultFilesInfoService - !!!message by DefaultFilesInfoService, method findAllFilesName!!!
17:25:02.752 [http-nio-8080-exec-9] [34mINFO [0;39m c.e.d.s.f.DefaultFilesInfoService - !!!message by DefaultFilesInfoService, method findAllFilesName!!!
17:25:02.867 [http-nio-8080-exec-1] [34mINFO [0;39m c.e.d.filter.FilterForSomeTemplates - Filter 2 for templates - /users/delete and /users/findAll. URI : /users/findAll, User Name : null
17:25:02.868 [http-nio-8080-exec-1] [34mINFO [0;39m c.e.d.s.users.DefaultUsersService - !!!message by DefaultUserService, method findAll!!!
17:25:03.269 [http-nio-8080-exec-10] [34mINFO [0;39m c.e.d.s.users.DefaultUsersService - !!!message by DefaultUserService, method findByLogin!!!
17:25:03.271 [http-nio-8080-exec-10] [34mINFO [0;39m c.e.d.s.users.DefaultUsersService - !!!message by DefaultUserService, method findByLogin!!! - NULL
17:25:03.271 [http-nio-8080-exec-10] [34mINFO [0;39m c.e.d.s.users.DefaultUsersService - !!!message by DefaultUserService, method saveUser!!!
17:25:04.828 [http-nio-8080-exec-2] [34mINFO [0;39m c.e.d.filter.FilterForSomeTemplates - Filter 2 for templates - /users/delete and /users/findAll. URI : /users/findAll, User Name : null
17:25:04.830 [http-nio-8080-exec-2] [34mINFO [0;39m c.e.d.s.users.DefaultUsersService - !!!message by DefaultUserService, method findAll!!!
17:25:05.418 [http-nio-8080-exec-3] [34mINFO [0;39m c.e.d.s.users.DefaultUsersService - !!!message by DefaultUserService, method deleteUser!!!
17:25:05.637 [http-nio-8080-exec-4] [34mINFO [0;39m c.e.d.filter.FilterForSomeTemplates - Filter 2 for templates - /users/delete and /users/findAll. URI : /users/findAll, User Name : null
17:25:05.637 [http-nio-8080-exec-4] [34mINFO [0;39m c.e.d.s.users.DefaultUsersService - !!!message by DefaultUserService, method findAll!!!
17:30:11.298 [http-nio-8080-exec-7] [34mINFO [0;39m c.e.d.s.f.DefaultFilesInfoService - !!!message by DefaultFilesInfoService, method findAllFilesName!!!
17:30:11.456 [http-nio-8080-exec-9] [34mINFO [0;39m c.e.d.s.f.DefaultFilesInfoService - !!!message by DefaultFilesInfoService, method findAllFilesName!!!
17:30:11.595 [http-nio-8080-exec-8] [34mINFO [0;39m c.e.d.filter.FilterForSomeTemplates - Filter 2 for templates - /users/delete and /users/findAll. URI : /users/findAll, User Name : null
17:30:11.595 [http-nio-8080-exec-8] [34mINFO [0;39m c.e.d.s.users.DefaultUsersService - !!!message by DefaultUserService, method findAll!!!
17:30:12.019 [http-nio-8080-exec-1] [34mINFO [0;39m c.e.d.s.users.DefaultUsersService - !!!message by DefaultUserService, method findByLogin!!!
17:30:12.020 [http-nio-8080-exec-1] [34mINFO [0;39m c.e.d.s.users.DefaultUsersService - !!!message by DefaultUserService, method findByLogin!!! - NULL
17:30:12.021 [http-nio-8080-exec-1] [34mINFO [0;39m c.e.d.s.users.DefaultUsersService - !!!message by DefaultUserService, method saveUser!!!
17:30:13.573 [http-nio-8080-exec-10] [34mINFO [0;39m c.e.d.filter.FilterForSomeTemplates - Filter 2 for templates - /users/delete and /users/findAll. URI : /users/findAll, User Name : null
17:30:13.573 [http-nio-8080-exec-10] [34mINFO [0;39m c.e.d.s.users.DefaultUsersService - !!!message by DefaultUserService, method findAll!!!
17:30:14.164 [http-nio-8080-exec-2] [34mINFO [0;39m c.e.d.s.users.DefaultUsersService - !!!message by DefaultUserService, method deleteUser!!!
17:30:14.385 [http-nio-8080-exec-3] [34mINFO [0;39m c.e.d.filter.FilterForSomeTemplates - Filter 2 for templates - /users/delete and /users/findAll. URI : /users/findAll, User Name : null
17:30:14.385 [http-nio-8080-exec-3] [34mINFO [0;39m c.e.d.s.users.DefaultUsersService - !!!message by DefaultUserService, method findAll!!!
17:30:46.641 [http-nio-8080-exec-6] [34mINFO [0;39m c.e.d.filter.FilterForSomeTemplates - Filter 2 for templates - /users/delete and /users/findAll. URI : /users/findAll, User Name : null
17:30:46.641 [http-nio-8080-exec-6] [34mINFO [0;39m c.e.d.s.users.DefaultUsersService - !!!message by DefaultUserService, method findAll!!!
20:25:03.529 [background-preinit]   [34mINFO [0;39m o.h.validator.internal.util.Version - HV000001: Hibernate Validator 6.2.0.Final
20:25:03.560 [main]                 [34mINFO [0;39m com.example.demo2.Application - Starting Application using Java 21.0.1 on My-PC with PID 5752 (D:\Java\Project IDEA\SiteForTest\target\classes started by Макс in D:\Java\Project IDEA\SiteForTest)
20:25:03.576 [main]                 [34mINFO [0;39m com.example.demo2.Application - No active profile set, falling back to default profiles: default
20:25:04.684 [main]                 [34mINFO [0;39m o.s.d.r.c.RepositoryConfigurationDelegate - Bootstrapping Spring Data JPA repositories in DEFAULT mode.
20:25:04.825 [main]                 [34mINFO [0;39m o.s.d.r.c.RepositoryConfigurationDelegate - Finished Spring Data repository scanning in 137 ms. Found 4 JPA repository interfaces.
20:25:07.477 [main]                 [34mINFO [0;39m o.s.b.w.e.tomcat.TomcatWebServer - Tomcat initialized with port(s): 8080 (http)
20:25:07.524 [main]                 [34mINFO [0;39m o.a.coyote.http11.Http11NioProtocol - Initializing ProtocolHandler ["http-nio-8080"]
20:25:07.539 [main]                 [34mINFO [0;39m o.a.catalina.core.StandardService - Starting service [Tomcat]
20:25:07.539 [main]                 [34mINFO [0;39m o.a.catalina.core.StandardEngine - Starting Servlet engine: [Apache Tomcat/9.0.46]
20:25:07.867 [main]                 [34mINFO [0;39m o.a.c.c.C.[Tomcat].[localhost].[/] - Initializing Spring embedded WebApplicationContext
20:25:07.867 [main]                 [34mINFO [0;39m o.s.b.w.s.c.ServletWebServerApplicationContext - Root WebApplicationContext: initialization completed in 4229 ms
20:25:08.288 [main]                 [34mINFO [0;39m com.zaxxer.hikari.HikariDataSource - HikariPool-1 - Starting...
20:25:09.084 [main]                 [34mINFO [0;39m com.zaxxer.hikari.HikariDataSource - HikariPool-1 - Start completed.
20:25:09.146 [main]                 [34mINFO [0;39m o.h.jpa.internal.util.LogHelper - HHH000204: Processing PersistenceUnitInfo [name: default]
20:25:09.224 [main]                 [34mINFO [0;39m org.hibernate.Version - HHH000412: Hibernate ORM core version 5.4.31.Final
20:25:09.458 [main]                 [34mINFO [0;39m o.h.annotations.common.Version - HCANN000001: Hibernate Commons Annotations {5.1.2.Final}
20:25:09.598 [main]                 [34mINFO [0;39m org.hibernate.dialect.Dialect - HHH000400: Using dialect: org.hibernate.dialect.MySQL5Dialect
20:25:10.363 [main]                 [34mINFO [0;39m o.h.e.t.j.p.i.JtaPlatformInitiator - HHH000490: Using JtaPlatform implementation: [org.hibernate.engine.transaction.jta.platform.internal.NoJtaPlatform]
20:25:10.378 [main]                 [34mINFO [0;39m o.s.o.j.LocalContainerEntityManagerFactoryBean - Initialized JPA EntityManagerFactory for persistence unit 'default'
20:25:10.924 [main]                 [31mWARN [0;39m o.s.b.a.o.j.JpaBaseConfiguration$JpaWebConfiguration - spring.jpa.open-in-view is enabled by default. Therefore, database queries may be performed during view rendering. Explicitly configure spring.jpa.open-in-view to disable this warning
20:25:11.143 [main]                 [34mINFO [0;39m o.s.b.a.w.s.WelcomePageHandlerMapping - Adding welcome page template: index
20:25:11.314 [main]                 [34mINFO [0;39m o.a.coyote.http11.Http11NioProtocol - Starting ProtocolHandler ["http-nio-8080"]
20:25:11.346 [main]                 [34mINFO [0;39m o.s.b.w.e.tomcat.TomcatWebServer - Tomcat started on port(s): 8080 (http) with context path ''
20:25:11.346 [main]                 [34mINFO [0;39m com.example.demo2.Application - Started Application in 8.977 seconds (JVM running for 10.056)
20:25:11.361 [main]                 [34mINFO [0;39m o.s.b.a.ApplicationAvailabilityBean - Application availability state LivenessState changed to CORRECT
20:25:11.361 [main]                 [34mINFO [0;39m o.s.b.a.ApplicationAvailabilityBean - Application availability state ReadinessState changed to ACCEPTING_TRAFFIC
20:25:57.794 [http-nio-8080-exec-1] [34mINFO [0;39m o.a.c.c.C.[Tomcat].[localhost].[/] - Initializing Spring DispatcherServlet 'dispatcherServlet'
20:25:57.794 [http-nio-8080-exec-1] [34mINFO [0;39m o.s.web.servlet.DispatcherServlet - Initializing Servlet 'dispatcherServlet'
20:25:57.796 [http-nio-8080-exec-1] [34mINFO [0;39m o.s.web.servlet.DispatcherServlet - Completed initialization in 2 ms
20:45:19.726 [http-nio-8080-exec-6] [34mINFO [0;39m c.e.d.s.f.DefaultFilesInfoService - !!!message by DefaultFilesInfoService, method findAllFilesName!!!
20:45:19.890 [http-nio-8080-exec-5] [34mINFO [0;39m c.e.d.s.f.DefaultFilesInfoService - !!!message by DefaultFilesInfoService, method findAllFilesName!!!
20:45:20.020 [http-nio-8080-exec-10] [34mINFO [0;39m c.e.d.filter.FilterForSomeTemplates - Filter 2 for templates - /users/delete and /users/findAll. URI : /users/findAll, User Name : null
20:45:20.021 [http-nio-8080-exec-10] [34mINFO [0;39m c.e.d.s.users.DefaultUsersService - !!!message by DefaultUserService, method findAll!!!
20:45:20.572 [http-nio-8080-exec-1] [34mINFO [0;39m c.e.d.s.users.DefaultUsersService - !!!message by DefaultUserService, method findByLogin!!!
20:45:20.590 [http-nio-8080-exec-1] [34mINFO [0;39m c.e.d.s.users.DefaultUsersService - !!!message by DefaultUserService, method findByLogin!!! - NULL
20:45:20.590 [http-nio-8080-exec-1] [34mINFO [0;39m c.e.d.s.users.DefaultUsersService - !!!message by DefaultUserService, method saveUser!!!
20:45:22.041 [http-nio-8080-exec-7] [34mINFO [0;39m c.e.d.filter.FilterForSomeTemplates - Filter 2 for templates - /users/delete and /users/findAll. URI : /users/findAll, User Name : null
20:45:22.041 [http-nio-8080-exec-7] [34mINFO [0;39m c.e.d.s.users.DefaultUsersService - !!!message by DefaultUserService, method findAll!!!
20:45:22.655 [http-nio-8080-exec-3] [34mINFO [0;39m c.e.d.s.users.DefaultUsersService - !!!message by DefaultUserService, method deleteUser!!!
20:45:22.866 [http-nio-8080-exec-8] [34mINFO [0;39m c.e.d.filter.FilterForSomeTemplates - Filter 2 for templates - /users/delete and /users/findAll. URI : /users/findAll, User Name : null
20:45:22.866 [http-nio-8080-exec-8] [34mINFO [0;39m c.e.d.s.users.DefaultUsersService - !!!message by DefaultUserService, method findAll!!!
20:46:29.394 [http-nio-8080-exec-6] [34mINFO [0;39m c.e.d.s.f.DefaultFilesInfoService - !!!message by DefaultFilesInfoService, method findAllFilesName!!!
20:46:29.548 [http-nio-8080-exec-5] [34mINFO [0;39m c.e.d.s.f.DefaultFilesInfoService - !!!message by DefaultFilesInfoService, method findAllFilesName!!!
20:46:29.666 [http-nio-8080-exec-10] [34mINFO [0;39m c.e.d.filter.FilterForSomeTemplates - Filter 2 for templates - /users/delete and /users/findAll. URI : /users/findAll, User Name : null
20:46:29.667 [http-nio-8080-exec-10] [34mINFO [0;39m c.e.d.s.users.DefaultUsersService - !!!message by DefaultUserService, method findAll!!!
20:46:30.099 [http-nio-8080-exec-1] [34mINFO [0;39m c.e.d.s.users.DefaultUsersService - !!!message by DefaultUserService, method findByLogin!!!
20:46:30.101 [http-nio-8080-exec-1] [34mINFO [0;39m c.e.d.s.users.DefaultUsersService - !!!message by DefaultUserService, method findByLogin!!! - NULL
20:46:30.101 [http-nio-8080-exec-1] [34mINFO [0;39m c.e.d.s.users.DefaultUsersService - !!!message by DefaultUserService, method saveUser!!!
20:46:31.661 [http-nio-8080-exec-7] [34mINFO [0;39m c.e.d.filter.FilterForSomeTemplates - Filter 2 for templates - /users/delete and /users/findAll. URI : /users/findAll, User Name : null
20:46:31.663 [http-nio-8080-exec-7] [34mINFO [0;39m c.e.d.s.users.DefaultUsersService - !!!message by DefaultUserService, method findAll!!!
20:46:32.226 [http-nio-8080-exec-3] [34mINFO [0;39m c.e.d.s.users.DefaultUsersService - !!!message by DefaultUserService, method deleteUser!!!
20:46:32.440 [http-nio-8080-exec-8] [34mINFO [0;39m c.e.d.filter.FilterForSomeTemplates - Filter 2 for templates - /users/delete and /users/findAll. URI : /users/findAll, User Name : null
20:46:32.440 [http-nio-8080-exec-8] [34mINFO [0;39m c.e.d.s.users.DefaultUsersService - !!!message by DefaultUserService, method findAll!!!
20:50:04.570 [http-nio-8080-exec-1] [34mINFO [0;39m c.e.d.s.f.DefaultFilesInfoService - !!!message by DefaultFilesInfoService, method findAllFilesName!!!
20:50:04.725 [http-nio-8080-exec-6] [34mINFO [0;39m c.e.d.s.f.DefaultFilesInfoService - !!!message by DefaultFilesInfoService, method findAllFilesName!!!
20:50:04.852 [http-nio-8080-exec-2] [34mINFO [0;39m c.e.d.filter.FilterForSomeTemplates - Filter 2 for templates - /users/delete and /users/findAll. URI : /users/findAll, User Name : null
20:50:04.853 [http-nio-8080-exec-2] [34mINFO [0;39m c.e.d.s.users.DefaultUsersService - !!!message by DefaultUserService, method findAll!!!
20:50:05.286 [http-nio-8080-exec-10] [34mINFO [0;39m c.e.d.s.users.DefaultUsersService - !!!message by DefaultUserService, method findByLogin!!!
20:50:05.288 [http-nio-8080-exec-10] [34mINFO [0;39m c.e.d.s.users.DefaultUsersService - !!!message by DefaultUserService, method findByLogin!!! - NULL
20:50:05.288 [http-nio-8080-exec-10] [34mINFO [0;39m c.e.d.s.users.DefaultUsersService - !!!message by DefaultUserService, method saveUser!!!
20:50:06.844 [http-nio-8080-exec-9] [34mINFO [0;39m c.e.d.filter.FilterForSomeTemplates - Filter 2 for templates - /users/delete and /users/findAll. URI : /users/findAll, User Name : null
20:50:06.844 [http-nio-8080-exec-9] [34mINFO [0;39m c.e.d.s.users.DefaultUsersService - !!!message by DefaultUserService, method findAll!!!
20:50:07.437 [http-nio-8080-exec-8] [34mINFO [0;39m c.e.d.s.users.DefaultUsersService - !!!message by DefaultUserService, method deleteUser!!!
20:50:07.656 [http-nio-8080-exec-4] [34mINFO [0;39m c.e.d.filter.FilterForSomeTemplates - Filter 2 for templates - /users/delete and /users/findAll. URI : /users/findAll, User Name : null
20:50:07.656 [http-nio-8080-exec-4] [34mINFO [0;39m c.e.d.s.users.DefaultUsersService - !!!message by DefaultUserService, method findAll!!!
20:52:06.669 [http-nio-8080-exec-1] [34mINFO [0;39m c.e.d.s.f.DefaultFilesInfoService - !!!message by DefaultFilesInfoService, method findAllFilesName!!!
20:52:06.813 [http-nio-8080-exec-6] [34mINFO [0;39m c.e.d.s.f.DefaultFilesInfoService - !!!message by DefaultFilesInfoService, method findAllFilesName!!!
20:52:06.932 [http-nio-8080-exec-2] [34mINFO [0;39m c.e.d.filter.FilterForSomeTemplates - Filter 2 for templates - /users/delete and /users/findAll. URI : /users/findAll, User Name : null
20:52:06.933 [http-nio-8080-exec-2] [34mINFO [0;39m c.e.d.s.users.DefaultUsersService - !!!message by DefaultUserService, method findAll!!!
20:52:07.375 [http-nio-8080-exec-10] [34mINFO [0;39m c.e.d.s.users.DefaultUsersService - !!!message by DefaultUserService, method findByLogin!!!
20:52:07.377 [http-nio-8080-exec-10] [34mINFO [0;39m c.e.d.s.users.DefaultUsersService - !!!message by DefaultUserService, method findByLogin!!! - NULL
20:52:07.377 [http-nio-8080-exec-10] [34mINFO [0;39m c.e.d.s.users.DefaultUsersService - !!!message by DefaultUserService, method saveUser!!!
20:52:08.935 [http-nio-8080-exec-9] [34mINFO [0;39m c.e.d.filter.FilterForSomeTemplates - Filter 2 for templates - /users/delete and /users/findAll. URI : /users/findAll, User Name : null
20:52:08.936 [http-nio-8080-exec-9] [34mINFO [0;39m c.e.d.s.users.DefaultUsersService - !!!message by DefaultUserService, method findAll!!!
20:52:09.517 [http-nio-8080-exec-8] [34mINFO [0;39m c.e.d.s.users.DefaultUsersService - !!!message by DefaultUserService, method deleteUser!!!
20:52:09.716 [http-nio-8080-exec-5] [34mINFO [0;39m c.e.d.filter.FilterForSomeTemplates - Filter 2 for templates - /users/delete and /users/findAll. URI : /users/findAll, User Name : null
20:52:09.716 [http-nio-8080-exec-5] [34mINFO [0;39m c.e.d.s.users.DefaultUsersService - !!!message by DefaultUserService, method findAll!!!
20:52:34.424 [http-nio-8080-exec-1] [34mINFO [0;39m c.e.d.s.f.DefaultFilesInfoService - !!!message by DefaultFilesInfoService, method findAllFilesName!!!
20:52:34.578 [http-nio-8080-exec-6] [34mINFO [0;39m c.e.d.s.f.DefaultFilesInfoService - !!!message by DefaultFilesInfoService, method findAllFilesName!!!
20:52:34.714 [http-nio-8080-exec-2] [34mINFO [0;39m c.e.d.filter.FilterForSomeTemplates - Filter 2 for templates - /users/delete and /users/findAll. URI : /users/findAll, User Name : null
20:52:34.715 [http-nio-8080-exec-2] [34mINFO [0;39m c.e.d.s.users.DefaultUsersService - !!!message by DefaultUserService, method findAll!!!
20:52:35.183 [http-nio-8080-exec-10] [34mINFO [0;39m c.e.d.s.users.DefaultUsersService - !!!message by DefaultUserService, method findByLogin!!!
20:52:35.184 [http-nio-8080-exec-10] [34mINFO [0;39m c.e.d.s.users.DefaultUsersService - !!!message by DefaultUserService, method findByLogin!!! - NULL
20:52:35.184 [http-nio-8080-exec-10] [34mINFO [0;39m c.e.d.s.users.DefaultUsersService - !!!message by DefaultUserService, method saveUser!!!
20:52:36.733 [http-nio-8080-exec-9] [34mINFO [0;39m c.e.d.filter.FilterForSomeTemplates - Filter 2 for templates - /users/delete and /users/findAll. URI : /users/findAll, User Name : null
20:52:36.734 [http-nio-8080-exec-9] [34mINFO [0;39m c.e.d.s.users.DefaultUsersService - !!!message by DefaultUserService, method findAll!!!
20:52:37.336 [http-nio-8080-exec-8] [34mINFO [0;39m c.e.d.s.users.DefaultUsersService - !!!message by DefaultUserService, method deleteUser!!!
20:52:37.541 [http-nio-8080-exec-4] [34mINFO [0;39m c.e.d.filter.FilterForSomeTemplates - Filter 2 for templates - /users/delete and /users/findAll. URI : /users/findAll, User Name : null
20:52:37.541 [http-nio-8080-exec-4] [34mINFO [0;39m c.e.d.s.users.DefaultUsersService - !!!message by DefaultUserService, method findAll!!!
20:53:11.755 [http-nio-8080-exec-1] [34mINFO [0;39m c.e.d.s.f.DefaultFilesInfoService - !!!message by DefaultFilesInfoService, method findAllFilesName!!!
20:53:11.903 [http-nio-8080-exec-6] [34mINFO [0;39m c.e.d.s.f.DefaultFilesInfoService - !!!message by DefaultFilesInfoService, method findAllFilesName!!!
20:53:12.025 [http-nio-8080-exec-2] [34mINFO [0;39m c.e.d.filter.FilterForSomeTemplates - Filter 2 for templates - /users/delete and /users/findAll. URI : /users/findAll, User Name : null
20:53:12.026 [http-nio-8080-exec-2] [34mINFO [0;39m c.e.d.s.users.DefaultUsersService - !!!message by DefaultUserService, method findAll!!!
20:53:12.423 [http-nio-8080-exec-10] [34mINFO [0;39m c.e.d.s.users.DefaultUsersService - !!!message by DefaultUserService, method findByLogin!!!
20:53:12.424 [http-nio-8080-exec-10] [34mINFO [0;39m c.e.d.s.users.DefaultUsersService - !!!message by DefaultUserService, method findByLogin!!! - NULL
20:53:12.424 [http-nio-8080-exec-10] [34mINFO [0;39m c.e.d.s.users.DefaultUsersService - !!!message by DefaultUserService, method saveUser!!!
20:53:13.975 [http-nio-8080-exec-9] [34mINFO [0;39m c.e.d.filter.FilterForSomeTemplates - Filter 2 for templates - /users/delete and /users/findAll. URI : /users/findAll, User Name : null
20:53:13.976 [http-nio-8080-exec-9] [34mINFO [0;39m c.e.d.s.users.DefaultUsersService - !!!message by DefaultUserService, method findAll!!!
20:53:14.566 [http-nio-8080-exec-8] [34mINFO [0;39m c.e.d.s.users.DefaultUsersService - !!!message by DefaultUserService, method deleteUser!!!
20:53:14.773 [http-nio-8080-exec-4] [34mINFO [0;39m c.e.d.filter.FilterForSomeTemplates - Filter 2 for templates - /users/delete and /users/findAll. URI : /users/findAll, User Name : null
20:53:14.773 [http-nio-8080-exec-4] [34mINFO [0;39m c.e.d.s.users.DefaultUsersService - !!!message by DefaultUserService, method findAll!!!
21:11:59.029 [background-preinit]   [34mINFO [0;39m o.h.validator.internal.util.Version - HV000001: Hibernate Validator 6.2.0.Final
21:11:59.029 [main]                 [34mINFO [0;39m com.example.demo2.Application - Starting Application using Java 21.0.1 on My-PC with PID 5428 (D:\Java\Project IDEA\SiteForTest\target\classes started by Макс in D:\Java\Project IDEA\SiteForTest)
21:11:59.029 [main]                 [34mINFO [0;39m com.example.demo2.Application - No active profile set, falling back to default profiles: default
21:11:59.825 [main]                 [34mINFO [0;39m o.s.d.r.c.RepositoryConfigurationDelegate - Bootstrapping Spring Data JPA repositories in DEFAULT mode.
21:11:59.888 [main]                 [34mINFO [0;39m o.s.d.r.c.RepositoryConfigurationDelegate - Finished Spring Data repository scanning in 55 ms. Found 4 JPA repository interfaces.
21:12:00.512 [main]                 [34mINFO [0;39m o.s.b.w.e.tomcat.TomcatWebServer - Tomcat initialized with port(s): 8080 (http)
21:12:00.527 [main]                 [34mINFO [0;39m o.a.coyote.http11.Http11NioProtocol - Initializing ProtocolHandler ["http-nio-8080"]
21:12:00.527 [main]                 [34mINFO [0;39m o.a.catalina.core.StandardService - Starting service [Tomcat]
21:12:00.527 [main]                 [34mINFO [0;39m o.a.catalina.core.StandardEngine - Starting Servlet engine: [Apache Tomcat/9.0.46]
21:12:00.621 [main]                 [34mINFO [0;39m o.a.c.c.C.[Tomcat].[localhost].[/] - Initializing Spring embedded WebApplicationContext
21:12:00.621 [main]                 [34mINFO [0;39m o.s.b.w.s.c.ServletWebServerApplicationContext - Root WebApplicationContext: initialization completed in 1530 ms
21:12:00.746 [main]                 [34mINFO [0;39m com.zaxxer.hikari.HikariDataSource - HikariPool-1 - Starting...
21:12:01.105 [main]                 [34mINFO [0;39m com.zaxxer.hikari.HikariDataSource - HikariPool-1 - Start completed.
21:12:01.151 [main]                 [34mINFO [0;39m o.h.jpa.internal.util.LogHelper - HHH000204: Processing PersistenceUnitInfo [name: default]
21:12:01.198 [main]                 [34mINFO [0;39m org.hibernate.Version - HHH000412: Hibernate ORM core version 5.4.31.Final
21:12:01.323 [main]                 [34mINFO [0;39m o.h.annotations.common.Version - HCANN000001: Hibernate Commons Annotations {5.1.2.Final}
21:12:01.417 [main]                 [34mINFO [0;39m org.hibernate.dialect.Dialect - HHH000400: Using dialect: org.hibernate.dialect.MySQL5Dialect
21:12:02.009 [main]                 [34mINFO [0;39m o.h.e.t.j.p.i.JtaPlatformInitiator - HHH000490: Using JtaPlatform implementation: [org.hibernate.engine.transaction.jta.platform.internal.NoJtaPlatform]
21:12:02.025 [main]                 [34mINFO [0;39m o.s.o.j.LocalContainerEntityManagerFactoryBean - Initialized JPA EntityManagerFactory for persistence unit 'default'
21:12:02.540 [main]                 [31mWARN [0;39m o.s.b.a.o.j.JpaBaseConfiguration$JpaWebConfiguration - spring.jpa.open-in-view is enabled by default. Therefore, database queries may be performed during view rendering. Explicitly configure spring.jpa.open-in-view to disable this warning
21:12:02.727 [main]                 [34mINFO [0;39m o.s.b.a.w.s.WelcomePageHandlerMapping - Adding welcome page template: index
21:12:02.883 [main]                 [34mINFO [0;39m o.a.coyote.http11.Http11NioProtocol - Starting ProtocolHandler ["http-nio-8080"]
21:12:02.899 [main]                 [34mINFO [0;39m o.s.b.w.e.tomcat.TomcatWebServer - Tomcat started on port(s): 8080 (http) with context path ''
21:12:02.914 [main]                 [34mINFO [0;39m com.example.demo2.Application - Started Application in 4.402 seconds (JVM running for 4.844)
21:12:02.914 [main]                 [34mINFO [0;39m o.s.b.a.ApplicationAvailabilityBean - Application availability state LivenessState changed to CORRECT
21:12:02.914 [main]                 [34mINFO [0;39m o.s.b.a.ApplicationAvailabilityBean - Application availability state ReadinessState changed to ACCEPTING_TRAFFIC
21:12:21.382 [http-nio-8080-exec-5] [34mINFO [0;39m o.a.c.c.C.[Tomcat].[localhost].[/] - Initializing Spring DispatcherServlet 'dispatcherServlet'
21:12:21.383 [http-nio-8080-exec-5] [34mINFO [0;39m o.s.web.servlet.DispatcherServlet - Initializing Servlet 'dispatcherServlet'
21:12:21.383 [http-nio-8080-exec-5] [34mINFO [0;39m o.s.web.servlet.DispatcherServlet - Completed initialization in 0 ms
21:12:59.850 [background-preinit]   [34mINFO [0;39m o.h.validator.internal.util.Version - HV000001: Hibernate Validator 6.2.0.Final
21:12:59.865 [main]                 [34mINFO [0;39m com.example.demo2.Application - Starting Application using Java 21.0.1 on My-PC with PID 5648 (D:\Java\Project IDEA\SiteForTest\target\classes started by Макс in D:\Java\Project IDEA\SiteForTest)
21:12:59.865 [main]                 [34mINFO [0;39m com.example.demo2.Application - No active profile set, falling back to default profiles: default
21:13:00.692 [main]                 [34mINFO [0;39m o.s.d.r.c.RepositoryConfigurationDelegate - Bootstrapping Spring Data JPA repositories in DEFAULT mode.
21:13:00.754 [main]                 [34mINFO [0;39m o.s.d.r.c.RepositoryConfigurationDelegate - Finished Spring Data repository scanning in 54 ms. Found 4 JPA repository interfaces.
21:13:01.347 [main]                 [34mINFO [0;39m o.s.b.w.e.tomcat.TomcatWebServer - Tomcat initialized with port(s): 8080 (http)
21:13:01.347 [main]                 [34mINFO [0;39m o.a.coyote.http11.Http11NioProtocol - Initializing ProtocolHandler ["http-nio-8080"]
21:13:01.347 [main]                 [34mINFO [0;39m o.a.catalina.core.StandardService - Starting service [Tomcat]
21:13:01.347 [main]                 [34mINFO [0;39m o.a.catalina.core.StandardEngine - Starting Servlet engine: [Apache Tomcat/9.0.46]
21:13:01.441 [main]                 [34mINFO [0;39m o.a.c.c.C.[Tomcat].[localhost].[/] - Initializing Spring embedded WebApplicationContext
21:13:01.441 [main]                 [34mINFO [0;39m o.s.b.w.s.c.ServletWebServerApplicationContext - Root WebApplicationContext: initialization completed in 1529 ms
21:13:01.581 [main]                 [34mINFO [0;39m com.zaxxer.hikari.HikariDataSource - HikariPool-1 - Starting...
21:13:01.924 [main]                 [34mINFO [0;39m com.zaxxer.hikari.HikariDataSource - HikariPool-1 - Start completed.
21:13:01.971 [main]                 [34mINFO [0;39m o.h.jpa.internal.util.LogHelper - HHH000204: Processing PersistenceUnitInfo [name: default]
21:13:02.018 [main]                 [34mINFO [0;39m org.hibernate.Version - HHH000412: Hibernate ORM core version 5.4.31.Final
21:13:02.174 [main]                 [34mINFO [0;39m o.h.annotations.common.Version - HCANN000001: Hibernate Commons Annotations {5.1.2.Final}
21:13:02.270 [main]                 [34mINFO [0;39m org.hibernate.dialect.Dialect - HHH000400: Using dialect: org.hibernate.dialect.MySQL5Dialect
21:13:02.862 [main]                 [34mINFO [0;39m o.h.e.t.j.p.i.JtaPlatformInitiator - HHH000490: Using JtaPlatform implementation: [org.hibernate.engine.transaction.jta.platform.internal.NoJtaPlatform]
21:13:02.878 [main]                 [34mINFO [0;39m o.s.o.j.LocalContainerEntityManagerFactoryBean - Initialized JPA EntityManagerFactory for persistence unit 'default'
21:13:03.408 [main]                 [31mWARN [0;39m o.s.b.a.o.j.JpaBaseConfiguration$JpaWebConfiguration - spring.jpa.open-in-view is enabled by default. Therefore, database queries may be performed during view rendering. Explicitly configure spring.jpa.open-in-view to disable this warning
21:13:03.580 [main]                 [34mINFO [0;39m o.s.b.a.w.s.WelcomePageHandlerMapping - Adding welcome page template: index
21:13:03.736 [main]                 [34mINFO [0;39m o.a.coyote.http11.Http11NioProtocol - Starting ProtocolHandler ["http-nio-8080"]
21:13:03.767 [main]                 [34mINFO [0;39m o.s.b.w.e.tomcat.TomcatWebServer - Tomcat started on port(s): 8080 (http) with context path ''
21:13:03.767 [main]                 [34mINFO [0;39m com.example.demo2.Application - Started Application in 4.431 seconds (JVM running for 4.881)
21:13:03.767 [main]                 [34mINFO [0;39m o.s.b.a.ApplicationAvailabilityBean - Application availability state LivenessState changed to CORRECT
21:13:03.783 [main]                 [34mINFO [0;39m o.s.b.a.ApplicationAvailabilityBean - Application availability state ReadinessState changed to ACCEPTING_TRAFFIC
21:13:14.793 [http-nio-8080-exec-5] [34mINFO [0;39m o.a.c.c.C.[Tomcat].[localhost].[/] - Initializing Spring DispatcherServlet 'dispatcherServlet'
21:13:14.794 [http-nio-8080-exec-5] [34mINFO [0;39m o.s.web.servlet.DispatcherServlet - Initializing Servlet 'dispatcherServlet'
21:13:14.795 [http-nio-8080-exec-5] [34mINFO [0;39m o.s.web.servlet.DispatcherServlet - Completed initialization in 1 ms
21:16:26.372 [main]                 [34mINFO [0;39m com.example.demo2.Application - Starting Application using Java 21.0.1 on My-PC with PID 5644 (D:\Java\Project IDEA\SiteForTest\target\classes started by Макс in D:\Java\Project IDEA\SiteForTest)
21:16:26.372 [main]                 [34mINFO [0;39m com.example.demo2.Application - No active profile set, falling back to default profiles: default
21:16:26.372 [background-preinit]   [34mINFO [0;39m o.h.validator.internal.util.Version - HV000001: Hibernate Validator 6.2.0.Final
21:16:27.215 [main]                 [34mINFO [0;39m o.s.d.r.c.RepositoryConfigurationDelegate - Bootstrapping Spring Data JPA repositories in DEFAULT mode.
21:16:27.277 [main]                 [34mINFO [0;39m o.s.d.r.c.RepositoryConfigurationDelegate - Finished Spring Data repository scanning in 59 ms. Found 4 JPA repository interfaces.
21:16:27.870 [main]                 [34mINFO [0;39m o.s.b.w.e.tomcat.TomcatWebServer - Tomcat initialized with port(s): 8080 (http)
21:16:27.901 [main]                 [34mINFO [0;39m o.a.coyote.http11.Http11NioProtocol - Initializing ProtocolHandler ["http-nio-8080"]
21:16:27.901 [main]                 [34mINFO [0;39m o.a.catalina.core.StandardService - Starting service [Tomcat]
21:16:27.901 [main]                 [34mINFO [0;39m o.a.catalina.core.StandardEngine - Starting Servlet engine: [Apache Tomcat/9.0.46]
21:16:28.010 [main]                 [34mINFO [0;39m o.a.c.c.C.[Tomcat].[localhost].[/] - Initializing Spring embedded WebApplicationContext
21:16:28.010 [main]                 [34mINFO [0;39m o.s.b.w.s.c.ServletWebServerApplicationContext - Root WebApplicationContext: initialization completed in 1575 ms
21:16:28.135 [main]                 [34mINFO [0;39m com.zaxxer.hikari.HikariDataSource - HikariPool-1 - Starting...
21:16:28.542 [main]                 [34mINFO [0;39m com.zaxxer.hikari.HikariDataSource - HikariPool-1 - Start completed.
21:16:28.604 [main]                 [34mINFO [0;39m o.h.jpa.internal.util.LogHelper - HHH000204: Processing PersistenceUnitInfo [name: default]
21:16:28.635 [main]                 [34mINFO [0;39m org.hibernate.Version - HHH000412: Hibernate ORM core version 5.4.31.Final
21:16:28.791 [main]                 [34mINFO [0;39m o.h.annotations.common.Version - HCANN000001: Hibernate Commons Annotations {5.1.2.Final}
21:16:28.901 [main]                 [34mINFO [0;39m org.hibernate.dialect.Dialect - HHH000400: Using dialect: org.hibernate.dialect.MySQL5Dialect
21:16:29.495 [main]                 [34mINFO [0;39m o.h.e.t.j.p.i.JtaPlatformInitiator - HHH000490: Using JtaPlatform implementation: [org.hibernate.engine.transaction.jta.platform.internal.NoJtaPlatform]
21:16:29.495 [main]                 [34mINFO [0;39m o.s.o.j.LocalContainerEntityManagerFactoryBean - Initialized JPA EntityManagerFactory for persistence unit 'default'
21:16:30.080 [main]                 [31mWARN [0;39m o.s.b.a.o.j.JpaBaseConfiguration$JpaWebConfiguration - spring.jpa.open-in-view is enabled by default. Therefore, database queries may be performed during view rendering. Explicitly configure spring.jpa.open-in-view to disable this warning
21:16:30.246 [main]                 [34mINFO [0;39m o.s.b.a.w.s.WelcomePageHandlerMapping - Adding welcome page template: index
21:16:30.394 [main]                 [34mINFO [0;39m o.a.coyote.http11.Http11NioProtocol - Starting ProtocolHandler ["http-nio-8080"]
21:16:30.423 [main]                 [34mINFO [0;39m o.s.b.w.e.tomcat.TomcatWebServer - Tomcat started on port(s): 8080 (http) with context path ''
21:16:30.435 [main]                 [34mINFO [0;39m com.example.demo2.Application - Started Application in 4.579 seconds (JVM running for 5.026)
21:16:30.436 [main]                 [34mINFO [0;39m o.s.b.a.ApplicationAvailabilityBean - Application availability state LivenessState changed to CORRECT
21:16:30.442 [main]                 [34mINFO [0;39m o.s.b.a.ApplicationAvailabilityBean - Application availability state ReadinessState changed to ACCEPTING_TRAFFIC
21:16:43.206 [http-nio-8080-exec-1] [34mINFO [0;39m o.a.c.c.C.[Tomcat].[localhost].[/] - Initializing Spring DispatcherServlet 'dispatcherServlet'
21:16:43.206 [http-nio-8080-exec-1] [34mINFO [0;39m o.s.web.servlet.DispatcherServlet - Initializing Servlet 'dispatcherServlet'
21:16:43.208 [http-nio-8080-exec-1] [34mINFO [0;39m o.s.web.servlet.DispatcherServlet - Completed initialization in 2 ms
21:20:01.583 [http-nio-8080-exec-8] [34mINFO [0;39m c.e.d.s.f.DefaultFilesInfoService - !!!message by DefaultFilesInfoService, method findAllFilesName!!!
21:20:01.733 [http-nio-8080-exec-10] [34mINFO [0;39m c.e.d.s.f.DefaultFilesInfoService - !!!message by DefaultFilesInfoService, method findAllFilesName!!!
21:20:01.851 [http-nio-8080-exec-9] [34mINFO [0;39m c.e.d.filter.FilterForSomeTemplates - Filter 2 for templates - /users/delete and /users/findAll. URI : /users/findAll, User Name : null
21:20:01.852 [http-nio-8080-exec-9] [34mINFO [0;39m c.e.d.s.users.DefaultUsersService - !!!message by DefaultUserService, method findAll!!!
21:20:02.329 [http-nio-8080-exec-1] [34mINFO [0;39m c.e.d.s.users.DefaultUsersService - !!!message by DefaultUserService, method findByLogin!!!
21:20:02.345 [http-nio-8080-exec-1] [34mINFO [0;39m c.e.d.s.users.DefaultUsersService - !!!message by DefaultUserService, method findByLogin!!! - NULL
21:20:02.345 [http-nio-8080-exec-1] [34mINFO [0;39m c.e.d.s.users.DefaultUsersService - !!!message by DefaultUserService, method saveUser!!!
21:20:03.808 [http-nio-8080-exec-2] [34mINFO [0;39m c.e.d.filter.FilterForSomeTemplates - Filter 2 for templates - /users/delete and /users/findAll. URI : /users/findAll, User Name : null
21:20:03.808 [http-nio-8080-exec-2] [34mINFO [0;39m c.e.d.s.users.DefaultUsersService - !!!message by DefaultUserService, method findAll!!!
21:20:04.415 [http-nio-8080-exec-3] [34mINFO [0;39m c.e.d.s.users.DefaultUsersService - !!!message by DefaultUserService, method deleteUser!!!
21:20:04.621 [http-nio-8080-exec-4] [34mINFO [0;39m c.e.d.filter.FilterForSomeTemplates - Filter 2 for templates - /users/delete and /users/findAll. URI : /users/findAll, User Name : null
21:20:04.621 [http-nio-8080-exec-4] [34mINFO [0;39m c.e.d.s.users.DefaultUsersService - !!!message by DefaultUserService, method findAll!!!
21:22:59.870 [http-nio-8080-exec-8] [34mINFO [0;39m c.e.d.s.f.DefaultFilesInfoService - !!!message by DefaultFilesInfoService, method findAllFilesName!!!
21:23:00.028 [http-nio-8080-exec-9] [34mINFO [0;39m c.e.d.s.f.DefaultFilesInfoService - !!!message by DefaultFilesInfoService, method findAllFilesName!!!
21:23:00.153 [http-nio-8080-exec-10] [34mINFO [0;39m c.e.d.filter.FilterForSomeTemplates - Filter 2 for templates - /users/delete and /users/findAll. URI : /users/findAll, User Name : null
21:23:00.154 [http-nio-8080-exec-10] [34mINFO [0;39m c.e.d.s.users.DefaultUsersService - !!!message by DefaultUserService, method findAll!!!
21:23:00.563 [http-nio-8080-exec-1] [34mINFO [0;39m c.e.d.s.users.DefaultUsersService - !!!message by DefaultUserService, method findByLogin!!!
21:23:00.566 [http-nio-8080-exec-1] [34mINFO [0;39m c.e.d.s.users.DefaultUsersService - !!!message by DefaultUserService, method findByLogin!!! - NULL
21:23:00.566 [http-nio-8080-exec-1] [34mINFO [0;39m c.e.d.s.users.DefaultUsersService - !!!message by DefaultUserService, method saveUser!!!
21:23:02.121 [http-nio-8080-exec-2] [34mINFO [0;39m c.e.d.filter.FilterForSomeTemplates - Filter 2 for templates - /users/delete and /users/findAll. URI : /users/findAll, User Name : null
21:23:02.123 [http-nio-8080-exec-2] [34mINFO [0;39m c.e.d.s.users.DefaultUsersService - !!!message by DefaultUserService, method findAll!!!
21:23:02.717 [http-nio-8080-exec-3] [34mINFO [0;39m c.e.d.s.users.DefaultUsersService - !!!message by DefaultUserService, method deleteUser!!!
21:23:02.937 [http-nio-8080-exec-4] [34mINFO [0;39m c.e.d.filter.FilterForSomeTemplates - Filter 2 for templates - /users/delete and /users/findAll. URI : /users/findAll, User Name : null
21:23:02.937 [http-nio-8080-exec-4] [34mINFO [0;39m c.e.d.s.users.DefaultUsersService - !!!message by DefaultUserService, method findAll!!!
21:25:06.603 [http-nio-8080-exec-10] [34mINFO [0;39m c.e.d.s.f.DefaultFilesInfoService - !!!message by DefaultFilesInfoService, method findAllFilesName!!!
21:25:06.744 [http-nio-8080-exec-2] [34mINFO [0;39m c.e.d.s.f.DefaultFilesInfoService - !!!message by DefaultFilesInfoService, method findAllFilesName!!!
21:25:09.872 [http-nio-8080-exec-5] [34mINFO [0;39m c.e.d.s.f.DefaultFilesInfoService - !!!message by DefaultFilesInfoService, method findAllFilesName!!!
21:25:10.029 [http-nio-8080-exec-6] [34mINFO [0;39m c.e.d.s.f.DefaultFilesInfoService - !!!message by DefaultFilesInfoService, method findAllFilesName!!!
21:25:10.148 [http-nio-8080-exec-7] [34mINFO [0;39m c.e.d.filter.FilterForSomeTemplates - Filter 2 for templates - /users/delete and /users/findAll. URI : /users/findAll, User Name : null
21:25:10.149 [http-nio-8080-exec-7] [34mINFO [0;39m c.e.d.s.users.DefaultUsersService - !!!message by DefaultUserService, method findAll!!!
21:25:10.577 [http-nio-8080-exec-8] [34mINFO [0;39m c.e.d.s.users.DefaultUsersService - !!!message by DefaultUserService, method findByLogin!!!
21:25:10.580 [http-nio-8080-exec-8] [34mINFO [0;39m c.e.d.s.users.DefaultUsersService - !!!message by DefaultUserService, method findByLogin!!! - NULL
21:25:10.580 [http-nio-8080-exec-8] [34mINFO [0;39m c.e.d.s.users.DefaultUsersService - !!!message by DefaultUserService, method saveUser!!!
21:25:12.142 [http-nio-8080-exec-9] [34mINFO [0;39m c.e.d.filter.FilterForSomeTemplates - Filter 2 for templates - /users/delete and /users/findAll. URI : /users/findAll, User Name : null
21:25:12.144 [http-nio-8080-exec-9] [34mINFO [0;39m c.e.d.s.users.DefaultUsersService - !!!message by DefaultUserService, method findAll!!!
21:25:12.733 [http-nio-8080-exec-10] [34mINFO [0;39m c.e.d.s.users.DefaultUsersService - !!!message by DefaultUserService, method deleteUser!!!
21:25:12.937 [http-nio-8080-exec-1] [34mINFO [0;39m c.e.d.filter.FilterForSomeTemplates - Filter 2 for templates - /users/delete and /users/findAll. URI : /users/findAll, User Name : null
21:25:12.937 [http-nio-8080-exec-1] [34mINFO [0;39m c.e.d.s.users.DefaultUsersService - !!!message by DefaultUserService, method findAll!!!
