11:09:54.539 [main]                 [34mINFO [0;39m com.example.demo2.Application - Starting Application using Java 21.0.1 on My-PC with PID 5872 (D:\Java\Project IDEA\SiteForTest\target\classes started by Макс in D:\Java\Project IDEA\SiteForTest)
11:09:54.539 [background-preinit]   [34mINFO [0;39m o.h.validator.internal.util.Version - HV000001: Hibernate Validator 6.2.0.Final
11:09:54.554 [main]                 [34mINFO [0;39m com.example.demo2.Application - No active profile set, falling back to default profiles: default
11:09:55.367 [main]                 [34mINFO [0;39m o.s.d.r.c.RepositoryConfigurationDelegate - Bootstrapping Spring Data JPA repositories in DEFAULT mode.
11:09:55.430 [main]                 [34mINFO [0;39m o.s.d.r.c.RepositoryConfigurationDelegate - Finished Spring Data repository scanning in 55 ms. Found 4 JPA repository interfaces.
11:09:56.069 [main]                 [34mINFO [0;39m o.s.b.w.e.tomcat.TomcatWebServer - Tomcat initialized with port(s): 8080 (http)
11:09:56.085 [main]                 [34mINFO [0;39m o.a.coyote.http11.Http11NioProtocol - Initializing ProtocolHandler ["http-nio-8080"]
11:09:56.085 [main]                 [34mINFO [0;39m o.a.catalina.core.StandardService - Starting service [Tomcat]
11:09:56.085 [main]                 [34mINFO [0;39m o.a.catalina.core.StandardEngine - Starting Servlet engine: [Apache Tomcat/9.0.46]
11:09:56.178 [main]                 [34mINFO [0;39m o.a.c.c.C.[Tomcat].[localhost].[/] - Initializing Spring embedded WebApplicationContext
11:09:56.178 [main]                 [34mINFO [0;39m o.s.b.w.s.c.ServletWebServerApplicationContext - Root WebApplicationContext: initialization completed in 1545 ms
11:09:56.319 [main]                 [34mINFO [0;39m com.zaxxer.hikari.HikariDataSource - HikariPool-1 - Starting...
11:09:56.802 [main]                 [34mINFO [0;39m com.zaxxer.hikari.HikariDataSource - HikariPool-1 - Start completed.
11:09:56.849 [main]                 [34mINFO [0;39m o.h.jpa.internal.util.LogHelper - HHH000204: Processing PersistenceUnitInfo [name: default]
11:09:56.912 [main]                 [34mINFO [0;39m org.hibernate.Version - HHH000412: Hibernate ORM core version 5.4.31.Final
11:09:57.083 [main]                 [34mINFO [0;39m o.h.annotations.common.Version - HCANN000001: Hibernate Commons Annotations {5.1.2.Final}
11:09:57.208 [main]                 [34mINFO [0;39m org.hibernate.dialect.Dialect - HHH000400: Using dialect: org.hibernate.dialect.MySQL5Dialect
11:09:57.894 [main]                 [34mINFO [0;39m o.h.e.t.j.p.i.JtaPlatformInitiator - HHH000490: Using JtaPlatform implementation: [org.hibernate.engine.transaction.jta.platform.internal.NoJtaPlatform]
11:09:57.910 [main]                 [34mINFO [0;39m o.s.o.j.LocalContainerEntityManagerFactoryBean - Initialized JPA EntityManagerFactory for persistence unit 'default'
11:09:58.456 [main]                 [31mWARN [0;39m o.s.b.a.o.j.JpaBaseConfiguration$JpaWebConfiguration - spring.jpa.open-in-view is enabled by default. Therefore, database queries may be performed during view rendering. Explicitly configure spring.jpa.open-in-view to disable this warning
11:09:58.643 [main]                 [34mINFO [0;39m o.s.b.a.w.s.WelcomePageHandlerMapping - Adding welcome page template: index
11:09:58.799 [main]                 [34mINFO [0;39m o.a.coyote.http11.Http11NioProtocol - Starting ProtocolHandler ["http-nio-8080"]
11:09:58.815 [main]                 [34mINFO [0;39m o.s.b.w.e.tomcat.TomcatWebServer - Tomcat started on port(s): 8080 (http) with context path ''
11:09:58.830 [main]                 [34mINFO [0;39m com.example.demo2.Application - Started Application in 4.916 seconds (JVM running for 5.581)
11:09:58.830 [main]                 [34mINFO [0;39m o.s.b.a.ApplicationAvailabilityBean - Application availability state LivenessState changed to CORRECT
11:09:58.830 [main]                 [34mINFO [0;39m o.s.b.a.ApplicationAvailabilityBean - Application availability state ReadinessState changed to ACCEPTING_TRAFFIC
11:10:41.501 [http-nio-8080-exec-1] [34mINFO [0;39m o.a.c.c.C.[Tomcat].[localhost].[/] - Initializing Spring DispatcherServlet 'dispatcherServlet'
11:10:41.502 [http-nio-8080-exec-1] [34mINFO [0;39m o.s.web.servlet.DispatcherServlet - Initializing Servlet 'dispatcherServlet'
11:10:41.503 [http-nio-8080-exec-1] [34mINFO [0;39m o.s.web.servlet.DispatcherServlet - Completed initialization in 1 ms
11:10:41.509 [http-nio-8080-exec-1] [34mINFO [0;39m c.e.d.filter.FilterForAllTemplates - Filter 1 for all templates URL : http://localhost:8080/
11:10:41.781 [http-nio-8080-exec-2] [34mINFO [0;39m c.e.d.filter.FilterForAllTemplates - Filter 1 for all templates URL : http://localhost:8080/favicon.ico
11:10:44.323 [http-nio-8080-exec-3] [34mINFO [0;39m c.e.d.filter.FilterForAllTemplates - Filter 1 for all templates URL : http://localhost:8080/workingWithFields.html
11:10:44.367 [http-nio-8080-exec-4] [34mINFO [0;39m c.e.d.filter.FilterForAllTemplates - Filter 1 for all templates URL : http://localhost:8080/js/workingWithFields.js
11:25:06.168 [http-nio-8080-exec-7] [34mINFO [0;39m c.e.d.filter.FilterForAllTemplates - Filter 1 for all templates URL : http://localhost:8080/users/form
11:25:06.168 [http-nio-8080-exec-7] [31mWARN [0;39m o.s.w.s.m.s.DefaultHandlerExceptionResolver - Resolved [org.springframework.web.HttpMediaTypeNotSupportedException: Content type 'application/json' not supported]
11:36:17.227 [http-nio-8080-exec-9] [34mINFO [0;39m c.e.d.filter.FilterForAllTemplates - Filter 1 for all templates URL : http://localhost:8080/users/form
11:36:17.227 [http-nio-8080-exec-9] [31mWARN [0;39m o.s.w.s.m.s.DefaultHandlerExceptionResolver - Resolved [org.springframework.web.HttpMediaTypeNotSupportedException: Invalid mime type "application/json, application/xml; charset=ISO-8859-1": Invalid token character ',' in token "json, application/xml"]
11:38:09.853 [http-nio-8080-exec-1] [34mINFO [0;39m c.e.d.filter.FilterForAllTemplates - Filter 1 for all templates URL : http://localhost:8080/users/form
11:38:09.853 [http-nio-8080-exec-1] [31mWARN [0;39m o.s.w.s.m.s.DefaultHandlerExceptionResolver - Resolved [org.springframework.web.HttpMediaTypeNotSupportedException: Invalid mime type "application/json, application/xml; charset=ISO-8859-1": Invalid token character ',' in token "json, application/xml"]
11:40:35.439 [http-nio-8080-exec-3] [34mINFO [0;39m c.e.d.filter.FilterForAllTemplates - Filter 1 for all templates URL : http://localhost:8080/users/form
11:40:35.439 [http-nio-8080-exec-3] [31mWARN [0;39m o.s.w.s.m.s.DefaultHandlerExceptionResolver - Resolved [org.springframework.web.HttpMediaTypeNotSupportedException: Content type 'application/json;charset=UTF-8' not supported]
11:57:16.651 [http-nio-8080-exec-6] [34mINFO [0;39m c.e.d.filter.FilterForAllTemplates - Filter 1 for all templates URL : http://localhost:8080/users/form
11:57:16.651 [http-nio-8080-exec-6] [31mWARN [0;39m o.s.w.s.m.s.DefaultHandlerExceptionResolver - Resolved [org.springframework.web.HttpMediaTypeNotSupportedException: Content type 'application/x-www-form-urlencodedl;charset=ISO-8859-1' not supported]
12:04:59.060 [http-nio-8080-exec-7] [34mINFO [0;39m c.e.d.filter.FilterForAllTemplates - Filter 1 for all templates URL : http://localhost:8080/users/form
12:04:59.061 [http-nio-8080-exec-7] [31mWARN [0;39m o.s.w.s.m.s.DefaultHandlerExceptionResolver - Resolved [org.springframework.web.HttpMediaTypeNotSupportedException: Invalid mime type "application/json, application/xml; charset=ISO-8859-1": Invalid token character ',' in token "json, application/xml"]
12:06:55.052 [http-nio-8080-exec-9] [34mINFO [0;39m c.e.d.filter.FilterForAllTemplates - Filter 1 for all templates URL : http://localhost:8080/users/form
12:06:55.053 [http-nio-8080-exec-9] [31mWARN [0;39m o.s.w.s.m.s.DefaultHandlerExceptionResolver - Resolved [org.springframework.web.HttpMediaTypeNotSupportedException: Content type 'application/x-www-form-urlencodedl;charset=ISO-8859-1' not supported]
12:10:47.243 [http-nio-8080-exec-1] [34mINFO [0;39m c.e.d.filter.FilterForAllTemplates - Filter 1 for all templates URL : http://localhost:8080/users/form
12:10:47.244 [http-nio-8080-exec-1] [31mWARN [0;39m o.s.w.s.m.s.DefaultHandlerExceptionResolver - Resolved [org.springframework.web.HttpMediaTypeNotSupportedException: Content type 'application/x-www-form-urlencodedl;charset=ISO-8859-1' not supported]
12:11:35.494 [http-nio-8080-exec-3] [34mINFO [0;39m c.e.d.filter.FilterForAllTemplates - Filter 1 for all templates URL : http://localhost:8080/users/form
12:11:35.495 [http-nio-8080-exec-3] [31mWARN [0;39m o.s.w.s.m.s.DefaultHandlerExceptionResolver - Resolved [org.springframework.web.HttpMediaTypeNotSupportedException: Invalid mime type "application/json, application/xml; charset=ISO-8859-1": Invalid token character ',' in token "json, application/xml"]
12:12:36.233 [http-nio-8080-exec-6] [34mINFO [0;39m c.e.d.filter.FilterForAllTemplates - Filter 1 for all templates URL : http://localhost:8080/users/form
12:12:36.234 [http-nio-8080-exec-6] [31mWARN [0;39m o.s.w.s.m.s.DefaultHandlerExceptionResolver - Resolved [org.springframework.web.HttpMediaTypeNotSupportedException: Content type 'application/x-www-form-urlencodedl;charset=ISO-8859-1' not supported]
12:17:09.161 [http-nio-8080-exec-7] [34mINFO [0;39m c.e.d.filter.FilterForAllTemplates - Filter 1 for all templates URL : http://localhost:8080/users/form
12:17:09.161 [http-nio-8080-exec-7] [31mWARN [0;39m o.s.w.s.m.s.DefaultHandlerExceptionResolver - Resolved [org.springframework.web.HttpMediaTypeNotSupportedException: Content type 'application/x-www-form-urlencodedl;charset=ISO-8859-1' not supported]
17:22:15.953 [background-preinit]   [34mINFO [0;39m o.h.validator.internal.util.Version - HV000001: Hibernate Validator 6.2.0.Final
17:22:15.984 [main]                 [34mINFO [0;39m com.example.demo2.Application - Starting Application using Java 21.0.1 on My-PC with PID 7276 (D:\Java\Project IDEA\SiteForTest\target\classes started by Макс in D:\Java\Project IDEA\SiteForTest)
17:22:16.031 [main]                 [34mINFO [0;39m com.example.demo2.Application - No active profile set, falling back to default profiles: default
17:22:16.780 [main]                 [34mINFO [0;39m o.s.d.r.c.RepositoryConfigurationDelegate - Bootstrapping Spring Data JPA repositories in DEFAULT mode.
17:22:16.842 [main]                 [34mINFO [0;39m o.s.d.r.c.RepositoryConfigurationDelegate - Finished Spring Data repository scanning in 58 ms. Found 4 JPA repository interfaces.
17:22:17.513 [main]                 [34mINFO [0;39m o.s.b.w.e.tomcat.TomcatWebServer - Tomcat initialized with port(s): 8080 (http)
17:22:17.529 [main]                 [34mINFO [0;39m o.a.coyote.http11.Http11NioProtocol - Initializing ProtocolHandler ["http-nio-8080"]
17:22:17.529 [main]                 [34mINFO [0;39m o.a.catalina.core.StandardService - Starting service [Tomcat]
17:22:17.529 [main]                 [34mINFO [0;39m o.a.catalina.core.StandardEngine - Starting Servlet engine: [Apache Tomcat/9.0.46]
17:22:17.607 [main]                 [34mINFO [0;39m o.a.c.c.C.[Tomcat].[localhost].[/] - Initializing Spring embedded WebApplicationContext
17:22:17.607 [main]                 [34mINFO [0;39m o.s.b.w.s.c.ServletWebServerApplicationContext - Root WebApplicationContext: initialization completed in 1529 ms
17:22:17.747 [main]                 [34mINFO [0;39m com.zaxxer.hikari.HikariDataSource - HikariPool-1 - Starting...
17:22:18.215 [main]                 [34mINFO [0;39m com.zaxxer.hikari.HikariDataSource - HikariPool-1 - Start completed.
17:22:18.278 [main]                 [34mINFO [0;39m o.h.jpa.internal.util.LogHelper - HHH000204: Processing PersistenceUnitInfo [name: default]
17:22:18.340 [main]                 [34mINFO [0;39m org.hibernate.Version - HHH000412: Hibernate ORM core version 5.4.31.Final
17:22:18.512 [main]                 [34mINFO [0;39m o.h.annotations.common.Version - HCANN000001: Hibernate Commons Annotations {5.1.2.Final}
17:22:18.621 [main]                 [34mINFO [0;39m org.hibernate.dialect.Dialect - HHH000400: Using dialect: org.hibernate.dialect.MySQL5Dialect
17:22:19.323 [main]                 [34mINFO [0;39m o.h.e.t.j.p.i.JtaPlatformInitiator - HHH000490: Using JtaPlatform implementation: [org.hibernate.engine.transaction.jta.platform.internal.NoJtaPlatform]
17:22:19.338 [main]                 [34mINFO [0;39m o.s.o.j.LocalContainerEntityManagerFactoryBean - Initialized JPA EntityManagerFactory for persistence unit 'default'
17:22:19.884 [main]                 [31mWARN [0;39m o.s.b.a.o.j.JpaBaseConfiguration$JpaWebConfiguration - spring.jpa.open-in-view is enabled by default. Therefore, database queries may be performed during view rendering. Explicitly configure spring.jpa.open-in-view to disable this warning
17:22:20.056 [main]                 [34mINFO [0;39m o.s.b.a.w.s.WelcomePageHandlerMapping - Adding welcome page template: index
17:22:20.212 [main]                 [34mINFO [0;39m o.a.coyote.http11.Http11NioProtocol - Starting ProtocolHandler ["http-nio-8080"]
17:22:20.228 [main]                 [34mINFO [0;39m o.s.b.w.e.tomcat.TomcatWebServer - Tomcat started on port(s): 8080 (http) with context path ''
17:22:20.243 [main]                 [34mINFO [0;39m com.example.demo2.Application - Started Application in 4.918 seconds (JVM running for 5.609)
17:22:20.243 [main]                 [34mINFO [0;39m o.s.b.a.ApplicationAvailabilityBean - Application availability state LivenessState changed to CORRECT
17:22:20.243 [main]                 [34mINFO [0;39m o.s.b.a.ApplicationAvailabilityBean - Application availability state ReadinessState changed to ACCEPTING_TRAFFIC
17:28:39.717 [http-nio-8080-exec-1] [34mINFO [0;39m o.a.c.c.C.[Tomcat].[localhost].[/] - Initializing Spring DispatcherServlet 'dispatcherServlet'
17:28:39.717 [http-nio-8080-exec-1] [34mINFO [0;39m o.s.web.servlet.DispatcherServlet - Initializing Servlet 'dispatcherServlet'
17:28:39.717 [http-nio-8080-exec-1] [34mINFO [0;39m o.s.web.servlet.DispatcherServlet - Completed initialization in 0 ms
17:28:39.717 [http-nio-8080-exec-1] [34mINFO [0;39m c.e.d.filter.FilterForAllTemplates - Filter 1 for all templates URL : http://localhost:8080/
17:28:41.395 [http-nio-8080-exec-2] [34mINFO [0;39m c.e.d.filter.FilterForAllTemplates - Filter 1 for all templates URL : http://localhost:8080/favicon.ico
17:28:43.610 [http-nio-8080-exec-3] [34mINFO [0;39m c.e.d.filter.FilterForAllTemplates - Filter 1 for all templates URL : http://localhost:8080/workingWithFiles.html
17:28:43.659 [http-nio-8080-exec-4] [34mINFO [0;39m c.e.d.filter.FilterForAllTemplates - Filter 1 for all templates URL : http://localhost:8080/js/workingWithFiles.js
17:28:43.736 [http-nio-8080-exec-5] [34mINFO [0;39m c.e.d.filter.FilterForAllTemplates - Filter 1 for all templates URL : http://localhost:8080/filesInfo/findAllFilesName
17:28:43.739 [http-nio-8080-exec-5] [34mINFO [0;39m c.e.d.c.f.FilesInfoController - +++message by FilesInfoController, method findAllFilesName+++
17:28:43.740 [http-nio-8080-exec-5] [34mINFO [0;39m c.e.d.c.f.FilesInfoController - UserController: Handling find all users request
17:29:06.327 [http-nio-8080-exec-6] [34mINFO [0;39m c.e.d.filter.FilterForAllTemplates - Filter 1 for all templates URL : http://localhost:8080/filesInfo/upload
17:29:06.375 [http-nio-8080-exec-6] [34mINFO [0;39m c.e.d.c.f.FilesInfoController - +++message by FilesInfoController, method singleFileUpload+++ file = org.springframework.web.multipart.support.StandardMultipartHttpServletRequest$StandardMultipartFile@4ea4a23f
17:29:07.845 [http-nio-8080-exec-7] [34mINFO [0;39m c.e.d.filter.FilterForAllTemplates - Filter 1 for all templates URL : http://localhost:8080/filesInfo/findAllFilesName
17:29:07.845 [http-nio-8080-exec-7] [34mINFO [0;39m c.e.d.c.f.FilesInfoController - +++message by FilesInfoController, method findAllFilesName+++
17:29:07.845 [http-nio-8080-exec-7] [34mINFO [0;39m c.e.d.c.f.FilesInfoController - UserController: Handling find all users request
17:29:46.812 [http-nio-8080-exec-9] [34mINFO [0;39m c.e.d.filter.FilterForAllTemplates - Filter 1 for all templates URL : http://localhost:8080/filesInfo/upload
17:29:46.846 [http-nio-8080-exec-9] [34mINFO [0;39m c.e.d.c.f.FilesInfoController - +++message by FilesInfoController, method singleFileUpload+++ file = org.springframework.web.multipart.support.StandardMultipartHttpServletRequest$StandardMultipartFile@8c745db
17:29:48.326 [http-nio-8080-exec-10] [34mINFO [0;39m c.e.d.filter.FilterForAllTemplates - Filter 1 for all templates URL : http://localhost:8080/filesInfo/findAllFilesName
17:29:48.326 [http-nio-8080-exec-10] [34mINFO [0;39m c.e.d.c.f.FilesInfoController - +++message by FilesInfoController, method findAllFilesName+++
17:29:48.326 [http-nio-8080-exec-10] [34mINFO [0;39m c.e.d.c.f.FilesInfoController - UserController: Handling find all users request
17:29:57.475 [http-nio-8080-exec-1] [34mINFO [0;39m c.e.d.filter.FilterForAllTemplates - Filter 1 for all templates URL : http://localhost:8080/filesInfo/delete/0001.jpg
17:29:57.491 [http-nio-8080-exec-1] [34mINFO [0;39m c.e.d.c.f.FilesInfoController - +++message by UserController, method deleteUsers+++
17:29:57.491 [http-nio-8080-exec-1] [34mINFO [0;39m c.e.d.c.f.FilesInfoController - UserController: Handling delete user request: 0001.jpg
17:29:57.688 [http-nio-8080-exec-2] [34mINFO [0;39m c.e.d.filter.FilterForAllTemplates - Filter 1 for all templates URL : http://localhost:8080/filesInfo/findAllFilesName
17:29:57.688 [http-nio-8080-exec-2] [34mINFO [0;39m c.e.d.c.f.FilesInfoController - +++message by FilesInfoController, method findAllFilesName+++
17:29:57.688 [http-nio-8080-exec-2] [34mINFO [0;39m c.e.d.c.f.FilesInfoController - UserController: Handling find all users request
17:30:10.411 [http-nio-8080-exec-3] [34mINFO [0;39m c.e.d.filter.FilterForAllTemplates - Filter 1 for all templates URL : http://localhost:8080/filesInfo/upload
17:30:10.442 [http-nio-8080-exec-3] [34mINFO [0;39m c.e.d.c.f.FilesInfoController - +++message by FilesInfoController, method singleFileUpload+++ file = org.springframework.web.multipart.support.StandardMultipartHttpServletRequest$StandardMultipartFile@61056bd4
17:30:11.939 [http-nio-8080-exec-4] [34mINFO [0;39m c.e.d.filter.FilterForAllTemplates - Filter 1 for all templates URL : http://localhost:8080/filesInfo/findAllFilesName
17:30:11.939 [http-nio-8080-exec-4] [34mINFO [0;39m c.e.d.c.f.FilesInfoController - +++message by FilesInfoController, method findAllFilesName+++
17:30:11.939 [http-nio-8080-exec-4] [34mINFO [0;39m c.e.d.c.f.FilesInfoController - UserController: Handling find all users request
17:30:34.262 [http-nio-8080-exec-5] [34mINFO [0;39m c.e.d.filter.FilterForAllTemplates - Filter 1 for all templates URL : http://localhost:8080/filesInfo/upload
17:30:34.309 [http-nio-8080-exec-5] [34mINFO [0;39m c.e.d.c.f.FilesInfoController - +++message by FilesInfoController, method singleFileUpload+++ file = org.springframework.web.multipart.support.StandardMultipartHttpServletRequest$StandardMultipartFile@7874bb6d
17:30:35.775 [http-nio-8080-exec-6] [34mINFO [0;39m c.e.d.filter.FilterForAllTemplates - Filter 1 for all templates URL : http://localhost:8080/filesInfo/findAllFilesName
17:30:35.775 [http-nio-8080-exec-6] [34mINFO [0;39m c.e.d.c.f.FilesInfoController - +++message by FilesInfoController, method findAllFilesName+++
17:30:35.775 [http-nio-8080-exec-6] [34mINFO [0;39m c.e.d.c.f.FilesInfoController - UserController: Handling find all users request
18:13:39.387 [http-nio-8080-exec-8] [34mINFO [0;39m c.e.d.filter.FilterForAllTemplates - Filter 1 for all templates URL : http://localhost:8080/filesInfo/findAllFilesName
18:13:39.387 [http-nio-8080-exec-8] [34mINFO [0;39m c.e.d.c.f.FilesInfoController - +++message by FilesInfoController, method findAllFilesName+++
18:13:39.387 [http-nio-8080-exec-8] [34mINFO [0;39m c.e.d.c.f.FilesInfoController - UserController: Handling find all users request
18:25:51.449 [http-nio-8080-exec-10] [34mINFO [0;39m c.e.d.filter.FilterForAllTemplates - Filter 1 for all templates URL : http://localhost:8080/filesInfo/FindAllFilesName
18:28:37.972 [http-nio-8080-exec-2] [34mINFO [0;39m c.e.d.filter.FilterForAllTemplates - Filter 1 for all templates URL : http://localhost:8080/filesInfo/FindAllFilesName
18:29:53.889 [http-nio-8080-exec-4] [34mINFO [0;39m c.e.d.filter.FilterForAllTemplates - Filter 1 for all templates URL : http://localhost:8080/filesInfo/findAllFilesName
18:29:53.889 [http-nio-8080-exec-4] [34mINFO [0;39m c.e.d.c.f.FilesInfoController - +++message by FilesInfoController, method findAllFilesName+++
18:29:53.889 [http-nio-8080-exec-4] [34mINFO [0;39m c.e.d.c.f.FilesInfoController - UserController: Handling find all users request
18:32:28.482 [http-nio-8080-exec-6] [34mINFO [0;39m c.e.d.filter.FilterForAllTemplates - Filter 1 for all templates URL : http://localhost:8080/filesInfo/findAllFilesName
18:32:28.482 [http-nio-8080-exec-6] [34mINFO [0;39m c.e.d.c.f.FilesInfoController - +++message by FilesInfoController, method findAllFilesName+++
18:32:28.482 [http-nio-8080-exec-6] [34mINFO [0;39m c.e.d.c.f.FilesInfoController - UserController: Handling find all users request
18:37:08.097 [http-nio-8080-exec-8] [34mINFO [0;39m c.e.d.filter.FilterForAllTemplates - Filter 1 for all templates URL : http://localhost:8080/filesInfo/FindAllFilesName
18:37:25.259 [http-nio-8080-exec-10] [34mINFO [0;39m c.e.d.filter.FilterForAllTemplates - Filter 1 for all templates URL : http://localhost:8080/filesInfo/findAllFilesName
18:37:25.259 [http-nio-8080-exec-10] [34mINFO [0;39m c.e.d.c.f.FilesInfoController - +++message by FilesInfoController, method findAllFilesName+++
18:37:25.259 [http-nio-8080-exec-10] [34mINFO [0;39m c.e.d.c.f.FilesInfoController - UserController: Handling find all users request
18:48:11.021 [http-nio-8080-exec-2] [34mINFO [0;39m c.e.d.filter.FilterForAllTemplates - Filter 1 for all templates URL : http://localhost:8080/filesInfo/findAllFilesName
18:48:11.021 [http-nio-8080-exec-2] [34mINFO [0;39m c.e.d.c.f.FilesInfoController - +++message by FilesInfoController, method findAllFilesName+++
18:48:11.021 [http-nio-8080-exec-2] [34mINFO [0;39m c.e.d.c.f.FilesInfoController - UserController: Handling find all users request
18:48:54.040 [http-nio-8080-exec-4] [34mINFO [0;39m c.e.d.filter.FilterForAllTemplates - Filter 1 for all templates URL : http://localhost:8080/filesInfo/findAllFilesName
18:48:54.040 [http-nio-8080-exec-4] [34mINFO [0;39m c.e.d.c.f.FilesInfoController - +++message by FilesInfoController, method findAllFilesName+++
18:48:54.040 [http-nio-8080-exec-4] [34mINFO [0;39m c.e.d.c.f.FilesInfoController - UserController: Handling find all users request
18:50:46.171 [http-nio-8080-exec-6] [34mINFO [0;39m c.e.d.filter.FilterForAllTemplates - Filter 1 for all templates URL : http://localhost:8080/filesInfo/findAllFilesName
18:50:46.171 [http-nio-8080-exec-6] [34mINFO [0;39m c.e.d.c.f.FilesInfoController - +++message by FilesInfoController, method findAllFilesName+++
18:50:46.171 [http-nio-8080-exec-6] [34mINFO [0;39m c.e.d.c.f.FilesInfoController - UserController: Handling find all users request
18:53:24.163 [http-nio-8080-exec-8] [34mINFO [0;39m c.e.d.filter.FilterForAllTemplates - Filter 1 for all templates URL : http://localhost:8080/filesInfo/findAllFilesName
18:53:24.163 [http-nio-8080-exec-8] [34mINFO [0;39m c.e.d.c.f.FilesInfoController - +++message by FilesInfoController, method findAllFilesName+++
18:53:24.163 [http-nio-8080-exec-8] [34mINFO [0;39m c.e.d.c.f.FilesInfoController - UserController: Handling find all users request
