11:01:56.449 [main]                 [34mINFO [0;39m com.example.demo2.Application - Starting Application using Java 21.0.1 on My-PC with PID 5716 (D:\Java\Project IDEA\SiteForTest\target\classes started by Макс in D:\Java\Project IDEA\SiteForTest)
11:01:56.480 [main]                 [34mINFO [0;39m com.example.demo2.Application - No active profile set, falling back to default profiles: default
11:01:56.683 [background-preinit]   [34mINFO [0;39m o.h.validator.internal.util.Version - HV000001: Hibernate Validator 6.2.0.Final
11:01:58.139 [main]                 [34mINFO [0;39m o.s.d.r.c.RepositoryConfigurationDelegate - Bootstrapping Spring Data JPA repositories in DEFAULT mode.
11:01:58.388 [main]                 [34mINFO [0;39m o.s.d.r.c.RepositoryConfigurationDelegate - Finished Spring Data repository scanning in 201 ms. Found 4 JPA repository interfaces.
11:02:00.916 [main]                 [34mINFO [0;39m o.s.b.w.e.tomcat.TomcatWebServer - Tomcat initialized with port(s): 8080 (http)
11:02:00.931 [main]                 [34mINFO [0;39m o.a.coyote.http11.Http11NioProtocol - Initializing ProtocolHandler ["http-nio-8080"]
11:02:00.931 [main]                 [34mINFO [0;39m o.a.catalina.core.StandardService - Starting service [Tomcat]
11:02:00.931 [main]                 [34mINFO [0;39m o.a.catalina.core.StandardEngine - Starting Servlet engine: [Apache Tomcat/9.0.46]
11:02:01.072 [main]                 [34mINFO [0;39m o.a.c.c.C.[Tomcat].[localhost].[/] - Initializing Spring embedded WebApplicationContext
11:02:01.072 [main]                 [34mINFO [0;39m o.s.b.w.s.c.ServletWebServerApplicationContext - Root WebApplicationContext: initialization completed in 4389 ms
11:02:01.586 [main]                 [34mINFO [0;39m com.zaxxer.hikari.HikariDataSource - HikariPool-1 - Starting...
11:02:02.476 [main]                 [34mINFO [0;39m com.zaxxer.hikari.HikariDataSource - HikariPool-1 - Start completed.
11:02:02.554 [main]                 [34mINFO [0;39m o.h.jpa.internal.util.LogHelper - HHH000204: Processing PersistenceUnitInfo [name: default]
11:02:02.663 [main]                 [34mINFO [0;39m org.hibernate.Version - HHH000412: Hibernate ORM core version 5.4.31.Final
11:02:02.928 [main]                 [34mINFO [0;39m o.h.annotations.common.Version - HCANN000001: Hibernate Commons Annotations {5.1.2.Final}
11:02:03.100 [main]                 [34mINFO [0;39m org.hibernate.dialect.Dialect - HHH000400: Using dialect: org.hibernate.dialect.MySQL5Dialect
11:02:03.989 [main]                 [34mINFO [0;39m o.h.e.t.j.p.i.JtaPlatformInitiator - HHH000490: Using JtaPlatform implementation: [org.hibernate.engine.transaction.jta.platform.internal.NoJtaPlatform]
11:02:04.004 [main]                 [34mINFO [0;39m o.s.o.j.LocalContainerEntityManagerFactoryBean - Initialized JPA EntityManagerFactory for persistence unit 'default'
11:02:04.675 [main]                 [31mWARN [0;39m o.s.b.a.o.j.JpaBaseConfiguration$JpaWebConfiguration - spring.jpa.open-in-view is enabled by default. Therefore, database queries may be performed during view rendering. Explicitly configure spring.jpa.open-in-view to disable this warning
11:02:04.894 [main]                 [34mINFO [0;39m o.s.b.a.w.s.WelcomePageHandlerMapping - Adding welcome page template: index
11:02:05.065 [main]                 [34mINFO [0;39m o.a.coyote.http11.Http11NioProtocol - Starting ProtocolHandler ["http-nio-8080"]
11:02:05.096 [main]                 [34mINFO [0;39m o.s.b.w.e.tomcat.TomcatWebServer - Tomcat started on port(s): 8080 (http) with context path ''
11:02:05.096 [main]                 [34mINFO [0;39m com.example.demo2.Application - Started Application in 9.921 seconds (JVM running for 11.092)
11:02:05.096 [main]                 [34mINFO [0;39m o.s.b.a.ApplicationAvailabilityBean - Application availability state LivenessState changed to CORRECT
11:02:05.112 [main]                 [34mINFO [0;39m o.s.b.a.ApplicationAvailabilityBean - Application availability state ReadinessState changed to ACCEPTING_TRAFFIC
11:14:08.062 [http-nio-8080-exec-1] [34mINFO [0;39m o.a.c.c.C.[Tomcat].[localhost].[/] - Initializing Spring DispatcherServlet 'dispatcherServlet'
11:14:08.062 [http-nio-8080-exec-1] [34mINFO [0;39m o.s.web.servlet.DispatcherServlet - Initializing Servlet 'dispatcherServlet'
11:14:08.062 [http-nio-8080-exec-1] [34mINFO [0;39m o.s.web.servlet.DispatcherServlet - Completed initialization in 0 ms
11:14:08.079 [http-nio-8080-exec-4] [34mINFO [0;39m c.e.d.filter.FilterForAllTemplates - Filter 1 for all templates URL : http://localhost:8080/filesInfo/upload
11:14:08.079 [http-nio-8080-exec-1] [34mINFO [0;39m c.e.d.filter.FilterForAllTemplates - Filter 1 for all templates URL : http://localhost:8080/filesInfo/upload
11:14:08.079 [http-nio-8080-exec-3] [34mINFO [0;39m c.e.d.filter.FilterForAllTemplates - Filter 1 for all templates URL : http://localhost:8080/filesInfo/upload
11:14:08.079 [http-nio-8080-exec-2] [34mINFO [0;39m c.e.d.filter.FilterForAllTemplates - Filter 1 for all templates URL : http://localhost:8080/filesInfo/upload
11:14:08.111 [http-nio-8080-exec-1] [1;31mERROR[0;39m o.a.c.c.C.[.[.[.[dispatcherServlet] - Servlet.service() for servlet [dispatcherServlet] in context with path [] threw exception [Request processing failed; nested exception is org.springframework.web.multipart.MultipartException: Failed to parse multipart servlet request; nested exception is java.io.IOException: org.apache.tomcat.util.http.fileupload.impl.IOFileUploadException: Processing of multipart/form-data request failed. java.io.EOFException: Unexpected EOF read on the socket] with root cause
java.io.EOFException: Unexpected EOF read on the socket
	at org.apache.coyote.http11.Http11InputBuffer.fill(Http11InputBuffer.java:818)
	at org.apache.coyote.http11.Http11InputBuffer.access$300(Http11InputBuffer.java:42)
	at org.apache.coyote.http11.Http11InputBuffer$SocketInputBuffer.doRead(Http11InputBuffer.java:1166)
	at org.apache.coyote.http11.filters.IdentityInputFilter.doRead(IdentityInputFilter.java:102)
	at org.apache.coyote.http11.Http11InputBuffer.doRead(Http11InputBuffer.java:248)
	at org.apache.coyote.Request.doRead(Request.java:640)
	at org.apache.catalina.connector.InputBuffer.realReadBytes(InputBuffer.java:317)
	at org.apache.catalina.connector.InputBuffer.checkByteBufferEof(InputBuffer.java:600)
	at org.apache.catalina.connector.InputBuffer.read(InputBuffer.java:340)
	at org.apache.catalina.connector.CoyoteInputStream.read(CoyoteInputStream.java:132)
	at java.base/java.io.FilterInputStream.read(FilterInputStream.java:119)
	at org.apache.tomcat.util.http.fileupload.util.LimitedInputStream.read(LimitedInputStream.java:132)
	at org.apache.tomcat.util.http.fileupload.MultipartStream$ItemInputStream.makeAvailable(MultipartStream.java:975)
	at org.apache.tomcat.util.http.fileupload.MultipartStream$ItemInputStream.read(MultipartStream.java:879)
	at java.base/java.io.FilterInputStream.read(FilterInputStream.java:119)
	at org.apache.tomcat.util.http.fileupload.util.LimitedInputStream.read(LimitedInputStream.java:132)
	at java.base/java.io.FilterInputStream.read(FilterInputStream.java:95)
	at org.apache.tomcat.util.http.fileupload.util.Streams.copy(Streams.java:98)
	at org.apache.tomcat.util.http.fileupload.FileUploadBase.parseRequest(FileUploadBase.java:291)
	at org.apache.catalina.connector.Request.parseParts(Request.java:2922)
	at org.apache.catalina.connector.Request.getParts(Request.java:2824)
	at org.apache.catalina.connector.RequestFacade.getParts(RequestFacade.java:1098)
	at org.springframework.web.multipart.support.StandardMultipartHttpServletRequest.parseRequest(StandardMultipartHttpServletRequest.java:95)
	at org.springframework.web.multipart.support.StandardMultipartHttpServletRequest.<init>(StandardMultipartHttpServletRequest.java:88)
	at org.springframework.web.multipart.support.StandardServletMultipartResolver.resolveMultipart(StandardServletMultipartResolver.java:87)
	at org.springframework.web.servlet.DispatcherServlet.checkMultipart(DispatcherServlet.java:1201)
	at org.springframework.web.servlet.DispatcherServlet.doDispatch(DispatcherServlet.java:1035)
	at org.springframework.web.servlet.DispatcherServlet.doService(DispatcherServlet.java:963)
	at org.springframework.web.servlet.FrameworkServlet.processRequest(FrameworkServlet.java:1006)
	at org.springframework.web.servlet.FrameworkServlet.doPost(FrameworkServlet.java:909)
	at javax.servlet.http.HttpServlet.service(HttpServlet.java:652)
	at org.springframework.web.servlet.FrameworkServlet.service(FrameworkServlet.java:883)
	at javax.servlet.http.HttpServlet.service(HttpServlet.java:733)
	at org.apache.catalina.core.ApplicationFilterChain.internalDoFilter(ApplicationFilterChain.java:227)
	at org.apache.catalina.core.ApplicationFilterChain.doFilter(ApplicationFilterChain.java:162)
	at org.apache.tomcat.websocket.server.WsFilter.doFilter(WsFilter.java:53)
	at org.apache.catalina.core.ApplicationFilterChain.internalDoFilter(ApplicationFilterChain.java:189)
	at org.apache.catalina.core.ApplicationFilterChain.doFilter(ApplicationFilterChain.java:162)
	at com.example.demo2.filter.FilterForAllTemplates.doFilter(FilterForAllTemplates.java:31)
	at org.apache.catalina.core.ApplicationFilterChain.internalDoFilter(ApplicationFilterChain.java:189)
	at org.apache.catalina.core.ApplicationFilterChain.doFilter(ApplicationFilterChain.java:162)
	at org.springframework.web.filter.RequestContextFilter.doFilterInternal(RequestContextFilter.java:100)
	at org.springframework.web.filter.OncePerRequestFilter.doFilter(OncePerRequestFilter.java:119)
	at org.apache.catalina.core.ApplicationFilterChain.internalDoFilter(ApplicationFilterChain.java:189)
	at org.apache.catalina.core.ApplicationFilterChain.doFilter(ApplicationFilterChain.java:162)
	at org.springframework.web.filter.FormContentFilter.doFilterInternal(FormContentFilter.java:93)
	at org.springframework.web.filter.OncePerRequestFilter.doFilter(OncePerRequestFilter.java:119)
	at org.apache.catalina.core.ApplicationFilterChain.internalDoFilter(ApplicationFilterChain.java:189)
	at org.apache.catalina.core.ApplicationFilterChain.doFilter(ApplicationFilterChain.java:162)
	at org.springframework.web.filter.CharacterEncodingFilter.doFilterInternal(CharacterEncodingFilter.java:201)
	at org.springframework.web.filter.OncePerRequestFilter.doFilter(OncePerRequestFilter.java:119)
	at org.apache.catalina.core.ApplicationFilterChain.internalDoFilter(ApplicationFilterChain.java:189)
	at org.apache.catalina.core.ApplicationFilterChain.doFilter(ApplicationFilterChain.java:162)
	at org.apache.catalina.core.StandardWrapperValve.invoke(StandardWrapperValve.java:202)
	at org.apache.catalina.core.StandardContextValve.invoke(StandardContextValve.java:97)
	at org.apache.catalina.authenticator.AuthenticatorBase.invoke(AuthenticatorBase.java:542)
	at org.apache.catalina.core.StandardHostValve.invoke(StandardHostValve.java:143)
	at org.apache.catalina.valves.ErrorReportValve.invoke(ErrorReportValve.java:92)
	at org.apache.catalina.core.StandardEngineValve.invoke(StandardEngineValve.java:78)
	at org.apache.catalina.connector.CoyoteAdapter.service(CoyoteAdapter.java:357)
	at org.apache.coyote.http11.Http11Processor.service(Http11Processor.java:374)
	at org.apache.coyote.AbstractProcessorLight.process(AbstractProcessorLight.java:65)
	at org.apache.coyote.AbstractProtocol$ConnectionHandler.process(AbstractProtocol.java:893)
	at org.apache.tomcat.util.net.NioEndpoint$SocketProcessor.doRun(NioEndpoint.java:1707)
	at org.apache.tomcat.util.net.SocketProcessorBase.run(SocketProcessorBase.java:49)
	at java.base/java.util.concurrent.ThreadPoolExecutor.runWorker(ThreadPoolExecutor.java:1144)
	at java.base/java.util.concurrent.ThreadPoolExecutor$Worker.run(ThreadPoolExecutor.java:642)
	at org.apache.tomcat.util.threads.TaskThread$WrappingRunnable.run(TaskThread.java:61)
	at java.base/java.lang.Thread.run(Thread.java:1583)
11:14:08.111 [http-nio-8080-exec-4] [1;31mERROR[0;39m o.a.c.c.C.[.[.[.[dispatcherServlet] - Servlet.service() for servlet [dispatcherServlet] in context with path [] threw exception [Request processing failed; nested exception is org.springframework.web.multipart.MultipartException: Failed to parse multipart servlet request; nested exception is java.io.IOException: org.apache.tomcat.util.http.fileupload.impl.IOFileUploadException: Processing of multipart/form-data request failed. java.io.EOFException: Unexpected EOF read on the socket] with root cause
java.io.EOFException: Unexpected EOF read on the socket
	at org.apache.coyote.http11.Http11InputBuffer.fill(Http11InputBuffer.java:818)
	at org.apache.coyote.http11.Http11InputBuffer.access$300(Http11InputBuffer.java:42)
	at org.apache.coyote.http11.Http11InputBuffer$SocketInputBuffer.doRead(Http11InputBuffer.java:1166)
	at org.apache.coyote.http11.filters.IdentityInputFilter.doRead(IdentityInputFilter.java:102)
	at org.apache.coyote.http11.Http11InputBuffer.doRead(Http11InputBuffer.java:248)
	at org.apache.coyote.Request.doRead(Request.java:640)
	at org.apache.catalina.connector.InputBuffer.realReadBytes(InputBuffer.java:317)
	at org.apache.catalina.connector.InputBuffer.checkByteBufferEof(InputBuffer.java:600)
	at org.apache.catalina.connector.InputBuffer.read(InputBuffer.java:340)
	at org.apache.catalina.connector.CoyoteInputStream.read(CoyoteInputStream.java:132)
	at java.base/java.io.FilterInputStream.read(FilterInputStream.java:119)
	at org.apache.tomcat.util.http.fileupload.util.LimitedInputStream.read(LimitedInputStream.java:132)
	at org.apache.tomcat.util.http.fileupload.MultipartStream$ItemInputStream.makeAvailable(MultipartStream.java:975)
	at org.apache.tomcat.util.http.fileupload.MultipartStream$ItemInputStream.read(MultipartStream.java:879)
	at java.base/java.io.FilterInputStream.read(FilterInputStream.java:119)
	at org.apache.tomcat.util.http.fileupload.util.LimitedInputStream.read(LimitedInputStream.java:132)
	at java.base/java.io.FilterInputStream.read(FilterInputStream.java:95)
	at org.apache.tomcat.util.http.fileupload.util.Streams.copy(Streams.java:98)
	at org.apache.tomcat.util.http.fileupload.FileUploadBase.parseRequest(FileUploadBase.java:291)
	at org.apache.catalina.connector.Request.parseParts(Request.java:2922)
	at org.apache.catalina.connector.Request.getParts(Request.java:2824)
	at org.apache.catalina.connector.RequestFacade.getParts(RequestFacade.java:1098)
	at org.springframework.web.multipart.support.StandardMultipartHttpServletRequest.parseRequest(StandardMultipartHttpServletRequest.java:95)
	at org.springframework.web.multipart.support.StandardMultipartHttpServletRequest.<init>(StandardMultipartHttpServletRequest.java:88)
	at org.springframework.web.multipart.support.StandardServletMultipartResolver.resolveMultipart(StandardServletMultipartResolver.java:87)
	at org.springframework.web.servlet.DispatcherServlet.checkMultipart(DispatcherServlet.java:1201)
	at org.springframework.web.servlet.DispatcherServlet.doDispatch(DispatcherServlet.java:1035)
	at org.springframework.web.servlet.DispatcherServlet.doService(DispatcherServlet.java:963)
	at org.springframework.web.servlet.FrameworkServlet.processRequest(FrameworkServlet.java:1006)
	at org.springframework.web.servlet.FrameworkServlet.doPost(FrameworkServlet.java:909)
	at javax.servlet.http.HttpServlet.service(HttpServlet.java:652)
	at org.springframework.web.servlet.FrameworkServlet.service(FrameworkServlet.java:883)
	at javax.servlet.http.HttpServlet.service(HttpServlet.java:733)
	at org.apache.catalina.core.ApplicationFilterChain.internalDoFilter(ApplicationFilterChain.java:227)
	at org.apache.catalina.core.ApplicationFilterChain.doFilter(ApplicationFilterChain.java:162)
	at org.apache.tomcat.websocket.server.WsFilter.doFilter(WsFilter.java:53)
	at org.apache.catalina.core.ApplicationFilterChain.internalDoFilter(ApplicationFilterChain.java:189)
	at org.apache.catalina.core.ApplicationFilterChain.doFilter(ApplicationFilterChain.java:162)
	at com.example.demo2.filter.FilterForAllTemplates.doFilter(FilterForAllTemplates.java:31)
	at org.apache.catalina.core.ApplicationFilterChain.internalDoFilter(ApplicationFilterChain.java:189)
	at org.apache.catalina.core.ApplicationFilterChain.doFilter(ApplicationFilterChain.java:162)
	at org.springframework.web.filter.RequestContextFilter.doFilterInternal(RequestContextFilter.java:100)
	at org.springframework.web.filter.OncePerRequestFilter.doFilter(OncePerRequestFilter.java:119)
	at org.apache.catalina.core.ApplicationFilterChain.internalDoFilter(ApplicationFilterChain.java:189)
	at org.apache.catalina.core.ApplicationFilterChain.doFilter(ApplicationFilterChain.java:162)
	at org.springframework.web.filter.FormContentFilter.doFilterInternal(FormContentFilter.java:93)
	at org.springframework.web.filter.OncePerRequestFilter.doFilter(OncePerRequestFilter.java:119)
	at org.apache.catalina.core.ApplicationFilterChain.internalDoFilter(ApplicationFilterChain.java:189)
	at org.apache.catalina.core.ApplicationFilterChain.doFilter(ApplicationFilterChain.java:162)
	at org.springframework.web.filter.CharacterEncodingFilter.doFilterInternal(CharacterEncodingFilter.java:201)
	at org.springframework.web.filter.OncePerRequestFilter.doFilter(OncePerRequestFilter.java:119)
	at org.apache.catalina.core.ApplicationFilterChain.internalDoFilter(ApplicationFilterChain.java:189)
	at org.apache.catalina.core.ApplicationFilterChain.doFilter(ApplicationFilterChain.java:162)
	at org.apache.catalina.core.StandardWrapperValve.invoke(StandardWrapperValve.java:202)
	at org.apache.catalina.core.StandardContextValve.invoke(StandardContextValve.java:97)
	at org.apache.catalina.authenticator.AuthenticatorBase.invoke(AuthenticatorBase.java:542)
	at org.apache.catalina.core.StandardHostValve.invoke(StandardHostValve.java:143)
	at org.apache.catalina.valves.ErrorReportValve.invoke(ErrorReportValve.java:92)
	at org.apache.catalina.core.StandardEngineValve.invoke(StandardEngineValve.java:78)
	at org.apache.catalina.connector.CoyoteAdapter.service(CoyoteAdapter.java:357)
	at org.apache.coyote.http11.Http11Processor.service(Http11Processor.java:374)
	at org.apache.coyote.AbstractProcessorLight.process(AbstractProcessorLight.java:65)
	at org.apache.coyote.AbstractProtocol$ConnectionHandler.process(AbstractProtocol.java:893)
	at org.apache.tomcat.util.net.NioEndpoint$SocketProcessor.doRun(NioEndpoint.java:1707)
	at org.apache.tomcat.util.net.SocketProcessorBase.run(SocketProcessorBase.java:49)
	at java.base/java.util.concurrent.ThreadPoolExecutor.runWorker(ThreadPoolExecutor.java:1144)
	at java.base/java.util.concurrent.ThreadPoolExecutor$Worker.run(ThreadPoolExecutor.java:642)
	at org.apache.tomcat.util.threads.TaskThread$WrappingRunnable.run(TaskThread.java:61)
	at java.base/java.lang.Thread.run(Thread.java:1583)
11:14:08.111 [http-nio-8080-exec-3] [1;31mERROR[0;39m o.a.c.c.C.[.[.[.[dispatcherServlet] - Servlet.service() for servlet [dispatcherServlet] in context with path [] threw exception [Request processing failed; nested exception is org.springframework.web.multipart.MultipartException: Failed to parse multipart servlet request; nested exception is java.io.IOException: org.apache.tomcat.util.http.fileupload.impl.IOFileUploadException: Processing of multipart/form-data request failed. java.io.EOFException: Unexpected EOF read on the socket] with root cause
java.io.EOFException: Unexpected EOF read on the socket
	at org.apache.coyote.http11.Http11InputBuffer.fill(Http11InputBuffer.java:818)
	at org.apache.coyote.http11.Http11InputBuffer.access$300(Http11InputBuffer.java:42)
	at org.apache.coyote.http11.Http11InputBuffer$SocketInputBuffer.doRead(Http11InputBuffer.java:1166)
	at org.apache.coyote.http11.filters.IdentityInputFilter.doRead(IdentityInputFilter.java:102)
	at org.apache.coyote.http11.Http11InputBuffer.doRead(Http11InputBuffer.java:248)
	at org.apache.coyote.Request.doRead(Request.java:640)
	at org.apache.catalina.connector.InputBuffer.realReadBytes(InputBuffer.java:317)
	at org.apache.catalina.connector.InputBuffer.checkByteBufferEof(InputBuffer.java:600)
	at org.apache.catalina.connector.InputBuffer.read(InputBuffer.java:340)
	at org.apache.catalina.connector.CoyoteInputStream.read(CoyoteInputStream.java:132)
	at java.base/java.io.FilterInputStream.read(FilterInputStream.java:119)
	at org.apache.tomcat.util.http.fileupload.util.LimitedInputStream.read(LimitedInputStream.java:132)
	at org.apache.tomcat.util.http.fileupload.MultipartStream$ItemInputStream.makeAvailable(MultipartStream.java:975)
	at org.apache.tomcat.util.http.fileupload.MultipartStream$ItemInputStream.read(MultipartStream.java:879)
	at java.base/java.io.FilterInputStream.read(FilterInputStream.java:119)
	at org.apache.tomcat.util.http.fileupload.util.LimitedInputStream.read(LimitedInputStream.java:132)
	at java.base/java.io.FilterInputStream.read(FilterInputStream.java:95)
	at org.apache.tomcat.util.http.fileupload.util.Streams.copy(Streams.java:98)
	at org.apache.tomcat.util.http.fileupload.FileUploadBase.parseRequest(FileUploadBase.java:291)
	at org.apache.catalina.connector.Request.parseParts(Request.java:2922)
	at org.apache.catalina.connector.Request.getParts(Request.java:2824)
	at org.apache.catalina.connector.RequestFacade.getParts(RequestFacade.java:1098)
	at org.springframework.web.multipart.support.StandardMultipartHttpServletRequest.parseRequest(StandardMultipartHttpServletRequest.java:95)
	at org.springframework.web.multipart.support.StandardMultipartHttpServletRequest.<init>(StandardMultipartHttpServletRequest.java:88)
	at org.springframework.web.multipart.support.StandardServletMultipartResolver.resolveMultipart(StandardServletMultipartResolver.java:87)
	at org.springframework.web.servlet.DispatcherServlet.checkMultipart(DispatcherServlet.java:1201)
	at org.springframework.web.servlet.DispatcherServlet.doDispatch(DispatcherServlet.java:1035)
	at org.springframework.web.servlet.DispatcherServlet.doService(DispatcherServlet.java:963)
	at org.springframework.web.servlet.FrameworkServlet.processRequest(FrameworkServlet.java:1006)
	at org.springframework.web.servlet.FrameworkServlet.doPost(FrameworkServlet.java:909)
	at javax.servlet.http.HttpServlet.service(HttpServlet.java:652)
	at org.springframework.web.servlet.FrameworkServlet.service(FrameworkServlet.java:883)
	at javax.servlet.http.HttpServlet.service(HttpServlet.java:733)
	at org.apache.catalina.core.ApplicationFilterChain.internalDoFilter(ApplicationFilterChain.java:227)
	at org.apache.catalina.core.ApplicationFilterChain.doFilter(ApplicationFilterChain.java:162)
	at org.apache.tomcat.websocket.server.WsFilter.doFilter(WsFilter.java:53)
	at org.apache.catalina.core.ApplicationFilterChain.internalDoFilter(ApplicationFilterChain.java:189)
	at org.apache.catalina.core.ApplicationFilterChain.doFilter(ApplicationFilterChain.java:162)
	at com.example.demo2.filter.FilterForAllTemplates.doFilter(FilterForAllTemplates.java:31)
	at org.apache.catalina.core.ApplicationFilterChain.internalDoFilter(ApplicationFilterChain.java:189)
	at org.apache.catalina.core.ApplicationFilterChain.doFilter(ApplicationFilterChain.java:162)
	at org.springframework.web.filter.RequestContextFilter.doFilterInternal(RequestContextFilter.java:100)
	at org.springframework.web.filter.OncePerRequestFilter.doFilter(OncePerRequestFilter.java:119)
	at org.apache.catalina.core.ApplicationFilterChain.internalDoFilter(ApplicationFilterChain.java:189)
	at org.apache.catalina.core.ApplicationFilterChain.doFilter(ApplicationFilterChain.java:162)
	at org.springframework.web.filter.FormContentFilter.doFilterInternal(FormContentFilter.java:93)
	at org.springframework.web.filter.OncePerRequestFilter.doFilter(OncePerRequestFilter.java:119)
	at org.apache.catalina.core.ApplicationFilterChain.internalDoFilter(ApplicationFilterChain.java:189)
	at org.apache.catalina.core.ApplicationFilterChain.doFilter(ApplicationFilterChain.java:162)
	at org.springframework.web.filter.CharacterEncodingFilter.doFilterInternal(CharacterEncodingFilter.java:201)
	at org.springframework.web.filter.OncePerRequestFilter.doFilter(OncePerRequestFilter.java:119)
	at org.apache.catalina.core.ApplicationFilterChain.internalDoFilter(ApplicationFilterChain.java:189)
	at org.apache.catalina.core.ApplicationFilterChain.doFilter(ApplicationFilterChain.java:162)
	at org.apache.catalina.core.StandardWrapperValve.invoke(StandardWrapperValve.java:202)
	at org.apache.catalina.core.StandardContextValve.invoke(StandardContextValve.java:97)
	at org.apache.catalina.authenticator.AuthenticatorBase.invoke(AuthenticatorBase.java:542)
	at org.apache.catalina.core.StandardHostValve.invoke(StandardHostValve.java:143)
	at org.apache.catalina.valves.ErrorReportValve.invoke(ErrorReportValve.java:92)
	at org.apache.catalina.core.StandardEngineValve.invoke(StandardEngineValve.java:78)
	at org.apache.catalina.connector.CoyoteAdapter.service(CoyoteAdapter.java:357)
	at org.apache.coyote.http11.Http11Processor.service(Http11Processor.java:374)
	at org.apache.coyote.AbstractProcessorLight.process(AbstractProcessorLight.java:65)
	at org.apache.coyote.AbstractProtocol$ConnectionHandler.process(AbstractProtocol.java:893)
	at org.apache.tomcat.util.net.NioEndpoint$SocketProcessor.doRun(NioEndpoint.java:1707)
	at org.apache.tomcat.util.net.SocketProcessorBase.run(SocketProcessorBase.java:49)
	at java.base/java.util.concurrent.ThreadPoolExecutor.runWorker(ThreadPoolExecutor.java:1144)
	at java.base/java.util.concurrent.ThreadPoolExecutor$Worker.run(ThreadPoolExecutor.java:642)
	at org.apache.tomcat.util.threads.TaskThread$WrappingRunnable.run(TaskThread.java:61)
	at java.base/java.lang.Thread.run(Thread.java:1583)
11:14:08.111 [http-nio-8080-exec-2] [1;31mERROR[0;39m o.a.c.c.C.[.[.[.[dispatcherServlet] - Servlet.service() for servlet [dispatcherServlet] in context with path [] threw exception [Request processing failed; nested exception is org.springframework.web.multipart.MultipartException: Failed to parse multipart servlet request; nested exception is java.io.IOException: org.apache.tomcat.util.http.fileupload.impl.IOFileUploadException: Processing of multipart/form-data request failed. java.io.EOFException: Unexpected EOF read on the socket] with root cause
java.io.EOFException: Unexpected EOF read on the socket
	at org.apache.coyote.http11.Http11InputBuffer.fill(Http11InputBuffer.java:818)
	at org.apache.coyote.http11.Http11InputBuffer.access$300(Http11InputBuffer.java:42)
	at org.apache.coyote.http11.Http11InputBuffer$SocketInputBuffer.doRead(Http11InputBuffer.java:1166)
	at org.apache.coyote.http11.filters.IdentityInputFilter.doRead(IdentityInputFilter.java:102)
	at org.apache.coyote.http11.Http11InputBuffer.doRead(Http11InputBuffer.java:248)
	at org.apache.coyote.Request.doRead(Request.java:640)
	at org.apache.catalina.connector.InputBuffer.realReadBytes(InputBuffer.java:317)
	at org.apache.catalina.connector.InputBuffer.checkByteBufferEof(InputBuffer.java:600)
	at org.apache.catalina.connector.InputBuffer.read(InputBuffer.java:340)
	at org.apache.catalina.connector.CoyoteInputStream.read(CoyoteInputStream.java:132)
	at java.base/java.io.FilterInputStream.read(FilterInputStream.java:119)
	at org.apache.tomcat.util.http.fileupload.util.LimitedInputStream.read(LimitedInputStream.java:132)
	at org.apache.tomcat.util.http.fileupload.MultipartStream$ItemInputStream.makeAvailable(MultipartStream.java:975)
	at org.apache.tomcat.util.http.fileupload.MultipartStream$ItemInputStream.read(MultipartStream.java:879)
	at java.base/java.io.FilterInputStream.read(FilterInputStream.java:119)
	at org.apache.tomcat.util.http.fileupload.util.LimitedInputStream.read(LimitedInputStream.java:132)
	at java.base/java.io.FilterInputStream.read(FilterInputStream.java:95)
	at org.apache.tomcat.util.http.fileupload.util.Streams.copy(Streams.java:98)
	at org.apache.tomcat.util.http.fileupload.FileUploadBase.parseRequest(FileUploadBase.java:291)
	at org.apache.catalina.connector.Request.parseParts(Request.java:2922)
	at org.apache.catalina.connector.Request.getParts(Request.java:2824)
	at org.apache.catalina.connector.RequestFacade.getParts(RequestFacade.java:1098)
	at org.springframework.web.multipart.support.StandardMultipartHttpServletRequest.parseRequest(StandardMultipartHttpServletRequest.java:95)
	at org.springframework.web.multipart.support.StandardMultipartHttpServletRequest.<init>(StandardMultipartHttpServletRequest.java:88)
	at org.springframework.web.multipart.support.StandardServletMultipartResolver.resolveMultipart(StandardServletMultipartResolver.java:87)
	at org.springframework.web.servlet.DispatcherServlet.checkMultipart(DispatcherServlet.java:1201)
	at org.springframework.web.servlet.DispatcherServlet.doDispatch(DispatcherServlet.java:1035)
	at org.springframework.web.servlet.DispatcherServlet.doService(DispatcherServlet.java:963)
	at org.springframework.web.servlet.FrameworkServlet.processRequest(FrameworkServlet.java:1006)
	at org.springframework.web.servlet.FrameworkServlet.doPost(FrameworkServlet.java:909)
	at javax.servlet.http.HttpServlet.service(HttpServlet.java:652)
	at org.springframework.web.servlet.FrameworkServlet.service(FrameworkServlet.java:883)
	at javax.servlet.http.HttpServlet.service(HttpServlet.java:733)
	at org.apache.catalina.core.ApplicationFilterChain.internalDoFilter(ApplicationFilterChain.java:227)
	at org.apache.catalina.core.ApplicationFilterChain.doFilter(ApplicationFilterChain.java:162)
	at org.apache.tomcat.websocket.server.WsFilter.doFilter(WsFilter.java:53)
	at org.apache.catalina.core.ApplicationFilterChain.internalDoFilter(ApplicationFilterChain.java:189)
	at org.apache.catalina.core.ApplicationFilterChain.doFilter(ApplicationFilterChain.java:162)
	at com.example.demo2.filter.FilterForAllTemplates.doFilter(FilterForAllTemplates.java:31)
	at org.apache.catalina.core.ApplicationFilterChain.internalDoFilter(ApplicationFilterChain.java:189)
	at org.apache.catalina.core.ApplicationFilterChain.doFilter(ApplicationFilterChain.java:162)
	at org.springframework.web.filter.RequestContextFilter.doFilterInternal(RequestContextFilter.java:100)
	at org.springframework.web.filter.OncePerRequestFilter.doFilter(OncePerRequestFilter.java:119)
	at org.apache.catalina.core.ApplicationFilterChain.internalDoFilter(ApplicationFilterChain.java:189)
	at org.apache.catalina.core.ApplicationFilterChain.doFilter(ApplicationFilterChain.java:162)
	at org.springframework.web.filter.FormContentFilter.doFilterInternal(FormContentFilter.java:93)
	at org.springframework.web.filter.OncePerRequestFilter.doFilter(OncePerRequestFilter.java:119)
	at org.apache.catalina.core.ApplicationFilterChain.internalDoFilter(ApplicationFilterChain.java:189)
	at org.apache.catalina.core.ApplicationFilterChain.doFilter(ApplicationFilterChain.java:162)
	at org.springframework.web.filter.CharacterEncodingFilter.doFilterInternal(CharacterEncodingFilter.java:201)
	at org.springframework.web.filter.OncePerRequestFilter.doFilter(OncePerRequestFilter.java:119)
	at org.apache.catalina.core.ApplicationFilterChain.internalDoFilter(ApplicationFilterChain.java:189)
	at org.apache.catalina.core.ApplicationFilterChain.doFilter(ApplicationFilterChain.java:162)
	at org.apache.catalina.core.StandardWrapperValve.invoke(StandardWrapperValve.java:202)
	at org.apache.catalina.core.StandardContextValve.invoke(StandardContextValve.java:97)
	at org.apache.catalina.authenticator.AuthenticatorBase.invoke(AuthenticatorBase.java:542)
	at org.apache.catalina.core.StandardHostValve.invoke(StandardHostValve.java:143)
	at org.apache.catalina.valves.ErrorReportValve.invoke(ErrorReportValve.java:92)
	at org.apache.catalina.core.StandardEngineValve.invoke(StandardEngineValve.java:78)
	at org.apache.catalina.connector.CoyoteAdapter.service(CoyoteAdapter.java:357)
	at org.apache.coyote.http11.Http11Processor.service(Http11Processor.java:374)
	at org.apache.coyote.AbstractProcessorLight.process(AbstractProcessorLight.java:65)
	at org.apache.coyote.AbstractProtocol$ConnectionHandler.process(AbstractProtocol.java:893)
	at org.apache.tomcat.util.net.NioEndpoint$SocketProcessor.doRun(NioEndpoint.java:1707)
	at org.apache.tomcat.util.net.SocketProcessorBase.run(SocketProcessorBase.java:49)
	at java.base/java.util.concurrent.ThreadPoolExecutor.runWorker(ThreadPoolExecutor.java:1144)
	at java.base/java.util.concurrent.ThreadPoolExecutor$Worker.run(ThreadPoolExecutor.java:642)
	at org.apache.tomcat.util.threads.TaskThread$WrappingRunnable.run(TaskThread.java:61)
	at java.base/java.lang.Thread.run(Thread.java:1583)
11:17:54.763 [http-nio-8080-exec-5] [34mINFO [0;39m c.e.d.filter.FilterForAllTemplates - Filter 1 for all templates URL : http://localhost:8080/filesInfo/upload
11:17:54.779 [http-nio-8080-exec-5] [34mINFO [0;39m c.e.d.c.f.FilesInfoController - +++message by FilesInfoController, method singleFileUpload+++ file = org.springframework.web.multipart.support.StandardMultipartHttpServletRequest$StandardMultipartFile@57dde791
11:22:56.704 [background-preinit]   [34mINFO [0;39m o.h.validator.internal.util.Version - HV000001: Hibernate Validator 6.2.0.Final
11:22:56.719 [main]                 [34mINFO [0;39m com.example.demo2.Application - Starting Application using Java 21.0.1 on My-PC with PID 5404 (D:\Java\Project IDEA\SiteForTest\target\classes started by Макс in D:\Java\Project IDEA\SiteForTest)
11:22:56.719 [main]                 [34mINFO [0;39m com.example.demo2.Application - No active profile set, falling back to default profiles: default
11:22:57.531 [main]                 [34mINFO [0;39m o.s.d.r.c.RepositoryConfigurationDelegate - Bootstrapping Spring Data JPA repositories in DEFAULT mode.
11:22:57.594 [main]                 [34mINFO [0;39m o.s.d.r.c.RepositoryConfigurationDelegate - Finished Spring Data repository scanning in 51 ms. Found 4 JPA repository interfaces.
11:22:58.218 [main]                 [34mINFO [0;39m o.s.b.w.e.tomcat.TomcatWebServer - Tomcat initialized with port(s): 8080 (http)
11:22:58.233 [main]                 [34mINFO [0;39m o.a.coyote.http11.Http11NioProtocol - Initializing ProtocolHandler ["http-nio-8080"]
11:22:58.233 [main]                 [34mINFO [0;39m o.a.catalina.core.StandardService - Starting service [Tomcat]
11:22:58.233 [main]                 [34mINFO [0;39m o.a.catalina.core.StandardEngine - Starting Servlet engine: [Apache Tomcat/9.0.46]
11:22:58.311 [main]                 [34mINFO [0;39m o.a.c.c.C.[Tomcat].[localhost].[/] - Initializing Spring embedded WebApplicationContext
11:22:58.311 [main]                 [34mINFO [0;39m o.s.b.w.s.c.ServletWebServerApplicationContext - Root WebApplicationContext: initialization completed in 1545 ms
11:22:58.436 [main]                 [34mINFO [0;39m com.zaxxer.hikari.HikariDataSource - HikariPool-1 - Starting...
11:22:58.811 [main]                 [34mINFO [0;39m com.zaxxer.hikari.HikariDataSource - HikariPool-1 - Start completed.
11:22:58.842 [main]                 [34mINFO [0;39m o.h.jpa.internal.util.LogHelper - HHH000204: Processing PersistenceUnitInfo [name: default]
11:22:58.904 [main]                 [34mINFO [0;39m org.hibernate.Version - HHH000412: Hibernate ORM core version 5.4.31.Final
11:22:59.060 [main]                 [34mINFO [0;39m o.h.annotations.common.Version - HCANN000001: Hibernate Commons Annotations {5.1.2.Final}
11:22:59.138 [main]                 [34mINFO [0;39m org.hibernate.dialect.Dialect - HHH000400: Using dialect: org.hibernate.dialect.MySQL5Dialect
11:22:59.747 [main]                 [34mINFO [0;39m o.h.e.t.j.p.i.JtaPlatformInitiator - HHH000490: Using JtaPlatform implementation: [org.hibernate.engine.transaction.jta.platform.internal.NoJtaPlatform]
11:22:59.762 [main]                 [34mINFO [0;39m o.s.o.j.LocalContainerEntityManagerFactoryBean - Initialized JPA EntityManagerFactory for persistence unit 'default'
11:23:00.277 [main]                 [31mWARN [0;39m o.s.b.a.o.j.JpaBaseConfiguration$JpaWebConfiguration - spring.jpa.open-in-view is enabled by default. Therefore, database queries may be performed during view rendering. Explicitly configure spring.jpa.open-in-view to disable this warning
11:23:00.433 [main]                 [34mINFO [0;39m o.s.b.a.w.s.WelcomePageHandlerMapping - Adding welcome page template: index
11:23:00.589 [main]                 [34mINFO [0;39m o.a.coyote.http11.Http11NioProtocol - Starting ProtocolHandler ["http-nio-8080"]
11:23:00.620 [main]                 [34mINFO [0;39m o.s.b.w.e.tomcat.TomcatWebServer - Tomcat started on port(s): 8080 (http) with context path ''
11:23:00.620 [main]                 [34mINFO [0;39m com.example.demo2.Application - Started Application in 4.423 seconds (JVM running for 4.87)
11:23:00.620 [main]                 [34mINFO [0;39m o.s.b.a.ApplicationAvailabilityBean - Application availability state LivenessState changed to CORRECT
11:23:00.620 [main]                 [34mINFO [0;39m o.s.b.a.ApplicationAvailabilityBean - Application availability state ReadinessState changed to ACCEPTING_TRAFFIC
11:23:14.987 [http-nio-8080-exec-1] [34mINFO [0;39m o.a.c.c.C.[Tomcat].[localhost].[/] - Initializing Spring DispatcherServlet 'dispatcherServlet'
11:23:14.987 [http-nio-8080-exec-1] [34mINFO [0;39m o.s.web.servlet.DispatcherServlet - Initializing Servlet 'dispatcherServlet'
11:23:14.987 [http-nio-8080-exec-1] [34mINFO [0;39m o.s.web.servlet.DispatcherServlet - Completed initialization in 0 ms
11:23:15.034 [http-nio-8080-exec-1] [34mINFO [0;39m c.e.d.c.f.FilesInfoController - +++message by FilesInfoController, method singleFileUpload+++ file = org.springframework.web.multipart.support.StandardMultipartHttpServletRequest$StandardMultipartFile@357af805
11:24:07.137 [http-nio-8080-exec-3] [1;31mERROR[0;39m o.a.c.c.C.[.[.[.[dispatcherServlet] - Servlet.service() for servlet [dispatcherServlet] in context with path [] threw exception [Request processing failed; nested exception is org.springframework.web.multipart.MultipartException: Failed to parse multipart servlet request; nested exception is java.io.IOException: org.apache.tomcat.util.http.fileupload.impl.IOFileUploadException: Processing of multipart/form-data request failed. java.io.EOFException: Unexpected EOF read on the socket] with root cause
java.io.EOFException: Unexpected EOF read on the socket
	at org.apache.coyote.http11.Http11InputBuffer.fill(Http11InputBuffer.java:818)
	at org.apache.coyote.http11.Http11InputBuffer.access$300(Http11InputBuffer.java:42)
	at org.apache.coyote.http11.Http11InputBuffer$SocketInputBuffer.doRead(Http11InputBuffer.java:1166)
	at org.apache.coyote.http11.filters.IdentityInputFilter.doRead(IdentityInputFilter.java:102)
	at org.apache.coyote.http11.Http11InputBuffer.doRead(Http11InputBuffer.java:248)
	at org.apache.coyote.Request.doRead(Request.java:640)
	at org.apache.catalina.connector.InputBuffer.realReadBytes(InputBuffer.java:317)
	at org.apache.catalina.connector.InputBuffer.checkByteBufferEof(InputBuffer.java:600)
	at org.apache.catalina.connector.InputBuffer.read(InputBuffer.java:340)
	at org.apache.catalina.connector.CoyoteInputStream.read(CoyoteInputStream.java:132)
	at java.base/java.io.FilterInputStream.read(FilterInputStream.java:119)
	at org.apache.tomcat.util.http.fileupload.util.LimitedInputStream.read(LimitedInputStream.java:132)
	at org.apache.tomcat.util.http.fileupload.MultipartStream$ItemInputStream.makeAvailable(MultipartStream.java:975)
	at org.apache.tomcat.util.http.fileupload.MultipartStream$ItemInputStream.read(MultipartStream.java:879)
	at java.base/java.io.FilterInputStream.read(FilterInputStream.java:119)
	at org.apache.tomcat.util.http.fileupload.util.LimitedInputStream.read(LimitedInputStream.java:132)
	at java.base/java.io.FilterInputStream.read(FilterInputStream.java:95)
	at org.apache.tomcat.util.http.fileupload.util.Streams.copy(Streams.java:98)
	at org.apache.tomcat.util.http.fileupload.FileUploadBase.parseRequest(FileUploadBase.java:291)
	at org.apache.catalina.connector.Request.parseParts(Request.java:2922)
	at org.apache.catalina.connector.Request.getParts(Request.java:2824)
	at org.apache.catalina.connector.RequestFacade.getParts(RequestFacade.java:1098)
	at org.springframework.web.multipart.support.StandardMultipartHttpServletRequest.parseRequest(StandardMultipartHttpServletRequest.java:95)
	at org.springframework.web.multipart.support.StandardMultipartHttpServletRequest.<init>(StandardMultipartHttpServletRequest.java:88)
	at org.springframework.web.multipart.support.StandardServletMultipartResolver.resolveMultipart(StandardServletMultipartResolver.java:87)
	at org.springframework.web.servlet.DispatcherServlet.checkMultipart(DispatcherServlet.java:1201)
	at org.springframework.web.servlet.DispatcherServlet.doDispatch(DispatcherServlet.java:1035)
	at org.springframework.web.servlet.DispatcherServlet.doService(DispatcherServlet.java:963)
	at org.springframework.web.servlet.FrameworkServlet.processRequest(FrameworkServlet.java:1006)
	at org.springframework.web.servlet.FrameworkServlet.doPost(FrameworkServlet.java:909)
	at javax.servlet.http.HttpServlet.service(HttpServlet.java:652)
	at org.springframework.web.servlet.FrameworkServlet.service(FrameworkServlet.java:883)
	at javax.servlet.http.HttpServlet.service(HttpServlet.java:733)
	at org.apache.catalina.core.ApplicationFilterChain.internalDoFilter(ApplicationFilterChain.java:227)
	at org.apache.catalina.core.ApplicationFilterChain.doFilter(ApplicationFilterChain.java:162)
	at org.apache.tomcat.websocket.server.WsFilter.doFilter(WsFilter.java:53)
	at org.apache.catalina.core.ApplicationFilterChain.internalDoFilter(ApplicationFilterChain.java:189)
	at org.apache.catalina.core.ApplicationFilterChain.doFilter(ApplicationFilterChain.java:162)
	at org.springframework.web.filter.RequestContextFilter.doFilterInternal(RequestContextFilter.java:100)
	at org.springframework.web.filter.OncePerRequestFilter.doFilter(OncePerRequestFilter.java:119)
	at org.apache.catalina.core.ApplicationFilterChain.internalDoFilter(ApplicationFilterChain.java:189)
	at org.apache.catalina.core.ApplicationFilterChain.doFilter(ApplicationFilterChain.java:162)
	at org.springframework.web.filter.FormContentFilter.doFilterInternal(FormContentFilter.java:93)
	at org.springframework.web.filter.OncePerRequestFilter.doFilter(OncePerRequestFilter.java:119)
	at org.apache.catalina.core.ApplicationFilterChain.internalDoFilter(ApplicationFilterChain.java:189)
	at org.apache.catalina.core.ApplicationFilterChain.doFilter(ApplicationFilterChain.java:162)
	at org.springframework.web.filter.CharacterEncodingFilter.doFilterInternal(CharacterEncodingFilter.java:201)
	at org.springframework.web.filter.OncePerRequestFilter.doFilter(OncePerRequestFilter.java:119)
	at org.apache.catalina.core.ApplicationFilterChain.internalDoFilter(ApplicationFilterChain.java:189)
	at org.apache.catalina.core.ApplicationFilterChain.doFilter(ApplicationFilterChain.java:162)
	at org.apache.catalina.core.StandardWrapperValve.invoke(StandardWrapperValve.java:202)
	at org.apache.catalina.core.StandardContextValve.invoke(StandardContextValve.java:97)
	at org.apache.catalina.authenticator.AuthenticatorBase.invoke(AuthenticatorBase.java:542)
	at org.apache.catalina.core.StandardHostValve.invoke(StandardHostValve.java:143)
	at org.apache.catalina.valves.ErrorReportValve.invoke(ErrorReportValve.java:92)
	at org.apache.catalina.core.StandardEngineValve.invoke(StandardEngineValve.java:78)
	at org.apache.catalina.connector.CoyoteAdapter.service(CoyoteAdapter.java:357)
	at org.apache.coyote.http11.Http11Processor.service(Http11Processor.java:374)
	at org.apache.coyote.AbstractProcessorLight.process(AbstractProcessorLight.java:65)
	at org.apache.coyote.AbstractProtocol$ConnectionHandler.process(AbstractProtocol.java:893)
	at org.apache.tomcat.util.net.NioEndpoint$SocketProcessor.doRun(NioEndpoint.java:1707)
	at org.apache.tomcat.util.net.SocketProcessorBase.run(SocketProcessorBase.java:49)
	at java.base/java.util.concurrent.ThreadPoolExecutor.runWorker(ThreadPoolExecutor.java:1144)
	at java.base/java.util.concurrent.ThreadPoolExecutor$Worker.run(ThreadPoolExecutor.java:642)
	at org.apache.tomcat.util.threads.TaskThread$WrappingRunnable.run(TaskThread.java:61)
	at java.base/java.lang.Thread.run(Thread.java:1583)
11:24:07.153 [http-nio-8080-exec-4] [1;31mERROR[0;39m o.a.c.c.C.[.[.[.[dispatcherServlet] - Servlet.service() for servlet [dispatcherServlet] in context with path [] threw exception [Request processing failed; nested exception is org.springframework.web.multipart.MultipartException: Failed to parse multipart servlet request; nested exception is java.io.IOException: org.apache.tomcat.util.http.fileupload.impl.IOFileUploadException: Processing of multipart/form-data request failed. java.io.EOFException: Unexpected EOF read on the socket] with root cause
java.io.EOFException: Unexpected EOF read on the socket
	at org.apache.coyote.http11.Http11InputBuffer.fill(Http11InputBuffer.java:818)
	at org.apache.coyote.http11.Http11InputBuffer.access$300(Http11InputBuffer.java:42)
	at org.apache.coyote.http11.Http11InputBuffer$SocketInputBuffer.doRead(Http11InputBuffer.java:1166)
	at org.apache.coyote.http11.filters.IdentityInputFilter.doRead(IdentityInputFilter.java:102)
	at org.apache.coyote.http11.Http11InputBuffer.doRead(Http11InputBuffer.java:248)
	at org.apache.coyote.Request.doRead(Request.java:640)
	at org.apache.catalina.connector.InputBuffer.realReadBytes(InputBuffer.java:317)
	at org.apache.catalina.connector.InputBuffer.checkByteBufferEof(InputBuffer.java:600)
	at org.apache.catalina.connector.InputBuffer.read(InputBuffer.java:340)
	at org.apache.catalina.connector.CoyoteInputStream.read(CoyoteInputStream.java:132)
	at java.base/java.io.FilterInputStream.read(FilterInputStream.java:119)
	at org.apache.tomcat.util.http.fileupload.util.LimitedInputStream.read(LimitedInputStream.java:132)
	at org.apache.tomcat.util.http.fileupload.MultipartStream$ItemInputStream.makeAvailable(MultipartStream.java:975)
	at org.apache.tomcat.util.http.fileupload.MultipartStream$ItemInputStream.read(MultipartStream.java:879)
	at java.base/java.io.FilterInputStream.read(FilterInputStream.java:119)
	at org.apache.tomcat.util.http.fileupload.util.LimitedInputStream.read(LimitedInputStream.java:132)
	at java.base/java.io.FilterInputStream.read(FilterInputStream.java:95)
	at org.apache.tomcat.util.http.fileupload.util.Streams.copy(Streams.java:98)
	at org.apache.tomcat.util.http.fileupload.FileUploadBase.parseRequest(FileUploadBase.java:291)
	at org.apache.catalina.connector.Request.parseParts(Request.java:2922)
	at org.apache.catalina.connector.Request.getParts(Request.java:2824)
	at org.apache.catalina.connector.RequestFacade.getParts(RequestFacade.java:1098)
	at org.springframework.web.multipart.support.StandardMultipartHttpServletRequest.parseRequest(StandardMultipartHttpServletRequest.java:95)
	at org.springframework.web.multipart.support.StandardMultipartHttpServletRequest.<init>(StandardMultipartHttpServletRequest.java:88)
	at org.springframework.web.multipart.support.StandardServletMultipartResolver.resolveMultipart(StandardServletMultipartResolver.java:87)
	at org.springframework.web.servlet.DispatcherServlet.checkMultipart(DispatcherServlet.java:1201)
	at org.springframework.web.servlet.DispatcherServlet.doDispatch(DispatcherServlet.java:1035)
	at org.springframework.web.servlet.DispatcherServlet.doService(DispatcherServlet.java:963)
	at org.springframework.web.servlet.FrameworkServlet.processRequest(FrameworkServlet.java:1006)
	at org.springframework.web.servlet.FrameworkServlet.doPost(FrameworkServlet.java:909)
	at javax.servlet.http.HttpServlet.service(HttpServlet.java:652)
	at org.springframework.web.servlet.FrameworkServlet.service(FrameworkServlet.java:883)
	at javax.servlet.http.HttpServlet.service(HttpServlet.java:733)
	at org.apache.catalina.core.ApplicationFilterChain.internalDoFilter(ApplicationFilterChain.java:227)
	at org.apache.catalina.core.ApplicationFilterChain.doFilter(ApplicationFilterChain.java:162)
	at org.apache.tomcat.websocket.server.WsFilter.doFilter(WsFilter.java:53)
	at org.apache.catalina.core.ApplicationFilterChain.internalDoFilter(ApplicationFilterChain.java:189)
	at org.apache.catalina.core.ApplicationFilterChain.doFilter(ApplicationFilterChain.java:162)
	at org.springframework.web.filter.RequestContextFilter.doFilterInternal(RequestContextFilter.java:100)
	at org.springframework.web.filter.OncePerRequestFilter.doFilter(OncePerRequestFilter.java:119)
	at org.apache.catalina.core.ApplicationFilterChain.internalDoFilter(ApplicationFilterChain.java:189)
	at org.apache.catalina.core.ApplicationFilterChain.doFilter(ApplicationFilterChain.java:162)
	at org.springframework.web.filter.FormContentFilter.doFilterInternal(FormContentFilter.java:93)
	at org.springframework.web.filter.OncePerRequestFilter.doFilter(OncePerRequestFilter.java:119)
	at org.apache.catalina.core.ApplicationFilterChain.internalDoFilter(ApplicationFilterChain.java:189)
	at org.apache.catalina.core.ApplicationFilterChain.doFilter(ApplicationFilterChain.java:162)
	at org.springframework.web.filter.CharacterEncodingFilter.doFilterInternal(CharacterEncodingFilter.java:201)
	at org.springframework.web.filter.OncePerRequestFilter.doFilter(OncePerRequestFilter.java:119)
	at org.apache.catalina.core.ApplicationFilterChain.internalDoFilter(ApplicationFilterChain.java:189)
	at org.apache.catalina.core.ApplicationFilterChain.doFilter(ApplicationFilterChain.java:162)
	at org.apache.catalina.core.StandardWrapperValve.invoke(StandardWrapperValve.java:202)
	at org.apache.catalina.core.StandardContextValve.invoke(StandardContextValve.java:97)
	at org.apache.catalina.authenticator.AuthenticatorBase.invoke(AuthenticatorBase.java:542)
	at org.apache.catalina.core.StandardHostValve.invoke(StandardHostValve.java:143)
	at org.apache.catalina.valves.ErrorReportValve.invoke(ErrorReportValve.java:92)
	at org.apache.catalina.core.StandardEngineValve.invoke(StandardEngineValve.java:78)
	at org.apache.catalina.connector.CoyoteAdapter.service(CoyoteAdapter.java:357)
	at org.apache.coyote.http11.Http11Processor.service(Http11Processor.java:374)
	at org.apache.coyote.AbstractProcessorLight.process(AbstractProcessorLight.java:65)
	at org.apache.coyote.AbstractProtocol$ConnectionHandler.process(AbstractProtocol.java:893)
	at org.apache.tomcat.util.net.NioEndpoint$SocketProcessor.doRun(NioEndpoint.java:1707)
	at org.apache.tomcat.util.net.SocketProcessorBase.run(SocketProcessorBase.java:49)
	at java.base/java.util.concurrent.ThreadPoolExecutor.runWorker(ThreadPoolExecutor.java:1144)
	at java.base/java.util.concurrent.ThreadPoolExecutor$Worker.run(ThreadPoolExecutor.java:642)
	at org.apache.tomcat.util.threads.TaskThread$WrappingRunnable.run(TaskThread.java:61)
	at java.base/java.lang.Thread.run(Thread.java:1583)
11:24:07.153 [http-nio-8080-exec-6] [1;31mERROR[0;39m o.a.c.c.C.[.[.[.[dispatcherServlet] - Servlet.service() for servlet [dispatcherServlet] in context with path [] threw exception [Request processing failed; nested exception is org.springframework.web.multipart.MultipartException: Failed to parse multipart servlet request; nested exception is java.io.IOException: org.apache.tomcat.util.http.fileupload.impl.IOFileUploadException: Processing of multipart/form-data request failed. java.io.EOFException: Unexpected EOF read on the socket] with root cause
java.io.EOFException: Unexpected EOF read on the socket
	at org.apache.coyote.http11.Http11InputBuffer.fill(Http11InputBuffer.java:818)
	at org.apache.coyote.http11.Http11InputBuffer.access$300(Http11InputBuffer.java:42)
	at org.apache.coyote.http11.Http11InputBuffer$SocketInputBuffer.doRead(Http11InputBuffer.java:1166)
	at org.apache.coyote.http11.filters.IdentityInputFilter.doRead(IdentityInputFilter.java:102)
	at org.apache.coyote.http11.Http11InputBuffer.doRead(Http11InputBuffer.java:248)
	at org.apache.coyote.Request.doRead(Request.java:640)
	at org.apache.catalina.connector.InputBuffer.realReadBytes(InputBuffer.java:317)
	at org.apache.catalina.connector.InputBuffer.checkByteBufferEof(InputBuffer.java:600)
	at org.apache.catalina.connector.InputBuffer.read(InputBuffer.java:340)
	at org.apache.catalina.connector.CoyoteInputStream.read(CoyoteInputStream.java:132)
	at java.base/java.io.FilterInputStream.read(FilterInputStream.java:119)
	at org.apache.tomcat.util.http.fileupload.util.LimitedInputStream.read(LimitedInputStream.java:132)
	at org.apache.tomcat.util.http.fileupload.MultipartStream$ItemInputStream.makeAvailable(MultipartStream.java:975)
	at org.apache.tomcat.util.http.fileupload.MultipartStream$ItemInputStream.read(MultipartStream.java:879)
	at java.base/java.io.FilterInputStream.read(FilterInputStream.java:119)
	at org.apache.tomcat.util.http.fileupload.util.LimitedInputStream.read(LimitedInputStream.java:132)
	at java.base/java.io.FilterInputStream.read(FilterInputStream.java:95)
	at org.apache.tomcat.util.http.fileupload.util.Streams.copy(Streams.java:98)
	at org.apache.tomcat.util.http.fileupload.FileUploadBase.parseRequest(FileUploadBase.java:291)
	at org.apache.catalina.connector.Request.parseParts(Request.java:2922)
	at org.apache.catalina.connector.Request.getParts(Request.java:2824)
	at org.apache.catalina.connector.RequestFacade.getParts(RequestFacade.java:1098)
	at org.springframework.web.multipart.support.StandardMultipartHttpServletRequest.parseRequest(StandardMultipartHttpServletRequest.java:95)
	at org.springframework.web.multipart.support.StandardMultipartHttpServletRequest.<init>(StandardMultipartHttpServletRequest.java:88)
	at org.springframework.web.multipart.support.StandardServletMultipartResolver.resolveMultipart(StandardServletMultipartResolver.java:87)
	at org.springframework.web.servlet.DispatcherServlet.checkMultipart(DispatcherServlet.java:1201)
	at org.springframework.web.servlet.DispatcherServlet.doDispatch(DispatcherServlet.java:1035)
	at org.springframework.web.servlet.DispatcherServlet.doService(DispatcherServlet.java:963)
	at org.springframework.web.servlet.FrameworkServlet.processRequest(FrameworkServlet.java:1006)
	at org.springframework.web.servlet.FrameworkServlet.doPost(FrameworkServlet.java:909)
	at javax.servlet.http.HttpServlet.service(HttpServlet.java:652)
	at org.springframework.web.servlet.FrameworkServlet.service(FrameworkServlet.java:883)
	at javax.servlet.http.HttpServlet.service(HttpServlet.java:733)
	at org.apache.catalina.core.ApplicationFilterChain.internalDoFilter(ApplicationFilterChain.java:227)
	at org.apache.catalina.core.ApplicationFilterChain.doFilter(ApplicationFilterChain.java:162)
	at org.apache.tomcat.websocket.server.WsFilter.doFilter(WsFilter.java:53)
	at org.apache.catalina.core.ApplicationFilterChain.internalDoFilter(ApplicationFilterChain.java:189)
	at org.apache.catalina.core.ApplicationFilterChain.doFilter(ApplicationFilterChain.java:162)
	at org.springframework.web.filter.RequestContextFilter.doFilterInternal(RequestContextFilter.java:100)
	at org.springframework.web.filter.OncePerRequestFilter.doFilter(OncePerRequestFilter.java:119)
	at org.apache.catalina.core.ApplicationFilterChain.internalDoFilter(ApplicationFilterChain.java:189)
	at org.apache.catalina.core.ApplicationFilterChain.doFilter(ApplicationFilterChain.java:162)
	at org.springframework.web.filter.FormContentFilter.doFilterInternal(FormContentFilter.java:93)
	at org.springframework.web.filter.OncePerRequestFilter.doFilter(OncePerRequestFilter.java:119)
	at org.apache.catalina.core.ApplicationFilterChain.internalDoFilter(ApplicationFilterChain.java:189)
	at org.apache.catalina.core.ApplicationFilterChain.doFilter(ApplicationFilterChain.java:162)
	at org.springframework.web.filter.CharacterEncodingFilter.doFilterInternal(CharacterEncodingFilter.java:201)
	at org.springframework.web.filter.OncePerRequestFilter.doFilter(OncePerRequestFilter.java:119)
	at org.apache.catalina.core.ApplicationFilterChain.internalDoFilter(ApplicationFilterChain.java:189)
	at org.apache.catalina.core.ApplicationFilterChain.doFilter(ApplicationFilterChain.java:162)
	at org.apache.catalina.core.StandardWrapperValve.invoke(StandardWrapperValve.java:202)
	at org.apache.catalina.core.StandardContextValve.invoke(StandardContextValve.java:97)
	at org.apache.catalina.authenticator.AuthenticatorBase.invoke(AuthenticatorBase.java:542)
	at org.apache.catalina.core.StandardHostValve.invoke(StandardHostValve.java:143)
	at org.apache.catalina.valves.ErrorReportValve.invoke(ErrorReportValve.java:92)
	at org.apache.catalina.core.StandardEngineValve.invoke(StandardEngineValve.java:78)
	at org.apache.catalina.connector.CoyoteAdapter.service(CoyoteAdapter.java:357)
	at org.apache.coyote.http11.Http11Processor.service(Http11Processor.java:374)
	at org.apache.coyote.AbstractProcessorLight.process(AbstractProcessorLight.java:65)
	at org.apache.coyote.AbstractProtocol$ConnectionHandler.process(AbstractProtocol.java:893)
	at org.apache.tomcat.util.net.NioEndpoint$SocketProcessor.doRun(NioEndpoint.java:1707)
	at org.apache.tomcat.util.net.SocketProcessorBase.run(SocketProcessorBase.java:49)
	at java.base/java.util.concurrent.ThreadPoolExecutor.runWorker(ThreadPoolExecutor.java:1144)
	at java.base/java.util.concurrent.ThreadPoolExecutor$Worker.run(ThreadPoolExecutor.java:642)
	at org.apache.tomcat.util.threads.TaskThread$WrappingRunnable.run(TaskThread.java:61)
	at java.base/java.lang.Thread.run(Thread.java:1583)
11:24:07.153 [http-nio-8080-exec-5] [1;31mERROR[0;39m o.a.c.c.C.[.[.[.[dispatcherServlet] - Servlet.service() for servlet [dispatcherServlet] in context with path [] threw exception [Request processing failed; nested exception is org.springframework.web.multipart.MultipartException: Failed to parse multipart servlet request; nested exception is java.io.IOException: org.apache.tomcat.util.http.fileupload.impl.IOFileUploadException: Processing of multipart/form-data request failed. java.io.EOFException: Unexpected EOF read on the socket] with root cause
java.io.EOFException: Unexpected EOF read on the socket
	at org.apache.coyote.http11.Http11InputBuffer.fill(Http11InputBuffer.java:818)
	at org.apache.coyote.http11.Http11InputBuffer.access$300(Http11InputBuffer.java:42)
	at org.apache.coyote.http11.Http11InputBuffer$SocketInputBuffer.doRead(Http11InputBuffer.java:1166)
	at org.apache.coyote.http11.filters.IdentityInputFilter.doRead(IdentityInputFilter.java:102)
	at org.apache.coyote.http11.Http11InputBuffer.doRead(Http11InputBuffer.java:248)
	at org.apache.coyote.Request.doRead(Request.java:640)
	at org.apache.catalina.connector.InputBuffer.realReadBytes(InputBuffer.java:317)
	at org.apache.catalina.connector.InputBuffer.checkByteBufferEof(InputBuffer.java:600)
	at org.apache.catalina.connector.InputBuffer.read(InputBuffer.java:340)
	at org.apache.catalina.connector.CoyoteInputStream.read(CoyoteInputStream.java:132)
	at java.base/java.io.FilterInputStream.read(FilterInputStream.java:119)
	at org.apache.tomcat.util.http.fileupload.util.LimitedInputStream.read(LimitedInputStream.java:132)
	at org.apache.tomcat.util.http.fileupload.MultipartStream$ItemInputStream.makeAvailable(MultipartStream.java:975)
	at org.apache.tomcat.util.http.fileupload.MultipartStream$ItemInputStream.read(MultipartStream.java:879)
	at java.base/java.io.FilterInputStream.read(FilterInputStream.java:119)
	at org.apache.tomcat.util.http.fileupload.util.LimitedInputStream.read(LimitedInputStream.java:132)
	at java.base/java.io.FilterInputStream.read(FilterInputStream.java:95)
	at org.apache.tomcat.util.http.fileupload.util.Streams.copy(Streams.java:98)
	at org.apache.tomcat.util.http.fileupload.FileUploadBase.parseRequest(FileUploadBase.java:291)
	at org.apache.catalina.connector.Request.parseParts(Request.java:2922)
	at org.apache.catalina.connector.Request.getParts(Request.java:2824)
	at org.apache.catalina.connector.RequestFacade.getParts(RequestFacade.java:1098)
	at org.springframework.web.multipart.support.StandardMultipartHttpServletRequest.parseRequest(StandardMultipartHttpServletRequest.java:95)
	at org.springframework.web.multipart.support.StandardMultipartHttpServletRequest.<init>(StandardMultipartHttpServletRequest.java:88)
	at org.springframework.web.multipart.support.StandardServletMultipartResolver.resolveMultipart(StandardServletMultipartResolver.java:87)
	at org.springframework.web.servlet.DispatcherServlet.checkMultipart(DispatcherServlet.java:1201)
	at org.springframework.web.servlet.DispatcherServlet.doDispatch(DispatcherServlet.java:1035)
	at org.springframework.web.servlet.DispatcherServlet.doService(DispatcherServlet.java:963)
	at org.springframework.web.servlet.FrameworkServlet.processRequest(FrameworkServlet.java:1006)
	at org.springframework.web.servlet.FrameworkServlet.doPost(FrameworkServlet.java:909)
	at javax.servlet.http.HttpServlet.service(HttpServlet.java:652)
	at org.springframework.web.servlet.FrameworkServlet.service(FrameworkServlet.java:883)
	at javax.servlet.http.HttpServlet.service(HttpServlet.java:733)
	at org.apache.catalina.core.ApplicationFilterChain.internalDoFilter(ApplicationFilterChain.java:227)
	at org.apache.catalina.core.ApplicationFilterChain.doFilter(ApplicationFilterChain.java:162)
	at org.apache.tomcat.websocket.server.WsFilter.doFilter(WsFilter.java:53)
	at org.apache.catalina.core.ApplicationFilterChain.internalDoFilter(ApplicationFilterChain.java:189)
	at org.apache.catalina.core.ApplicationFilterChain.doFilter(ApplicationFilterChain.java:162)
	at org.springframework.web.filter.RequestContextFilter.doFilterInternal(RequestContextFilter.java:100)
	at org.springframework.web.filter.OncePerRequestFilter.doFilter(OncePerRequestFilter.java:119)
	at org.apache.catalina.core.ApplicationFilterChain.internalDoFilter(ApplicationFilterChain.java:189)
	at org.apache.catalina.core.ApplicationFilterChain.doFilter(ApplicationFilterChain.java:162)
	at org.springframework.web.filter.FormContentFilter.doFilterInternal(FormContentFilter.java:93)
	at org.springframework.web.filter.OncePerRequestFilter.doFilter(OncePerRequestFilter.java:119)
	at org.apache.catalina.core.ApplicationFilterChain.internalDoFilter(ApplicationFilterChain.java:189)
	at org.apache.catalina.core.ApplicationFilterChain.doFilter(ApplicationFilterChain.java:162)
	at org.springframework.web.filter.CharacterEncodingFilter.doFilterInternal(CharacterEncodingFilter.java:201)
	at org.springframework.web.filter.OncePerRequestFilter.doFilter(OncePerRequestFilter.java:119)
	at org.apache.catalina.core.ApplicationFilterChain.internalDoFilter(ApplicationFilterChain.java:189)
	at org.apache.catalina.core.ApplicationFilterChain.doFilter(ApplicationFilterChain.java:162)
	at org.apache.catalina.core.StandardWrapperValve.invoke(StandardWrapperValve.java:202)
	at org.apache.catalina.core.StandardContextValve.invoke(StandardContextValve.java:97)
	at org.apache.catalina.authenticator.AuthenticatorBase.invoke(AuthenticatorBase.java:542)
	at org.apache.catalina.core.StandardHostValve.invoke(StandardHostValve.java:143)
	at org.apache.catalina.valves.ErrorReportValve.invoke(ErrorReportValve.java:92)
	at org.apache.catalina.core.StandardEngineValve.invoke(StandardEngineValve.java:78)
	at org.apache.catalina.connector.CoyoteAdapter.service(CoyoteAdapter.java:357)
	at org.apache.coyote.http11.Http11Processor.service(Http11Processor.java:374)
	at org.apache.coyote.AbstractProcessorLight.process(AbstractProcessorLight.java:65)
	at org.apache.coyote.AbstractProtocol$ConnectionHandler.process(AbstractProtocol.java:893)
	at org.apache.tomcat.util.net.NioEndpoint$SocketProcessor.doRun(NioEndpoint.java:1707)
	at org.apache.tomcat.util.net.SocketProcessorBase.run(SocketProcessorBase.java:49)
	at java.base/java.util.concurrent.ThreadPoolExecutor.runWorker(ThreadPoolExecutor.java:1144)
	at java.base/java.util.concurrent.ThreadPoolExecutor$Worker.run(ThreadPoolExecutor.java:642)
	at org.apache.tomcat.util.threads.TaskThread$WrappingRunnable.run(TaskThread.java:61)
	at java.base/java.lang.Thread.run(Thread.java:1583)
11:35:01.732 [http-nio-8080-exec-10] [34mINFO [0;39m c.e.d.c.f.FilesInfoController - +++message by FilesInfoController, method findAllFilesName+++
11:35:01.732 [http-nio-8080-exec-10] [34mINFO [0;39m c.e.d.c.f.FilesInfoController - UserController: Handling find all users request
11:35:18.792 [http-nio-8080-exec-1] [34mINFO [0;39m c.e.d.c.f.FilesInfoController - +++message by UserController, method deleteUsers+++
11:35:18.792 [http-nio-8080-exec-1] [34mINFO [0;39m c.e.d.c.f.FilesInfoController - UserController: Handling delete user request: FileForUploadDownload.txt
11:35:18.978 [http-nio-8080-exec-2] [34mINFO [0;39m c.e.d.c.f.FilesInfoController - +++message by FilesInfoController, method findAllFilesName+++
11:35:18.978 [http-nio-8080-exec-2] [34mINFO [0;39m c.e.d.c.f.FilesInfoController - UserController: Handling find all users request
11:41:20.923 [http-nio-8080-exec-6] [34mINFO [0;39m c.e.d.c.f.FilesInfoController - +++message by FilesInfoController, method download+++
11:41:20.938 [http-nio-8080-exec-6] [34mINFO [0;39m c.e.d.c.f.FilesInfoController - FilesInfoController: Handling find by fileName: tv (1).png
11:46:13.940 [http-nio-8080-exec-8] [34mINFO [0;39m c.e.d.c.f.FilesInfoController - +++message by FilesInfoController, method download+++
11:46:13.940 [http-nio-8080-exec-8] [34mINFO [0;39m c.e.d.c.f.FilesInfoController - FilesInfoController: Handling find by fileName: tv (1).png
11:50:28.980 [http-nio-8080-exec-1] [34mINFO [0;39m c.e.d.c.f.FilesInfoController - +++message by FilesInfoController, method singleFileUpload+++ file = org.springframework.web.multipart.support.StandardMultipartHttpServletRequest$StandardMultipartFile@35b392f8
11:51:55.053 [http-nio-8080-exec-5] [34mINFO [0;39m c.e.d.c.f.FilesInfoController - +++message by FilesInfoController, method findAllFilesName+++
11:51:55.053 [http-nio-8080-exec-5] [34mINFO [0;39m c.e.d.c.f.FilesInfoController - UserController: Handling find all users request
11:56:01.977 [http-nio-8080-exec-4] [34mINFO [0;39m c.e.d.c.f.FilesInfoController - +++message by FilesInfoController, method singleFileUpload+++ file = org.springframework.web.multipart.support.StandardMultipartHttpServletRequest$StandardMultipartFile@fa8b9cb
11:57:01.224 [http-nio-8080-exec-10] [34mINFO [0;39m c.e.d.c.f.FilesInfoController - +++message by FilesInfoController, method singleFileUpload+++ file = org.springframework.web.multipart.support.StandardMultipartHttpServletRequest$StandardMultipartFile@4c380eee
11:59:32.419 [http-nio-8080-exec-1] [34mINFO [0;39m c.e.d.c.f.FilesInfoController - +++message by FilesInfoController, method singleFileUpload+++ file = org.springframework.web.multipart.support.StandardMultipartHttpServletRequest$StandardMultipartFile@610164ff
12:03:41.663 [http-nio-8080-exec-3] [34mINFO [0;39m c.e.d.c.f.FilesInfoController - +++message by FilesInfoController, method download+++
12:03:41.663 [http-nio-8080-exec-3] [34mINFO [0;39m c.e.d.c.f.FilesInfoController - FilesInfoController: Handling find by fileName: xxx.jpg
12:03:56.984 [http-nio-8080-exec-7] [34mINFO [0;39m c.e.d.c.f.FilesInfoController - +++message by FilesInfoController, method download+++
12:03:56.984 [http-nio-8080-exec-7] [34mINFO [0;39m c.e.d.c.f.FilesInfoController - FilesInfoController: Handling find by fileName: xxx.jpg
12:05:23.716 [http-nio-8080-exec-4] [34mINFO [0;39m c.e.d.c.f.FilesInfoController - +++message by FilesInfoController, method findAllFilesName+++
12:05:23.716 [http-nio-8080-exec-4] [34mINFO [0;39m c.e.d.c.f.FilesInfoController - UserController: Handling find all users request
12:05:23.950 [http-nio-8080-exec-10] [34mINFO [0;39m c.e.d.c.f.FilesInfoController - +++message by FilesInfoController, method download+++
12:05:23.950 [http-nio-8080-exec-10] [34mINFO [0;39m c.e.d.c.f.FilesInfoController - FilesInfoController: Handling find by fileName: xxx.jpg
12:05:24.044 [http-nio-8080-exec-9] [34mINFO [0;39m c.e.d.c.f.FilesInfoController - +++message by FilesInfoController, method singleFileUpload+++ file = org.springframework.web.multipart.support.StandardMultipartHttpServletRequest$StandardMultipartFile@4b0b448c
12:05:24.075 [http-nio-8080-exec-1] [34mINFO [0;39m c.e.d.c.f.FilesInfoController - +++message by FilesInfoController, method singleFileUpload+++ file = org.springframework.web.multipart.support.StandardMultipartHttpServletRequest$StandardMultipartFile@20d3ab45
12:05:24.091 [http-nio-8080-exec-2] [34mINFO [0;39m c.e.d.c.f.FilesInfoController - +++message by FilesInfoController, method download+++
12:05:24.091 [http-nio-8080-exec-2] [34mINFO [0;39m c.e.d.c.f.FilesInfoController - FilesInfoController: Handling find by fileName: FileForUploadDownload.jpg
12:06:39.202 [http-nio-8080-exec-4] [34mINFO [0;39m c.e.d.c.f.FilesInfoController - +++message by FilesInfoController, method findAllFilesName+++
12:06:39.202 [http-nio-8080-exec-4] [34mINFO [0;39m c.e.d.c.f.FilesInfoController - UserController: Handling find all users request
12:06:39.451 [http-nio-8080-exec-10] [34mINFO [0;39m c.e.d.c.f.FilesInfoController - +++message by FilesInfoController, method download+++
12:06:39.451 [http-nio-8080-exec-10] [34mINFO [0;39m c.e.d.c.f.FilesInfoController - FilesInfoController: Handling find by fileName: xxx.jpg
12:06:39.545 [http-nio-8080-exec-9] [34mINFO [0;39m c.e.d.c.f.FilesInfoController - +++message by FilesInfoController, method singleFileUpload+++ file = org.springframework.web.multipart.support.StandardMultipartHttpServletRequest$StandardMultipartFile@e09d389
12:06:39.594 [http-nio-8080-exec-1] [34mINFO [0;39m c.e.d.c.f.FilesInfoController - +++message by FilesInfoController, method singleFileUpload+++ file = org.springframework.web.multipart.support.StandardMultipartHttpServletRequest$StandardMultipartFile@b055f46
12:06:39.625 [http-nio-8080-exec-2] [34mINFO [0;39m c.e.d.c.f.FilesInfoController - +++message by FilesInfoController, method download+++
12:06:39.625 [http-nio-8080-exec-2] [34mINFO [0;39m c.e.d.c.f.FilesInfoController - FilesInfoController: Handling find by fileName: FileForUploadDownload.jpg
12:33:16.382 [http-nio-8080-exec-8] [34mINFO [0;39m c.e.d.c.f.FilesInfoController - +++message by FilesInfoController, method findAllFilesName+++
12:33:16.382 [http-nio-8080-exec-8] [34mINFO [0;39m c.e.d.c.f.FilesInfoController - UserController: Handling find all users request
12:33:49.909 [http-nio-8080-exec-10] [34mINFO [0;39m c.e.d.c.f.FilesInfoController - +++message by FilesInfoController, method download+++
12:33:49.909 [http-nio-8080-exec-10] [34mINFO [0;39m c.e.d.c.f.FilesInfoController - FilesInfoController: Handling find by fileName: FileForUploadDownload.jpg
12:33:58.598 [http-nio-8080-exec-2] [34mINFO [0;39m c.e.d.c.f.FilesInfoController - +++message by FilesInfoController, method findAllFilesName+++
12:33:58.598 [http-nio-8080-exec-2] [34mINFO [0;39m c.e.d.c.f.FilesInfoController - UserController: Handling find all users request
12:34:15.252 [http-nio-8080-exec-7] [34mINFO [0;39m c.e.d.c.f.FilesInfoController - +++message by UserController, method deleteUsers+++
12:34:15.252 [http-nio-8080-exec-7] [34mINFO [0;39m c.e.d.c.f.FilesInfoController - UserController: Handling delete user request: FileForUploadDownload.txt
12:34:15.457 [http-nio-8080-exec-5] [34mINFO [0;39m c.e.d.c.f.FilesInfoController - +++message by FilesInfoController, method findAllFilesName+++
12:34:15.457 [http-nio-8080-exec-5] [34mINFO [0;39m c.e.d.c.f.FilesInfoController - UserController: Handling find all users request
12:34:16.984 [http-nio-8080-exec-6] [34mINFO [0;39m c.e.d.c.f.FilesInfoController - +++message by UserController, method deleteUsers+++
12:34:16.984 [http-nio-8080-exec-6] [34mINFO [0;39m c.e.d.c.f.FilesInfoController - UserController: Handling delete user request: FileForUploadDownload.jpg
12:34:17.210 [http-nio-8080-exec-4] [34mINFO [0;39m c.e.d.c.f.FilesInfoController - +++message by FilesInfoController, method findAllFilesName+++
12:34:17.210 [http-nio-8080-exec-4] [34mINFO [0;39m c.e.d.c.f.FilesInfoController - UserController: Handling find all users request
12:34:27.511 [http-nio-8080-exec-8] [34mINFO [0;39m c.e.d.c.f.FilesInfoController - +++message by FilesInfoController, method download+++
12:34:27.511 [http-nio-8080-exec-8] [34mINFO [0;39m c.e.d.c.f.FilesInfoController - FilesInfoController: Handling find by fileName: FileForUploadDownload.jpg
12:34:38.291 [http-nio-8080-exec-1] [34mINFO [0;39m c.e.d.c.f.FilesInfoController - +++message by FilesInfoController, method findAllFilesName+++
12:34:38.291 [http-nio-8080-exec-1] [34mINFO [0;39m c.e.d.c.f.FilesInfoController - UserController: Handling find all users request
12:35:40.945 [http-nio-8080-exec-5] [34mINFO [0;39m c.e.d.c.f.FilesInfoController - +++message by FilesInfoController, method download+++
12:35:40.945 [http-nio-8080-exec-5] [34mINFO [0;39m c.e.d.c.f.FilesInfoController - FilesInfoController: Handling find by fileName: FileForUploadDownload.jpg
12:36:17.141 [http-nio-8080-exec-6] [34mINFO [0;39m c.e.d.c.f.FilesInfoController - +++message by FilesInfoController, method singleFileUpload+++ file = org.springframework.web.multipart.support.StandardMultipartHttpServletRequest$StandardMultipartFile@2a331777
12:36:22.716 [http-nio-8080-exec-10] [34mINFO [0;39m c.e.d.c.f.FilesInfoController - +++message by FilesInfoController, method findAllFilesName+++
12:36:22.716 [http-nio-8080-exec-10] [34mINFO [0;39m c.e.d.c.f.FilesInfoController - UserController: Handling find all users request
12:36:32.469 [http-nio-8080-exec-9] [34mINFO [0;39m c.e.d.c.f.FilesInfoController - +++message by FilesInfoController, method download+++
12:36:32.469 [http-nio-8080-exec-9] [34mINFO [0;39m c.e.d.c.f.FilesInfoController - FilesInfoController: Handling find by fileName: FileForUploadDownload.jpg
12:36:38.846 [http-nio-8080-exec-7] [34mINFO [0;39m c.e.d.c.f.FilesInfoController - +++message by FilesInfoController, method findAllFilesName+++
12:36:38.846 [http-nio-8080-exec-7] [34mINFO [0;39m c.e.d.c.f.FilesInfoController - UserController: Handling find all users request
12:41:48.938 [http-nio-8080-exec-6] [34mINFO [0;39m c.e.d.c.f.FilesInfoController - +++message by UserController, method deleteUsers+++
12:41:48.938 [http-nio-8080-exec-6] [34mINFO [0;39m c.e.d.c.f.FilesInfoController - UserController: Handling delete user request: FileForUploadDownload.jpg
12:41:56.839 [http-nio-8080-exec-8] [34mINFO [0;39m c.e.d.c.f.FilesInfoController - +++message by UserController, method deleteUsers+++
12:41:56.839 [http-nio-8080-exec-8] [34mINFO [0;39m c.e.d.c.f.FilesInfoController - UserController: Handling delete user request: FileForUploadDownload.jpg
12:42:04.639 [http-nio-8080-exec-9] [34mINFO [0;39m c.e.d.c.f.FilesInfoController - +++message by UserController, method deleteUsers+++
12:42:04.639 [http-nio-8080-exec-9] [34mINFO [0;39m c.e.d.c.f.FilesInfoController - UserController: Handling delete user request: FileForUploadDownload.jpg
12:42:25.248 [http-nio-8080-exec-7] [34mINFO [0;39m c.e.d.c.f.FilesInfoController - +++message by FilesInfoController, method findAllFilesName+++
12:42:25.248 [http-nio-8080-exec-7] [34mINFO [0;39m c.e.d.c.f.FilesInfoController - UserController: Handling find all users request
12:42:27.438 [http-nio-8080-exec-3] [34mINFO [0;39m c.e.d.c.f.FilesInfoController - +++message by FilesInfoController, method findAllFilesName+++
12:42:27.439 [http-nio-8080-exec-3] [34mINFO [0;39m c.e.d.c.f.FilesInfoController - UserController: Handling find all users request
12:42:36.721 [http-nio-8080-exec-6] [34mINFO [0;39m c.e.d.c.f.FilesInfoController - +++message by UserController, method deleteUsers+++
12:42:36.721 [http-nio-8080-exec-6] [34mINFO [0;39m c.e.d.c.f.FilesInfoController - UserController: Handling delete user request: FileForUploadDownload.jpg
12:42:41.207 [http-nio-8080-exec-10] [34mINFO [0;39m c.e.d.c.f.FilesInfoController - +++message by FilesInfoController, method findAllFilesName+++
12:42:41.207 [http-nio-8080-exec-10] [34mINFO [0;39m c.e.d.c.f.FilesInfoController - UserController: Handling find all users request
12:44:13.182 [http-nio-8080-exec-2] [34mINFO [0;39m c.e.d.c.f.FilesInfoController - +++message by UserController, method deleteUsers+++
12:44:13.182 [http-nio-8080-exec-2] [34mINFO [0;39m c.e.d.c.f.FilesInfoController - UserController: Handling delete user request: FileForUpload.jpg
12:44:13.389 [http-nio-8080-exec-7] [34mINFO [0;39m c.e.d.c.f.FilesInfoController - +++message by FilesInfoController, method findAllFilesName+++
12:44:13.389 [http-nio-8080-exec-7] [34mINFO [0;39m c.e.d.c.f.FilesInfoController - UserController: Handling find all users request
12:44:42.517 [http-nio-8080-exec-5] [34mINFO [0;39m c.e.d.c.f.FilesInfoController - +++message by FilesInfoController, method singleFileUpload+++ file = org.springframework.web.multipart.support.StandardMultipartHttpServletRequest$StandardMultipartFile@7c7fd3a
12:44:49.227 [http-nio-8080-exec-4] [34mINFO [0;39m c.e.d.c.f.FilesInfoController - +++message by FilesInfoController, method findAllFilesName+++
12:44:49.227 [http-nio-8080-exec-4] [34mINFO [0;39m c.e.d.c.f.FilesInfoController - UserController: Handling find all users request
12:45:00.923 [http-nio-8080-exec-8] [34mINFO [0;39m c.e.d.c.f.FilesInfoController - +++message by UserController, method deleteUsers+++
12:45:00.923 [http-nio-8080-exec-8] [34mINFO [0;39m c.e.d.c.f.FilesInfoController - UserController: Handling delete user request: FileForUploadDownload.jpg
12:45:07.558 [http-nio-8080-exec-1] [34mINFO [0;39m c.e.d.c.f.FilesInfoController - +++message by FilesInfoController, method findAllFilesName+++
12:45:07.558 [http-nio-8080-exec-1] [34mINFO [0;39m c.e.d.c.f.FilesInfoController - UserController: Handling find all users request
12:45:23.692 [http-nio-8080-exec-2] [34mINFO [0;39m c.e.d.c.f.FilesInfoController - +++message by UserController, method deleteUsers+++
12:45:23.692 [http-nio-8080-exec-2] [34mINFO [0;39m c.e.d.c.f.FilesInfoController - UserController: Handling delete user request: FileForUploadDownload.jpg
12:45:34.171 [http-nio-8080-exec-5] [34mINFO [0;39m c.e.d.c.f.FilesInfoController - +++message by FilesInfoController, method findAllFilesName+++
12:45:34.171 [http-nio-8080-exec-5] [34mINFO [0;39m c.e.d.c.f.FilesInfoController - UserController: Handling find all users request
12:45:34.405 [http-nio-8080-exec-6] [34mINFO [0;39m c.e.d.c.f.FilesInfoController - +++message by FilesInfoController, method download+++
12:45:34.405 [http-nio-8080-exec-6] [34mINFO [0;39m c.e.d.c.f.FilesInfoController - FilesInfoController: Handling find by fileName: xxx.jpg
12:45:34.437 [http-nio-8080-exec-4] [34mINFO [0;39m c.e.d.c.f.FilesInfoController - +++message by UserController, method deleteUsers+++
12:45:34.437 [http-nio-8080-exec-4] [34mINFO [0;39m c.e.d.c.f.FilesInfoController - UserController: Handling delete user request: FileForUploadDownload.jpg
12:45:34.546 [http-nio-8080-exec-8] [34mINFO [0;39m c.e.d.c.f.FilesInfoController - +++message by FilesInfoController, method singleFileUpload+++ file = org.springframework.web.multipart.support.StandardMultipartHttpServletRequest$StandardMultipartFile@18c079ce
12:45:34.561 [http-nio-8080-exec-10] [34mINFO [0;39m c.e.d.c.f.FilesInfoController - +++message by FilesInfoController, method singleFileUpload+++ file = org.springframework.web.multipart.support.StandardMultipartHttpServletRequest$StandardMultipartFile@7c290ab8
12:45:34.593 [http-nio-8080-exec-9] [34mINFO [0;39m c.e.d.c.f.FilesInfoController - +++message by FilesInfoController, method download+++
12:45:34.593 [http-nio-8080-exec-9] [34mINFO [0;39m c.e.d.c.f.FilesInfoController - FilesInfoController: Handling find by fileName: FileForUploadDownload.jpg
12:46:03.198 [http-nio-8080-exec-8] [34mINFO [0;39m c.e.d.c.f.FilesInfoController - +++message by FilesInfoController, method findAllFilesName+++
12:46:03.198 [http-nio-8080-exec-8] [34mINFO [0;39m c.e.d.c.f.FilesInfoController - UserController: Handling find all users request
12:47:23.884 [http-nio-8080-exec-1] [34mINFO [0;39m c.e.d.c.f.FilesInfoController - +++message by FilesInfoController, method findAllFilesName+++
12:47:23.884 [http-nio-8080-exec-1] [34mINFO [0;39m c.e.d.c.f.FilesInfoController - UserController: Handling find all users request
12:47:24.102 [http-nio-8080-exec-5] [34mINFO [0;39m c.e.d.c.f.FilesInfoController - +++message by FilesInfoController, method download+++
12:47:24.102 [http-nio-8080-exec-5] [34mINFO [0;39m c.e.d.c.f.FilesInfoController - FilesInfoController: Handling find by fileName: xxx.jpg
12:47:24.136 [http-nio-8080-exec-3] [34mINFO [0;39m c.e.d.c.f.FilesInfoController - +++message by UserController, method deleteUsers+++
12:47:24.136 [http-nio-8080-exec-3] [34mINFO [0;39m c.e.d.c.f.FilesInfoController - UserController: Handling delete user request: FileForUploadDownload.jpg
12:47:24.229 [http-nio-8080-exec-7] [34mINFO [0;39m c.e.d.c.f.FilesInfoController - +++message by FilesInfoController, method singleFileUpload+++ file = org.springframework.web.multipart.support.StandardMultipartHttpServletRequest$StandardMultipartFile@24454bd9
12:47:24.260 [http-nio-8080-exec-6] [34mINFO [0;39m c.e.d.c.f.FilesInfoController - +++message by FilesInfoController, method singleFileUpload+++ file = org.springframework.web.multipart.support.StandardMultipartHttpServletRequest$StandardMultipartFile@55fec2e7
12:47:24.292 [http-nio-8080-exec-4] [34mINFO [0;39m c.e.d.c.f.FilesInfoController - +++message by FilesInfoController, method download+++
12:47:24.292 [http-nio-8080-exec-4] [34mINFO [0;39m c.e.d.c.f.FilesInfoController - FilesInfoController: Handling find by fileName: FileForUploadDownload.jpg
12:47:32.543 [http-nio-8080-exec-3] [34mINFO [0;39m c.e.d.c.f.FilesInfoController - +++message by FilesInfoController, method findAllFilesName+++
12:47:32.543 [http-nio-8080-exec-3] [34mINFO [0;39m c.e.d.c.f.FilesInfoController - UserController: Handling find all users request
12:49:52.404 [http-nio-8080-exec-9] [34mINFO [0;39m c.e.d.c.f.FilesInfoController - +++message by FilesInfoController, method findAllFilesName+++
12:49:52.405 [http-nio-8080-exec-9] [34mINFO [0;39m c.e.d.c.f.FilesInfoController - UserController: Handling find all users request
12:50:04.263 [http-nio-8080-exec-1] [34mINFO [0;39m c.e.d.c.f.FilesInfoController - +++message by UserController, method deleteUsers+++
12:50:04.263 [http-nio-8080-exec-1] [34mINFO [0;39m c.e.d.c.f.FilesInfoController - UserController: Handling delete user request: FileForUploadDownload.jpg
12:50:22.072 [http-nio-8080-exec-10] [34mINFO [0;39m c.e.d.c.f.FilesInfoController - +++message by FilesInfoController, method findAllFilesName+++
12:50:22.072 [http-nio-8080-exec-10] [34mINFO [0;39m c.e.d.c.f.FilesInfoController - UserController: Handling find all users request
12:50:32.490 [http-nio-8080-exec-5] [34mINFO [0;39m c.e.d.c.f.FilesInfoController - +++message by FilesInfoController, method singleFileUpload+++ file = org.springframework.web.multipart.support.StandardMultipartHttpServletRequest$StandardMultipartFile@2482078a
12:50:32.648 [http-nio-8080-exec-7] [34mINFO [0;39m c.e.d.c.f.FilesInfoController - +++message by FilesInfoController, method download+++
12:50:32.648 [http-nio-8080-exec-7] [34mINFO [0;39m c.e.d.c.f.FilesInfoController - FilesInfoController: Handling find by fileName: FileForUploadDownload.jpg
12:50:32.741 [http-nio-8080-exec-6] [34mINFO [0;39m c.e.d.c.f.FilesInfoController - +++message by UserController, method deleteUsers+++
12:50:32.741 [http-nio-8080-exec-6] [34mINFO [0;39m c.e.d.c.f.FilesInfoController - UserController: Handling delete user request: FileForUploadDownload.jpg
12:50:32.772 [http-nio-8080-exec-4] [34mINFO [0;39m c.e.d.c.f.FilesInfoController - +++message by FilesInfoController, method findAllFilesName+++
12:50:32.772 [http-nio-8080-exec-4] [34mINFO [0;39m c.e.d.c.f.FilesInfoController - UserController: Handling find all users request
12:50:32.882 [http-nio-8080-exec-9] [34mINFO [0;39m c.e.d.c.f.FilesInfoController - +++message by FilesInfoController, method download+++
12:50:32.882 [http-nio-8080-exec-9] [34mINFO [0;39m c.e.d.c.f.FilesInfoController - FilesInfoController: Handling find by fileName: xxx.jpg
12:50:32.897 [http-nio-8080-exec-1] [34mINFO [0;39m c.e.d.c.f.FilesInfoController - +++message by FilesInfoController, method singleFileUpload+++ file = org.springframework.web.multipart.support.StandardMultipartHttpServletRequest$StandardMultipartFile@4cbf699d
12:50:40.501 [http-nio-8080-exec-6] [34mINFO [0;39m c.e.d.c.f.FilesInfoController - +++message by FilesInfoController, method findAllFilesName+++
12:50:40.501 [http-nio-8080-exec-6] [34mINFO [0;39m c.e.d.c.f.FilesInfoController - UserController: Handling find all users request
16:42:13.585 [background-preinit]   [34mINFO [0;39m o.h.validator.internal.util.Version - HV000001: Hibernate Validator 6.2.0.Final
16:42:13.585 [main]                 [34mINFO [0;39m com.example.demo2.Application - Starting Application using Java 21.0.1 on My-PC with PID 1600 (D:\Java\Project IDEA\SiteForTest\target\classes started by Макс in D:\Java\Project IDEA\SiteForTest)
16:42:13.632 [main]                 [34mINFO [0;39m com.example.demo2.Application - No active profile set, falling back to default profiles: default
16:42:14.412 [main]                 [34mINFO [0;39m o.s.d.r.c.RepositoryConfigurationDelegate - Bootstrapping Spring Data JPA repositories in DEFAULT mode.
16:42:14.474 [main]                 [34mINFO [0;39m o.s.d.r.c.RepositoryConfigurationDelegate - Finished Spring Data repository scanning in 55 ms. Found 4 JPA repository interfaces.
16:42:15.114 [main]                 [34mINFO [0;39m o.s.b.w.e.tomcat.TomcatWebServer - Tomcat initialized with port(s): 8080 (http)
16:42:15.129 [main]                 [34mINFO [0;39m o.a.coyote.http11.Http11NioProtocol - Initializing ProtocolHandler ["http-nio-8080"]
16:42:15.129 [main]                 [34mINFO [0;39m o.a.catalina.core.StandardService - Starting service [Tomcat]
16:42:15.129 [main]                 [34mINFO [0;39m o.a.catalina.core.StandardEngine - Starting Servlet engine: [Apache Tomcat/9.0.46]
16:42:15.223 [main]                 [34mINFO [0;39m o.a.c.c.C.[Tomcat].[localhost].[/] - Initializing Spring embedded WebApplicationContext
16:42:15.223 [main]                 [34mINFO [0;39m o.s.b.w.s.c.ServletWebServerApplicationContext - Root WebApplicationContext: initialization completed in 1529 ms
16:42:15.379 [main]                 [34mINFO [0;39m com.zaxxer.hikari.HikariDataSource - HikariPool-1 - Starting...
16:42:15.847 [main]                 [34mINFO [0;39m com.zaxxer.hikari.HikariDataSource - HikariPool-1 - Start completed.
16:42:15.894 [main]                 [34mINFO [0;39m o.h.jpa.internal.util.LogHelper - HHH000204: Processing PersistenceUnitInfo [name: default]
16:42:15.956 [main]                 [34mINFO [0;39m org.hibernate.Version - HHH000412: Hibernate ORM core version 5.4.31.Final
16:42:16.143 [main]                 [34mINFO [0;39m o.h.annotations.common.Version - HCANN000001: Hibernate Commons Annotations {5.1.2.Final}
16:42:16.253 [main]                 [34mINFO [0;39m org.hibernate.dialect.Dialect - HHH000400: Using dialect: org.hibernate.dialect.MySQL5Dialect
16:42:16.970 [main]                 [34mINFO [0;39m o.h.e.t.j.p.i.JtaPlatformInitiator - HHH000490: Using JtaPlatform implementation: [org.hibernate.engine.transaction.jta.platform.internal.NoJtaPlatform]
16:42:16.986 [main]                 [34mINFO [0;39m o.s.o.j.LocalContainerEntityManagerFactoryBean - Initialized JPA EntityManagerFactory for persistence unit 'default'
16:42:17.547 [main]                 [31mWARN [0;39m o.s.b.a.o.j.JpaBaseConfiguration$JpaWebConfiguration - spring.jpa.open-in-view is enabled by default. Therefore, database queries may be performed during view rendering. Explicitly configure spring.jpa.open-in-view to disable this warning
16:42:17.735 [main]                 [34mINFO [0;39m o.s.b.a.w.s.WelcomePageHandlerMapping - Adding welcome page template: index
16:42:17.891 [main]                 [34mINFO [0;39m o.a.coyote.http11.Http11NioProtocol - Starting ProtocolHandler ["http-nio-8080"]
16:42:17.922 [main]                 [34mINFO [0;39m o.s.b.w.e.tomcat.TomcatWebServer - Tomcat started on port(s): 8080 (http) with context path ''
16:42:17.937 [main]                 [34mINFO [0;39m com.example.demo2.Application - Started Application in 4.997 seconds (JVM running for 5.637)
16:42:17.937 [main]                 [34mINFO [0;39m o.s.b.a.ApplicationAvailabilityBean - Application availability state LivenessState changed to CORRECT
16:42:17.937 [main]                 [34mINFO [0;39m o.s.b.a.ApplicationAvailabilityBean - Application availability state ReadinessState changed to ACCEPTING_TRAFFIC
16:49:37.975 [http-nio-8080-exec-1] [34mINFO [0;39m o.a.c.c.C.[Tomcat].[localhost].[/] - Initializing Spring DispatcherServlet 'dispatcherServlet'
16:49:37.975 [http-nio-8080-exec-1] [34mINFO [0;39m o.s.web.servlet.DispatcherServlet - Initializing Servlet 'dispatcherServlet'
16:49:37.977 [http-nio-8080-exec-1] [34mINFO [0;39m o.s.web.servlet.DispatcherServlet - Completed initialization in 1 ms
17:21:59.610 [http-nio-8080-exec-4] [34mINFO [0;39m c.e.d.filter.FilterForSomeTemplates - Filter 2 for templates - /users/delete and /users/findAll. URI : /users/findAll, User Name : null
17:21:59.612 [http-nio-8080-exec-4] [34mINFO [0;39m c.e.d.c.users.UsersController - +++message by UserController, method findAllUsers+++
17:21:59.612 [http-nio-8080-exec-4] [34mINFO [0;39m c.e.d.c.users.UsersController - UserController: Handling find all users request
17:22:24.391 [http-nio-8080-exec-6] [34mINFO [0;39m c.e.d.filter.FilterForSomeTemplates - Filter 2 for templates - /users/delete and /users/findAll. URI : /users/findAll, User Name : null
17:22:24.392 [http-nio-8080-exec-6] [34mINFO [0;39m c.e.d.c.users.UsersController - +++message by UserController, method findAllUsers+++
17:22:24.392 [http-nio-8080-exec-6] [34mINFO [0;39m c.e.d.c.users.UsersController - UserController: Handling find all users request
17:36:14.246 [http-nio-8080-exec-8] [34mINFO [0;39m c.e.d.filter.FilterForSomeTemplates - Filter 2 for templates - /users/delete and /users/findAll. URI : /users/findAll, User Name : null
17:36:14.246 [http-nio-8080-exec-8] [34mINFO [0;39m c.e.d.c.users.UsersController - +++message by UserController, method findAllUsers+++
17:36:14.246 [http-nio-8080-exec-8] [34mINFO [0;39m c.e.d.c.users.UsersController - UserController: Handling find all users request
